2024-07-09 19:43:20.556 [info] Added views:workbench.panel.markers.view in workbench.panel.markers
2024-07-09 19:43:20.556 [info] Added views:workbench.panel.output in workbench.panel.output
2024-07-09 19:43:20.556 [info] Added views:terminal in terminal
2024-07-09 19:43:20.556 [info] Added views:outline in workbench.view.explorer
2024-07-09 19:43:20.556 [info] Added views:workbench.scm in workbench.view.scm
2024-07-09 19:43:20.556 [info] Added views:workbench.view.search in workbench.view.search
2024-07-09 19:43:20.556 [info] Added views:timeline in workbench.view.explorer
2024-07-09 19:43:20.556 [info] Added views:workbench.explorer.fileView in workbench.view.explorer
2024-07-09 19:43:20.887 [info] Added views:workbench.debug.welcome in workbench.view.debug
2024-07-09 19:43:21.534 [info] Added views:codeium.chatPanelView in workbench.view.extension.codeium
2024-07-09 19:43:21.534 [info] Added views:registers in workbench.view.extension.dance
2024-07-09 19:43:21.728 [info] Added views:workbench.panel.repl.view in workbench.panel.repl
2024-07-09 19:43:22.814 [info] Added views:~remote.forwardedPorts in ~remote.forwardedPortsContainer
2024-07-09 19:43:25.132 [info] Added views:workbench.panel.comments in workbench.panel.comments
2024-07-09 19:43:48.568 [info] Added views:workbench.views.extensions.installed,workbench.views.extensions.popular,extensions.recommendedList in workbench.view.extensions
2024-07-09 19:43:48.580 [info] Removed views:workbench.views.extensions.popular from workbench.view.extensions
2024-07-09 19:49:48.102 [info] Removed views:extensions.recommendedList,workbench.views.extensions.installed from workbench.view.extensions
2024-07-09 19:49:48.138 [info] Added views:workbench.views.extensions.marketplace in workbench.view.extensions
2024-07-09 19:50:01.139 [info] Removed views:workbench.views.extensions.marketplace from workbench.view.extensions
2024-07-09 19:50:01.151 [info] Added views:workbench.views.extensions.installed,extensions.recommendedList in workbench.view.extensions
2024-07-09 19:59:49.217 [info] Removed views:extensions.recommendedList,workbench.views.extensions.installed from workbench.view.extensions
2024-07-09 19:59:49.258 [info] Added views:workbench.views.extensions.marketplace in workbench.view.extensions
2024-07-09 20:01:21.760 [info] Removed views:workbench.views.extensions.marketplace from workbench.view.extensions
2024-07-09 20:01:21.792 [info] Added views:workbench.views.extensions.installed,extensions.recommendedList in workbench.view.extensions
2024-07-09 20:02:20.793 [info] Removed views:workbench.panel.repl.view from workbench.panel.repl
2024-07-09 20:02:20.936 [info] Added views:workbench.panel.repl.view in workbench.panel.repl
