2024-07-04 17:22:59.991 [info] Started local extension host with pid 37127.
2024-07-04 17:23:03.227 [info] [perf] Render performance baseline is 193ms
2024-07-04 17:23:06.898 [error] Cannot read properties of undefined (reading 'codeLenses'): TypeError: Cannot read properties of undefined (reading 'codeLenses')
	at /home/zukkini/.vscode-oss/extensions/codeium.codeium-1.8.73-universal/dist/extension.js:2:879916
	at Array.map (<anonymous>)
	at N (/home/zukkini/.vscode-oss/extensions/codeium.codeium-1.8.73-universal/dist/extension.js:2:879890)
	at e.<anonymous> (/home/zukkini/.vscode-oss/extensions/codeium.codeium-1.8.73-universal/dist/extension.js:2:884569)
	at f (/home/zukkini/.vscode-oss/extensions/codeium.codeium-1.8.73-universal/dist/extension.js:2:870652)
	at Generator.<anonymous> (/home/zukkini/.vscode-oss/extensions/codeium.codeium-1.8.73-universal/dist/extension.js:2:871994)
	at Generator.next (/home/zukkini/.vscode-oss/extensions/codeium.codeium-1.8.73-universal/dist/extension.js:2:871081)
	at s (/home/zukkini/.vscode-oss/extensions/codeium.codeium-1.8.73-universal/dist/extension.js:2:877208)
	at a (/home/zukkini/.vscode-oss/extensions/codeium.codeium-1.8.73-universal/dist/extension.js:2:877411)
2024-07-04 17:40:18.909 [error] [Extension Host] FetchError: Unleash Repository error: network timeout at: https://unleash.codeium.com/api/client/features
	at Timeout.<anonymous> (/home/zukkini/.vscode-oss/extensions/codeium.codeium-1.8.73-universal/dist/extension.js:2:2134904)
	at listOnTimeout (node:internal/timers:573:17)
	at process.processTimers (node:internal/timers:514:7)
2024-07-04 17:41:28.012 [error] [Extension Host] FetchError: Unleash Repository error: network timeout at: https://unleash.codeium.com/api/client/features
	at Timeout.<anonymous> (/home/zukkini/.vscode-oss/extensions/codeium.codeium-1.8.73-universal/dist/extension.js:2:2134904)
	at listOnTimeout (node:internal/timers:573:17)
	at process.processTimers (node:internal/timers:514:7)
