2024-07-04 17:22:59.675 [info] Added views:workbench.panel.markers.view in workbench.panel.markers
2024-07-04 17:22:59.675 [info] Added views:workbench.panel.output in workbench.panel.output
2024-07-04 17:22:59.675 [info] Added views:terminal in terminal
2024-07-04 17:22:59.675 [info] Added views:outline in workbench.view.explorer
2024-07-04 17:22:59.675 [info] Added views:workbench.scm in workbench.view.scm
2024-07-04 17:22:59.675 [info] Added views:workbench.view.search in workbench.view.search
2024-07-04 17:22:59.675 [info] Added views:timeline in workbench.view.explorer
2024-07-04 17:22:59.675 [info] Added views:workbench.explorer.fileView in workbench.view.explorer
2024-07-04 17:22:59.985 [info] Added views:workbench.debug.welcome in workbench.view.debug
2024-07-04 17:23:00.208 [info] Added views:codeium.chatPanelView in workbench.view.extension.codeium
2024-07-04 17:23:00.209 [info] Added views:registers in workbench.view.extension.dance
2024-07-04 17:23:00.566 [info] Added views:workbench.panel.repl.view in workbench.panel.repl
2024-07-04 17:23:02.163 [info] Added views:~remote.forwardedPorts in ~remote.forwardedPortsContainer
2024-07-04 17:23:03.327 [info] Added views:workbench.panel.comments in workbench.panel.comments
2024-07-04 17:24:41.359 [info] Added views:workbench.views.extensions.installed,workbench.views.extensions.popular,extensions.recommendedList in workbench.view.extensions
2024-07-04 17:24:41.363 [info] Removed views:workbench.views.extensions.popular from workbench.view.extensions
2024-07-04 17:27:30.481 [info] Added views:workbench.debug.breakPointsView in workbench.view.debug
2024-07-04 17:44:59.520 [info] Removed views:extensions.recommendedList,workbench.views.extensions.installed from workbench.view.extensions
2024-07-04 17:44:59.537 [info] Added views:workbench.views.extensions.marketplace in workbench.view.extensions
2024-07-04 17:59:46.709 [info] Removed views:workbench.views.extensions.marketplace from workbench.view.extensions
2024-07-04 17:59:46.745 [info] Added views:workbench.views.extensions.installed,extensions.recommendedList in workbench.view.extensions
