2024-07-09 20:02:48.292 [info] Log level: Info
2024-07-09 20:02:48.292 [info] Validating found git in: "git"
2024-07-09 20:02:48.292 [info] Using git "2.45.2" from "git"
2024-07-09 20:02:48.292 [info] > git rev-parse --show-toplevel [7ms]
2024-07-09 20:02:48.292 [info] fatal: not a git repository (or any of the parent directories): .git
2024-07-09 20:02:48.292 [info] > git rev-parse --show-toplevel [5ms]
2024-07-09 20:02:48.292 [info] fatal: not a git repository (or any of the parent directories): .git
2024-07-09 20:02:48.300 [info] > git rev-parse --show-toplevel [3ms]
2024-07-09 20:02:48.300 [info] fatal: not a git repository (or any of the parent directories): .git
2024-07-09 20:02:48.309 [info] > git rev-parse --show-toplevel [4ms]
2024-07-09 20:02:48.309 [info] fatal: not a git repository (or any of the parent directories): .git
2024-07-09 20:02:48.594 [info] > git rev-parse --show-toplevel [279ms]
2024-07-09 20:02:48.594 [info] fatal: not a git repository (or any of the parent directories): .git
2024-07-09 20:02:48.646 [info] > git rev-parse --show-toplevel [19ms]
2024-07-09 20:02:48.646 [info] fatal: not a git repository (or any of the parent directories): .git
2024-07-09 20:02:48.660 [info] > git rev-parse --show-toplevel [6ms]
2024-07-09 20:02:48.660 [info] fatal: not a git repository (or any of the parent directories): .git
2024-07-09 20:02:48.681 [info] > git rev-parse --show-toplevel [12ms]
2024-07-09 20:02:48.681 [info] fatal: not a git repository (or any of the parent directories): .git
2024-07-09 20:02:48.694 [info] > git rev-parse --show-toplevel [5ms]
2024-07-09 20:02:48.694 [info] fatal: not a git repository (or any of the parent directories): .git
2024-07-09 20:02:48.734 [info] > git rev-parse --show-toplevel [33ms]
2024-07-09 20:02:48.734 [info] fatal: not a git repository (or any of the parent directories): .git
2024-07-09 20:02:48.745 [info] > git rev-parse --show-toplevel [3ms]
2024-07-09 20:02:48.745 [info] fatal: not a git repository (or any of the parent directories): .git
2024-07-09 20:02:48.752 [info] > git rev-parse --show-toplevel [2ms]
2024-07-09 20:02:48.752 [info] fatal: not a git repository (or any of the parent directories): .git
2024-07-09 20:02:48.763 [info] > git rev-parse --show-toplevel [1ms]
2024-07-09 20:02:48.763 [info] fatal: not a git repository (or any of the parent directories): .git
2024-07-09 20:02:48.769 [info] > git rev-parse --show-toplevel [1ms]
2024-07-09 20:02:48.769 [info] fatal: not a git repository (or any of the parent directories): .git
2024-07-09 20:02:48.921 [info] > git rev-parse --show-toplevel [3ms]
2024-07-09 20:02:48.921 [info] fatal: not a git repository (or any of the parent directories): .git
2024-07-09 20:04:51.782 [info] > git rev-parse --show-toplevel [2ms]
2024-07-09 20:04:51.782 [info] fatal: not a git repository (or any of the parent directories): .git
2024-07-09 20:05:05.859 [info] > git rev-parse --show-toplevel [4ms]
2024-07-09 20:05:05.859 [info] fatal: not a git repository (or any of the parent directories): .git
2024-07-09 20:05:25.337 [info] > git rev-parse --show-toplevel [10ms]
2024-07-09 20:05:25.338 [info] fatal: not a git repository (or any of the parent directories): .git
2024-07-09 20:06:02.607 [info] > git rev-parse --show-toplevel [12ms]
2024-07-09 20:06:02.607 [info] fatal: not a git repository (or any of the parent directories): .git
2024-07-09 20:06:40.379 [info] > git rev-parse --show-toplevel [8ms]
2024-07-09 20:06:40.379 [info] fatal: not a git repository (or any of the parent directories): .git
