2024-07-04 15:13:53.953 [info] Added views:workbench.panel.markers.view in workbench.panel.markers
2024-07-04 15:13:53.954 [info] Added views:workbench.panel.output in workbench.panel.output
2024-07-04 15:13:53.954 [info] Added views:terminal in terminal
2024-07-04 15:13:53.954 [info] Added views:outline in workbench.view.explorer
2024-07-04 15:13:53.954 [info] Added views:workbench.scm in workbench.view.scm
2024-07-04 15:13:53.954 [info] Added views:workbench.view.search in workbench.view.search
2024-07-04 15:13:53.954 [info] Added views:timeline in workbench.view.explorer
2024-07-04 15:13:53.954 [info] Added views:workbench.explorer.fileView in workbench.view.explorer
2024-07-04 15:13:54.258 [info] Added views:codeium.chatPanelView in workbench.view.extension.codeium
2024-07-04 15:13:54.259 [info] Added views:registers in workbench.view.extension.dance
2024-07-04 15:13:54.627 [info] Added views:workbench.debug.welcome in workbench.view.debug
2024-07-04 15:13:54.802 [info] Added views:workbench.panel.repl.view in workbench.panel.repl
2024-07-04 15:13:55.890 [info] Added views:~remote.forwardedPorts in ~remote.forwardedPortsContainer
2024-07-04 15:13:57.317 [info] Added views:workbench.panel.comments in workbench.panel.comments
2024-07-04 15:40:16.607 [info] Added views:workbench.views.extensions.installed,workbench.views.extensions.popular,extensions.recommendedList in workbench.view.extensions
2024-07-04 15:40:16.622 [info] Removed views:workbench.views.extensions.popular from workbench.view.extensions
2024-07-04 15:40:18.730 [info] Removed views:extensions.recommendedList,workbench.views.extensions.installed from workbench.view.extensions
2024-07-04 15:40:18.754 [info] Added views:workbench.views.extensions.marketplace in workbench.view.extensions
2024-07-04 16:53:51.866 [info] Removed views:workbench.views.extensions.marketplace from workbench.view.extensions
2024-07-04 16:53:51.898 [info] Added views:workbench.views.extensions.installed,extensions.recommendedList in workbench.view.extensions
2024-07-04 16:54:16.486 [info] Removed views:workbench.panel.repl.view from workbench.panel.repl
2024-07-04 16:54:16.625 [info] Added views:workbench.panel.repl.view in workbench.panel.repl
2024-07-04 16:57:22.117 [info] Removed views:extensions.recommendedList,workbench.views.extensions.installed from workbench.view.extensions
2024-07-04 16:57:22.157 [info] Added views:workbench.views.extensions.marketplace in workbench.view.extensions
