(VSCode) 2024-07-04 17:23:01.836 [INFO]: No proxy settings found
(VSCode) 2024-07-04 17:23:03.193 [INFO]: Creating manager directory: /tmp/ed46016a-6a75-46a4-84db-b515fe88ac81/codeium/manager
(VSCode) 2024-07-04 17:23:03.842 [INFO]: Using cached LS with valid crc32: /home/zukkini/.vscode-oss/extensions/codeium.codeium-1.8.73-universal/dist/6cdf138621c60b5ad2a4202883779040e4f63a40/language_server_linux_x64
(VSCode) 2024-07-04 17:23:03.849 [INFO]: Language server started
I0704 17:23:04.020774 37222 main.go:605] Starting language server manager with pid 37222
I0704 17:23:04.020921 37222 main.go:112] Manager acquired its lock file /tmp/ed46016a-6a75-46a4-84db-b515fe88ac81/codeium/manager/locks/manager.lock
I0704 17:23:04.021537 37222 main.go:250] Waiting for random port file in /tmp/ed46016a-6a75-46a4-84db-b515fe88ac81/codeium/manager/child_random_port_1720102984021026842_3077022023327475694 to be created
I0704 17:23:04.189247 37234 main.go:599] Starting language server process with pid 37234
I0704 17:23:04.189321 37234 server.go:156] Language server will attempt to listen on host 127.0.0.1
I0704 17:23:04.189456 37234 server.go:163] Language server listening on random port at 38391
I0704 17:23:04.189527 37234 proxy.go:113] proxyplease.proxy> No proxy provided. Attempting to infer from system.
I0704 17:23:04.189546 37234 proxy.go:113] proxyplease.proxy> No proxy could be determined. Assuming a direct connection.
I0704 17:23:04.189573 37234 client.go:589] [DEBUG] GET https://server.codeium.com/exa.api_server_pb.ApiServerService/GetCompletions
I0704 17:23:04.678515 37234 unleash.go:90] Initializing Unleash
I0704 17:23:05.117232 37234 unleash.go:110] Successfully initialized Unleash
E0704 17:23:05.132853 37234 client_manager.go:270] Metadata is nil when trying to refresh user JWT
I0704 17:23:05.569707 37234 server.go:355] Successfully created API server client
I0704 17:23:05.611206 37234 server.go:364] Successfully initialized tokenizer
I0704 17:23:05.771570 37234 server.go:473] Local search is enabled, will index local files.
I0704 17:23:05.771628 37234 server.go:477] Using 3 indexer workers
I0704 17:23:05.771691 37234 search_provider.go:201] Using database at /home/zukkini/.codeium/database/9c0694567290725d9dcba14ade58e297/2/MODEL_EMBED_6591
I0704 17:23:05.778307 37234 search_provider.go:215] Successfully created embedding search database in 6ms
I0704 17:23:05.778711 37234 indexer.go:225] Using 12 embed workers
I0704 17:23:05.778794 37234 search_provider.go:240] Successfully created and started indexer
I0704 17:23:05.778831 37234 search_provider.go:266] Successfully created embedding search provider
I0704 17:23:05.778851 37234 server.go:516] Successfully created exact search provider
I0704 17:23:05.791623 37234 server.go:546] Successfully created completion provider
I0704 17:23:05.791821 37234 server.go:595] Child process attempting to acquire lock file /tmp/ed46016a-6a75-46a4-84db-b515fe88ac81/codeium/manager/locks/child_lock_1720102984021084860_6240540603912265689
I0704 17:23:05.791885 37234 server.go:603] Child process acquired lock file /tmp/ed46016a-6a75-46a4-84db-b515fe88ac81/codeium/manager/locks/child_lock_1720102984021084860_6240540603912265689
I0704 17:23:05.797545 37234 server.go:183] LSP listening on random port at 41693
I0704 17:23:05.798088 37234 web_server.go:239] Chat Web Server listening at ws://127.0.0.1:40765
41693
I0704 17:23:05.829576 37222 main.go:286] Language server manager found random server port 38391
I0704 17:23:05.829624 37222 main.go:287] Language server manager found random lsp port 41693
I0704 17:23:05.829655 37222 main.go:294] Language server manager attempting to connect to language server at 127.0.0.1:38391
I0704 17:23:05.865254 37222 main.go:165] Fixing language server port at 38391
I0704 17:23:05.865299 37222 main.go:345] Language server manager successfully connected to new language server at 127.0.0.1:38391
(VSCode) 2024-07-04 17:23:05.866 [INFO]: Found language server running on port 38391
(VSCode) 2024-07-04 17:23:05.873 [INFO]: Downloaded binary: /home/zukkini/.codeium/bin/af6b6c543b224d348a8876f0c06245d9ea7929c5/ripgrep_linux_x64
I0704 17:23:05.882912 37234 rpcs_miscellaneous.go:118] Ripgrep available at /home/zukkini/.codeium/bin/af6b6c543b224d348a8876f0c06245d9ea7929c5/ripgrep_linux_x64
I0704 17:23:06.122025 37234 utils.go:182] Analyzing workspace files for /home/zukkini/train/sprout-scribble/
I0704 17:23:06.122394 37234 utils.go:242] Done analyzing workspace files for /home/zukkini/train/sprout-scribble/
I0704 17:23:06.122410 37234 lsp.go:208] Found 10 files in workspace /home/zukkini/train/sprout-scribble/
I0704 17:23:06.122530 37234 lsp.go:232] Adding workspace listener for [0xc00034cd20]
I0704 17:23:06.122552 37234 indexing_listener.go:195] Add workspace event with uid 1 for workspace /home/zukkini/train/sprout-scribble/
I0704 17:23:06.126311 37234 lazy_model.go:29] Successfully created faiss index
I0704 17:23:06.129015 37234 indexing_listener.go:235] Done enqueue workspace with uid 1
I0704 17:23:06.302426 37234 rpcs_miscellaneous.go:312] University version is up to date.
(VSCode) 2024-07-04 17:23:06.896 [ERROR]: Cannot read properties of undefined (reading 'codeLenses')
(VSCode) 2024-07-04 17:23:07.268 [INFO]: Skipping completions because autocomplete is open
(VSCode) 2024-07-04 17:23:07.767 [INFO]: Skipping completions because autocomplete is open
(VSCode) 2024-07-04 17:23:08.131 [INFO]: Skipping completions because autocomplete is open
(VSCode) 2024-07-04 17:23:08.558 [INFO]: Skipping completions because autocomplete is open
(VSCode) 2024-07-04 17:23:08.758 [INFO]: Skipping completions because autocomplete is open
(VSCode) 2024-07-04 17:23:09.381 [INFO]: Skipping completions because autocomplete is open
(VSCode) 2024-07-04 17:23:09.813 [INFO]: Skipping completions because autocomplete is open
(VSCode) 2024-07-04 17:23:10.454 [INFO]: Skipping completions because autocomplete is open
(VSCode) 2024-07-04 17:23:10.686 [INFO]: Skipping completions because autocomplete is open
(VSCode) 2024-07-04 17:23:10.957 [INFO]: Skipping completions because autocomplete is open
(VSCode) 2024-07-04 17:23:11.189 [INFO]: Skipping completions because autocomplete is open
(VSCode) 2024-07-04 17:23:11.833 [INFO]: Skipping completions because autocomplete is open
(VSCode) 2024-07-04 17:23:12.035 [INFO]: Skipping completions because autocomplete is open
(VSCode) 2024-07-04 17:23:12.564 [INFO]: Skipping completions because autocomplete is open
(VSCode) 2024-07-04 17:23:12.797 [INFO]: Skipping completions because autocomplete is open
(VSCode) 2024-07-04 17:23:13.130 [INFO]: Skipping completions because autocomplete is open
(VSCode) 2024-07-04 17:23:13.596 [INFO]: Skipping completions because autocomplete is open
(VSCode) 2024-07-04 17:23:14.123 [INFO]: Skipping completions because autocomplete is open
(VSCode) 2024-07-04 17:23:14.630 [INFO]: Skipping completions because autocomplete is open
(VSCode) 2024-07-04 17:23:15.093 [INFO]: Skipping completions because autocomplete is open
(VSCode) 2024-07-04 17:23:15.589 [INFO]: Skipping completions because autocomplete is open
(VSCode) 2024-07-04 17:23:15.820 [INFO]: Skipping completions because autocomplete is open
(VSCode) 2024-07-04 17:23:16.067 [INFO]: Skipping completions because autocomplete is open
(VSCode) 2024-07-04 17:23:16.665 [INFO]: Skipping completions because autocomplete is open
(VSCode) 2024-07-04 17:23:16.922 [INFO]: Skipping completions because autocomplete is open
(VSCode) 2024-07-04 17:23:17.403 [INFO]: Skipping completions because autocomplete is open
(VSCode) 2024-07-04 17:23:17.601 [INFO]: Skipping completions because autocomplete is open
(VSCode) 2024-07-04 17:23:17.829 [INFO]: Skipping completions because autocomplete is open
(VSCode) 2024-07-04 17:23:22.649 [INFO]: Completion request was cancelled by token (95.01ms)
(VSCode) 2024-07-04 17:23:22.795 [INFO]: Completion request was cancelled by token (97.16ms)
(VSCode) 2024-07-04 17:23:22.845 [INFO]: Skipping completions because autocomplete is open
(VSCode) 2024-07-04 17:23:23.999 [INFO]: Skipping completions because autocomplete is open
(VSCode) 2024-07-04 17:23:25.249 [INFO]: Skipping completions because autocomplete is open
(VSCode) 2024-07-04 17:23:25.481 [INFO]: Skipping completions because autocomplete is open
(VSCode) 2024-07-04 17:23:28.610 [INFO]: Completion request was cancelled by token (411.88ms)
(VSCode) 2024-07-04 17:26:36.859 [INFO]: Completion request was cancelled by token (63.12ms)
(VSCode) 2024-07-04 17:26:36.942 [INFO]: Skipping completions because autocomplete is open
(VSCode) 2024-07-04 17:26:40.702 [INFO]: Completion request was cancelled by token (34.42ms)
(VSCode) 2024-07-04 17:26:40.752 [INFO]: Skipping completions because autocomplete is open
(VSCode) 2024-07-04 17:26:41.772 [INFO]: Completion request was cancelled by token (393.91ms)
(VSCode) 2024-07-04 17:26:42.318 [INFO]: Completion request succeeded (494.21ms)
(VSCode) 2024-07-04 17:26:42.325 [INFO]: Generated 1 completion
(VSCode) 2024-07-04 17:26:42.327 [INFO]: provideInlineCompletionItems request succeeded (504.64ms)
(VSCode) 2024-07-04 17:26:46.349 [INFO]: Skipping completions because autocomplete is open
(VSCode) 2024-07-04 17:26:46.445 [INFO]: Skipping completions because autocomplete is open
(VSCode) 2024-07-04 17:26:47.011 [INFO]: Completion request was cancelled by token (351.4ms)
(VSCode) 2024-07-04 17:26:47.875 [INFO]: Completion request succeeded (814.28ms)
(VSCode) 2024-07-04 17:26:47.876 [INFO]: Generated 2 completions
(VSCode) 2024-07-04 17:26:47.878 [INFO]: provideInlineCompletionItems request succeeded (818.33ms)
(VSCode) 2024-07-04 17:26:49.859 [INFO]: Skipping completions because autocomplete is open
(VSCode) 2024-07-04 17:26:50.543 [INFO]: Completion request was cancelled by token (520.21ms)
(VSCode) 2024-07-04 17:26:51.359 [INFO]: Completion request succeeded (763.56ms)
(VSCode) 2024-07-04 17:26:51.362 [INFO]: Generated 1 completion
(VSCode) 2024-07-04 17:26:51.363 [INFO]: provideInlineCompletionItems request succeeded (769.08ms)
(VSCode) 2024-07-04 17:26:51.430 [INFO]: Completion request succeeded (17.5ms)
(VSCode) 2024-07-04 17:26:51.431 [INFO]: Generated 1 completion
(VSCode) 2024-07-04 17:26:51.432 [INFO]: provideInlineCompletionItems request succeeded (20.73ms)
(VSCode) 2024-07-04 17:26:51.592 [INFO]: Completion request succeeded (9.12ms)
(VSCode) 2024-07-04 17:26:51.593 [INFO]: Generated 1 completion
(VSCode) 2024-07-04 17:26:51.594 [INFO]: provideInlineCompletionItems request succeeded (11.74ms)
(VSCode) 2024-07-04 17:26:51.725 [INFO]: Completion request succeeded (10.49ms)
(VSCode) 2024-07-04 17:26:51.726 [INFO]: Generated 1 completion
(VSCode) 2024-07-04 17:26:51.726 [INFO]: provideInlineCompletionItems request succeeded (12.76ms)
(VSCode) 2024-07-04 17:26:51.896 [INFO]: Completion request succeeded (7.06ms)
(VSCode) 2024-07-04 17:26:51.897 [INFO]: Generated 1 completion
(VSCode) 2024-07-04 17:26:51.897 [INFO]: provideInlineCompletionItems request succeeded (8.77ms)
(VSCode) 2024-07-04 17:26:52.058 [INFO]: Completion request succeeded (14.7ms)
(VSCode) 2024-07-04 17:26:52.059 [INFO]: Generated 1 completion
(VSCode) 2024-07-04 17:26:52.060 [INFO]: provideInlineCompletionItems request succeeded (17.93ms)
(VSCode) 2024-07-04 17:26:52.767 [INFO]: Completion request succeeded (378.52ms)
(VSCode) 2024-07-04 17:26:52.769 [INFO]: No completions were generated
(VSCode) 2024-07-04 17:26:52.770 [INFO]: provideInlineCompletionItems request succeeded (382.53ms)
(VSCode) 2024-07-04 17:26:53.831 [INFO]: Completion request succeeded (741.47ms)
(VSCode) 2024-07-04 17:26:53.833 [INFO]: No completions were generated
(VSCode) 2024-07-04 17:26:53.834 [INFO]: provideInlineCompletionItems request succeeded (745.87ms)
(VSCode) 2024-07-04 17:26:54.429 [INFO]: Completion request was cancelled by token (347.35ms)
(VSCode) 2024-07-04 17:26:54.652 [INFO]: Completion request was cancelled by token (172.89ms)
(VSCode) 2024-07-04 17:26:54.921 [INFO]: Completion request was cancelled by token (219.03ms)
(VSCode) 2024-07-04 17:26:55.449 [INFO]: Completion request succeeded (478.42ms)
(VSCode) 2024-07-04 17:26:55.452 [INFO]: No completions were generated
(VSCode) 2024-07-04 17:26:55.453 [INFO]: provideInlineCompletionItems request succeeded (483.68ms)
(VSCode) 2024-07-04 17:26:56.453 [INFO]: Completion request was cancelled by token (148.62ms)
(VSCode) 2024-07-04 17:26:56.787 [INFO]: Completion request was cancelled by token (87.33ms)
(VSCode) 2024-07-04 17:26:56.851 [INFO]: Completion request succeeded (13.32ms)
(VSCode) 2024-07-04 17:26:56.852 [INFO]: Generated 1 completion
(VSCode) 2024-07-04 17:26:56.853 [INFO]: provideInlineCompletionItems request succeeded (15.99ms)
(VSCode) 2024-07-04 17:26:57.349 [INFO]: Completion request was cancelled by token (343.19ms)
(VSCode) 2024-07-04 17:26:57.436 [INFO]: Skipping completions because autocomplete is open
(VSCode) 2024-07-04 17:26:57.562 [INFO]: Skipping completions because autocomplete is open
(VSCode) 2024-07-04 17:26:59.029 [INFO]: Skipping completions because autocomplete is open
(VSCode) 2024-07-04 17:26:59.358 [INFO]: Skipping completions because autocomplete is open
(VSCode) 2024-07-04 17:26:59.466 [INFO]: Skipping completions because autocomplete is open
(VSCode) 2024-07-04 17:26:59.557 [INFO]: Skipping completions because autocomplete is open
(VSCode) 2024-07-04 17:26:59.666 [INFO]: Skipping completions because autocomplete is open
(VSCode) 2024-07-04 17:27:00.458 [INFO]: Skipping completions because autocomplete is open
(VSCode) 2024-07-04 17:27:00.633 [INFO]: Skipping completions because autocomplete is open
(VSCode) 2024-07-04 17:27:01.495 [INFO]: Skipping completions because autocomplete is open
(VSCode) 2024-07-04 17:27:01.689 [INFO]: Skipping completions because autocomplete is open
(VSCode) 2024-07-04 17:27:02.539 [INFO]: Skipping completions because autocomplete is open
(VSCode) 2024-07-04 17:27:02.713 [INFO]: Skipping completions because autocomplete is open
(VSCode) 2024-07-04 17:27:03.624 [INFO]: Skipping completions because autocomplete is open
(VSCode) 2024-07-04 17:27:04.040 [INFO]: Skipping completions because autocomplete is open
(VSCode) 2024-07-04 17:27:04.810 [INFO]: Completion request was cancelled by token (152.54ms)
(VSCode) 2024-07-04 17:27:06.080 [INFO]: Completion request succeeded (743.84ms)
(VSCode) 2024-07-04 17:27:06.083 [INFO]: No completions were generated
(VSCode) 2024-07-04 17:27:06.083 [INFO]: provideInlineCompletionItems request succeeded (748.79ms)
(VSCode) 2024-07-04 17:27:06.838 [INFO]: Completion request succeeded (366.83ms)
(VSCode) 2024-07-04 17:27:06.840 [INFO]: No completions were generated
(VSCode) 2024-07-04 17:27:06.841 [INFO]: provideInlineCompletionItems request succeeded (370.91ms)
(VSCode) 2024-07-04 17:29:00.007 [INFO]: Completion request was cancelled by token (140.06ms)
(VSCode) 2024-07-04 17:29:00.552 [INFO]: Completion request was cancelled by token (291.58ms)
(VSCode) 2024-07-04 17:29:00.718 [INFO]: Completion request was cancelled by token (116.11ms)
(VSCode) 2024-07-04 17:29:00.960 [INFO]: Completion request was cancelled by token (193.07ms)
(VSCode) 2024-07-04 17:29:01.412 [INFO]: Completion request was cancelled by token (400.41ms)
(VSCode) 2024-07-04 17:29:01.579 [INFO]: Completion request was cancelled by token (117.27ms)
(VSCode) 2024-07-04 17:29:01.707 [INFO]: Completion request was cancelled by token (77.14ms)
(VSCode) 2024-07-04 17:29:02.185 [INFO]: Completion request succeeded (426.78ms)
(VSCode) 2024-07-04 17:29:02.189 [INFO]: Generated 1 completion
(VSCode) 2024-07-04 17:29:02.191 [INFO]: provideInlineCompletionItems request succeeded (433.42ms)
(VSCode) 2024-07-04 17:29:02.505 [INFO]: Completion request succeeded (13.28ms)
(VSCode) 2024-07-04 17:29:02.506 [INFO]: Generated 1 completion
(VSCode) 2024-07-04 17:29:02.506 [INFO]: provideInlineCompletionItems request succeeded (15.64ms)
(VSCode) 2024-07-04 17:29:02.869 [INFO]: Completion request succeeded (14.57ms)
(VSCode) 2024-07-04 17:29:02.870 [INFO]: Generated 1 completion
(VSCode) 2024-07-04 17:29:02.871 [INFO]: provideInlineCompletionItems request succeeded (18.26ms)
(VSCode) 2024-07-04 17:29:59.568 [INFO]: Completion request was cancelled by token (270.05ms)
(VSCode) 2024-07-04 17:30:00.526 [INFO]: Completion request succeeded (907.87ms)
(VSCode) 2024-07-04 17:30:00.528 [INFO]: Generated 6 completions
(VSCode) 2024-07-04 17:30:00.529 [INFO]: provideInlineCompletionItems request succeeded (911.1ms)
(VSCode) 2024-07-04 17:30:01.021 [INFO]: Skipping completions because autocomplete is open
(VSCode) 2024-07-04 17:30:01.094 [INFO]: Skipping completions because autocomplete is open
(VSCode) 2024-07-04 17:30:01.501 [INFO]: Completion request succeeded (13.87ms)
(VSCode) 2024-07-04 17:30:01.503 [INFO]: Generated 3 completions
(VSCode) 2024-07-04 17:30:01.504 [INFO]: provideInlineCompletionItems request succeeded (17.56ms)
(VSCode) 2024-07-04 17:30:02.597 [INFO]: Completion request succeeded (548.81ms)
(VSCode) 2024-07-04 17:30:02.599 [INFO]: Generated 5 completions
(VSCode) 2024-07-04 17:30:02.600 [INFO]: provideInlineCompletionItems request succeeded (552.41ms)
(VSCode) 2024-07-04 17:30:03.408 [INFO]: Skipping completions because autocomplete is open
(VSCode) 2024-07-04 17:30:04.430 [INFO]: Completion request was cancelled by token (535.44ms)
(VSCode) 2024-07-04 17:30:05.239 [INFO]: Completion request succeeded (758.46ms)
(VSCode) 2024-07-04 17:30:05.241 [INFO]: Generated 1 completion
(VSCode) 2024-07-04 17:30:05.241 [INFO]: provideInlineCompletionItems request succeeded (762.14ms)
(VSCode) 2024-07-04 17:30:07.154 [INFO]: Completion request was cancelled by token (243.55ms)
(VSCode) 2024-07-04 17:30:07.223 [INFO]: Completion request succeeded (18.23ms)
(VSCode) 2024-07-04 17:30:07.226 [INFO]: Generated 1 completion
(VSCode) 2024-07-04 17:30:07.228 [INFO]: provideInlineCompletionItems request succeeded (24.16ms)
(VSCode) 2024-07-04 17:30:07.493 [INFO]: Completion request was cancelled by token (133.85ms)
(VSCode) 2024-07-04 17:30:07.661 [INFO]: Completion request was cancelled by token (114.83ms)
(VSCode) 2024-07-04 17:30:08.179 [INFO]: Completion request succeeded (467.73ms)
(VSCode) 2024-07-04 17:30:08.180 [INFO]: No completions were generated
(VSCode) 2024-07-04 17:30:08.181 [INFO]: provideInlineCompletionItems request succeeded (471.51ms)
(VSCode) 2024-07-04 17:30:08.434 [INFO]: Completion request was cancelled by token (149.79ms)
(VSCode) 2024-07-04 17:30:08.575 [INFO]: Completion request was cancelled by token (91.2ms)
(VSCode) 2024-07-04 17:30:08.644 [INFO]: Completion request succeeded (17.14ms)
(VSCode) 2024-07-04 17:30:08.647 [INFO]: Generated 1 completion
(VSCode) 2024-07-04 17:30:08.648 [INFO]: provideInlineCompletionItems request succeeded (22.11ms)
(VSCode) 2024-07-04 17:30:09.279 [INFO]: Completion request was cancelled by token (180.94ms)
(VSCode) 2024-07-04 17:30:09.353 [INFO]: Skipping completions because autocomplete is open
(VSCode) 2024-07-04 17:30:09.471 [INFO]: Skipping completions because autocomplete is open
(VSCode) 2024-07-04 17:30:10.279 [INFO]: Completion request succeeded (605.88ms)
(VSCode) 2024-07-04 17:30:10.280 [INFO]: Generated 3 completions
(VSCode) 2024-07-04 17:30:10.280 [INFO]: provideInlineCompletionItems request succeeded (608.49ms)
(VSCode) 2024-07-04 17:30:10.407 [INFO]: Completion request was cancelled by token (43.13ms)
(VSCode) 2024-07-04 17:30:10.778 [INFO]: Completion request was cancelled by token (319.38ms)
(VSCode) 2024-07-04 17:30:10.971 [INFO]: Completion request was cancelled by token (148.21ms)
(VSCode) 2024-07-04 17:30:11.138 [INFO]: Completion request was cancelled by token (116.08ms)
(VSCode) 2024-07-04 17:30:11.802 [INFO]: Completion request succeeded (612.2ms)
(VSCode) 2024-07-04 17:30:11.804 [INFO]: Generated 2 completions
(VSCode) 2024-07-04 17:30:11.805 [INFO]: provideInlineCompletionItems request succeeded (616.99ms)
(VSCode) 2024-07-04 17:30:31.717 [INFO]: Completion request was cancelled by token (69.63ms)
(VSCode) 2024-07-04 17:30:31.922 [INFO]: Completion request was cancelled by token (155.3ms)
(VSCode) 2024-07-04 17:30:32.179 [INFO]: Completion request was cancelled by token (205.49ms)
(VSCode) 2024-07-04 17:30:32.337 [INFO]: Completion request was cancelled by token (108.93ms)
(VSCode) 2024-07-04 17:30:32.509 [INFO]: Completion request was cancelled by token (121.54ms)
(VSCode) 2024-07-04 17:30:32.882 [INFO]: Completion request was cancelled by token (321.31ms)
(VSCode) 2024-07-04 17:30:58.121 [INFO]: Completion request was cancelled by token (130.57ms)
(VSCode) 2024-07-04 17:30:58.304 [INFO]: Completion request was cancelled by token (132.16ms)
(VSCode) 2024-07-04 17:30:58.552 [INFO]: Completion request was cancelled by token (194.9ms)
(VSCode) 2024-07-04 17:30:58.732 [INFO]: Completion request was cancelled by token (129.29ms)
(VSCode) 2024-07-04 17:30:58.869 [INFO]: Completion request was cancelled by token (85.35ms)
(VSCode) 2024-07-04 17:30:59.448 [INFO]: Completion request was cancelled by token (528.11ms)
(VSCode) 2024-07-04 17:31:00.563 [INFO]: Completion request succeeded (395.25ms)
(VSCode) 2024-07-04 17:31:00.565 [INFO]: Generated 3 completions
(VSCode) 2024-07-04 17:31:00.567 [INFO]: provideInlineCompletionItems request succeeded (400.96ms)
(VSCode) 2024-07-04 17:31:00.748 [INFO]: Completion request was cancelled by token (110.5ms)
(VSCode) 2024-07-04 17:31:00.938 [INFO]: Completion request was cancelled by token (138.75ms)
(VSCode) 2024-07-04 17:31:01.216 [INFO]: Completion request was cancelled by token (225.89ms)
(VSCode) 2024-07-04 17:31:01.275 [INFO]: Completion request was cancelled by token (13.75ms)
(VSCode) 2024-07-04 17:31:01.753 [INFO]: Completion request succeeded (427.4ms)
(VSCode) 2024-07-04 17:31:01.755 [INFO]: Generated 3 completions
(VSCode) 2024-07-04 17:31:01.756 [INFO]: provideInlineCompletionItems request succeeded (431.56ms)
(VSCode) 2024-07-04 17:31:02.206 [INFO]: Completion request succeeded (14.52ms)
(VSCode) 2024-07-04 17:31:02.207 [INFO]: Generated 3 completions
(VSCode) 2024-07-04 17:31:02.207 [INFO]: provideInlineCompletionItems request succeeded (17.26ms)
(VSCode) 2024-07-04 17:31:02.924 [INFO]: Completion request was cancelled by token (402.26ms)
(VSCode) 2024-07-04 17:31:03.030 [INFO]: Completion request was cancelled by token (56.12ms)
(VSCode) 2024-07-04 17:31:03.113 [INFO]: Skipping completions because autocomplete is open
(VSCode) 2024-07-04 17:31:03.244 [INFO]: Skipping completions because autocomplete is open
(VSCode) 2024-07-04 17:31:03.952 [INFO]: Completion request succeeded (556.24ms)
(VSCode) 2024-07-04 17:31:03.955 [INFO]: Generated 3 completions
(VSCode) 2024-07-04 17:31:03.957 [INFO]: provideInlineCompletionItems request succeeded (562.52ms)
(VSCode) 2024-07-04 17:31:15.415 [INFO]: Completion request was cancelled by token (258.87ms)
(VSCode) 2024-07-04 17:31:15.600 [INFO]: Completion request was cancelled by token (129.24ms)
(VSCode) 2024-07-04 17:31:15.712 [INFO]: Completion request was cancelled by token (60.53ms)
(VSCode) 2024-07-04 17:31:15.910 [INFO]: Completion request was cancelled by token (145.47ms)
(VSCode) 2024-07-04 17:31:16.038 [INFO]: Completion request was cancelled by token (78.6ms)
(VSCode) 2024-07-04 17:31:16.186 [INFO]: Completion request was cancelled by token (95.87ms)
(VSCode) 2024-07-04 17:31:16.280 [INFO]: Completion request was cancelled by token (42.17ms)
(VSCode) 2024-07-04 17:31:16.492 [INFO]: Completion request was cancelled by token (165ms)
(VSCode) 2024-07-04 17:31:16.648 [INFO]: Completion request was cancelled by token (104.69ms)
(VSCode) 2024-07-04 17:31:17.372 [INFO]: Completion request succeeded (674.14ms)
(VSCode) 2024-07-04 17:31:17.376 [INFO]: Generated 4 completions
(VSCode) 2024-07-04 17:31:17.378 [INFO]: provideInlineCompletionItems request succeeded (680.24ms)
(VSCode) 2024-07-04 17:32:49.522 [INFO]: Completion request was cancelled by token (535.28ms)
I0704 17:38:05.133014 37234 client_manager.go:248] Pruning inactive client for {9c55f776-276f-4d12-a5f4-563459f1a824 676c9a83-8993-46a6-8f4a-c985dd6ca255}
(VSCode) 2024-07-04 17:39:41.960 [INFO]: Completion request was cancelled by token (325.5ms)
(VSCode) 2024-07-04 17:39:42.410 [INFO]: Completion request was cancelled by token (389.67ms)
(VSCode) 2024-07-04 17:39:42.857 [INFO]: Completion request was cancelled by token (397.88ms)
(VSCode) 2024-07-04 17:39:45.641 [INFO]: Completion request was cancelled by token (175.88ms)
(VSCode) 2024-07-04 17:39:45.992 [INFO]: Completion request was cancelled by token (298.89ms)
(VSCode) 2024-07-04 17:39:50.954 [INFO]: Completion request was cancelled by token (195.32ms)
(VSCode) 2024-07-04 17:39:51.202 [INFO]: Completion request was cancelled by token (198.35ms)
(VSCode) 2024-07-04 17:39:52.035 [INFO]: Completion request was cancelled by token (782.8ms)
E0704 17:40:06.680081 37234 unleash.go:60] Unleash error: Get "https://unleash.codeium.com/api/client/features": context deadline exceeded (Client.Timeout exceeded while awaiting headers)
E0704 17:40:06.682311 37234 unleash.go:60] Unleash error: Post "https://unleash.codeium.com/api/client/metrics": context deadline exceeded (Client.Timeout exceeded while awaiting headers)
E0704 17:41:06.679986 37234 unleash.go:60] Unleash error: Get "https://unleash.codeium.com/api/client/features": context deadline exceeded (Client.Timeout exceeded while awaiting headers)
E0704 17:42:06.679420 37234 unleash.go:60] Unleash error: Get "https://unleash.codeium.com/api/client/features": context deadline exceeded (Client.Timeout exceeded while awaiting headers)
E0704 17:42:06.682826 37234 unleash.go:60] Unleash error: Post "https://unleash.codeium.com/api/client/metrics": context deadline exceeded (Client.Timeout exceeded while awaiting headers)
E0704 17:45:05.105008 37234 unleash.go:60] Unleash error: GET https://unleash.codeium.com/api/client/features returned status code 503, backing off (1.000000 times our interval)
I0704 17:45:05.133142 37234 client_manager.go:248] Pruning inactive client for {9c55f776-276f-4d12-a5f4-563459f1a824 676c9a83-8993-46a6-8f4a-c985dd6ca255}
(VSCode) 2024-07-04 17:45:16.723 [INFO]: Completion request was cancelled by token (140.45ms)
(VSCode) 2024-07-04 17:45:17.271 [INFO]: Completion request was cancelled by token (399.88ms)
(VSCode) 2024-07-04 17:45:46.074 [INFO]: Completion request was cancelled by token (118.53ms)
(VSCode) 2024-07-04 17:45:46.571 [INFO]: Completion request was cancelled by token (285.03ms)
(VSCode) 2024-07-04 17:45:47.960 [INFO]: Completion request was cancelled by token (142.05ms)
(VSCode) 2024-07-04 17:45:48.440 [INFO]: Completion request was cancelled by token (200.06ms)
(VSCode) 2024-07-04 17:45:55.879 [INFO]: Completion request was cancelled by token (144.15ms)
(VSCode) 2024-07-04 17:45:56.176 [INFO]: Completion request was cancelled by token (248.96ms)
(VSCode) 2024-07-04 17:45:58.216 [INFO]: Completion request was cancelled by token (108.66ms)
(VSCode) 2024-07-04 17:45:58.266 [INFO]: Completion request was cancelled by token (27.1ms)
(VSCode) 2024-07-04 17:45:58.381 [INFO]: Skipping completions because autocomplete is open
(VSCode) 2024-07-04 17:45:58.465 [INFO]: Skipping completions because autocomplete is open
(VSCode) 2024-07-04 17:45:59.254 [INFO]: Completion request was cancelled by token (525.69ms)
(VSCode) 2024-07-04 17:45:59.365 [INFO]: Skipping completions because autocomplete is open
(VSCode) 2024-07-04 17:46:00.118 [INFO]: Completion request was cancelled by token (49.81ms)
(VSCode) 2024-07-04 17:46:00.272 [INFO]: Completion request was cancelled by token (102.27ms)
(VSCode) 2024-07-04 17:46:00.986 [INFO]: Completion request was cancelled by token (663.13ms)
(VSCode) 2024-07-04 17:46:01.059 [INFO]: Completion request was cancelled by token (23.4ms)
(VSCode) 2024-07-04 17:46:01.475 [INFO]: Completion request succeeded (366.16ms)
(VSCode) 2024-07-04 17:46:01.477 [INFO]: No completions were generated
(VSCode) 2024-07-04 17:46:01.477 [INFO]: provideInlineCompletionItems request succeeded (368.95ms)
(VSCode) 2024-07-04 17:46:02.665 [INFO]: Completion request was cancelled by token (863.37ms)
(VSCode) 2024-07-04 17:46:02.865 [INFO]: Completion request was cancelled by token (150.37ms)
(VSCode) 2024-07-04 17:46:03.459 [INFO]: Completion request was cancelled by token (442.12ms)
(VSCode) 2024-07-04 17:46:03.587 [INFO]: Completion request was cancelled by token (78.19ms)
(VSCode) 2024-07-04 17:46:03.771 [INFO]: Completion request was cancelled by token (135.73ms)
(VSCode) 2024-07-04 17:46:04.506 [INFO]: Completion request was cancelled by token (684.14ms)
(VSCode) 2024-07-04 17:46:04.840 [INFO]: Completion request was cancelled by token (287.13ms)
(VSCode) 2024-07-04 17:46:04.967 [INFO]: Completion request was cancelled by token (77.02ms)
(VSCode) 2024-07-04 17:46:05.148 [INFO]: Completion request was cancelled by token (132.36ms)
(VSCode) 2024-07-04 17:46:05.290 [INFO]: Completion request was cancelled by token (91.85ms)
(VSCode) 2024-07-04 17:46:05.445 [INFO]: Completion request was cancelled by token (104.7ms)
(VSCode) 2024-07-04 17:46:06.112 [INFO]: Completion request was cancelled by token (615.7ms)
(VSCode) 2024-07-04 17:46:06.300 [INFO]: Completion request was cancelled by token (140.76ms)
(VSCode) 2024-07-04 17:46:07.252 [INFO]: Completion request was cancelled by token (908.11ms)
(VSCode) 2024-07-04 17:46:08.074 [INFO]: Completion request was cancelled by token (771.68ms)
(VSCode) 2024-07-04 17:46:08.306 [INFO]: Completion request was cancelled by token (181.39ms)
(VSCode) 2024-07-04 17:46:09.642 [INFO]: Completion request was cancelled by token (1286.23ms)
(VSCode) 2024-07-04 17:46:10.769 [INFO]: Completion request was cancelled by token (1077.04ms)
(VSCode) 2024-07-04 17:46:10.928 [INFO]: Completion request was cancelled by token (109.95ms)
(VSCode) 2024-07-04 17:46:11.137 [INFO]: Completion request was cancelled by token (158.69ms)
(VSCode) 2024-07-04 17:46:11.575 [INFO]: Completion request was cancelled by token (387.7ms)
(VSCode) 2024-07-04 17:46:12.350 [INFO]: Completion request was cancelled by token (299ms)
(VSCode) 2024-07-04 17:46:14.515 [INFO]: Completion request was cancelled by token (71.39ms)
(VSCode) 2024-07-04 17:46:14.564 [INFO]: Skipping completions because autocomplete is open
(VSCode) 2024-07-04 17:46:14.807 [INFO]: Skipping completions because autocomplete is open
(VSCode) 2024-07-04 17:46:15.337 [INFO]: Skipping completions because autocomplete is open
(VSCode) 2024-07-04 17:46:15.529 [INFO]: Skipping completions because autocomplete is open
(VSCode) 2024-07-04 17:46:15.626 [INFO]: Skipping completions because autocomplete is open
(VSCode) 2024-07-04 17:46:16.442 [INFO]: Skipping completions because autocomplete is open
(VSCode) 2024-07-04 17:46:18.447 [INFO]: Completion request succeeded (422.79ms)
(VSCode) 2024-07-04 17:46:18.451 [INFO]: Generated 4 completions
(VSCode) 2024-07-04 17:46:18.451 [INFO]: provideInlineCompletionItems request succeeded (427.5ms)
(VSCode) 2024-07-04 17:46:20.846 [INFO]: Completion request succeeded (757.36ms)
(VSCode) 2024-07-04 17:46:20.847 [INFO]: No completions were generated
(VSCode) 2024-07-04 17:46:20.848 [INFO]: provideInlineCompletionItems request succeeded (759.95ms)
W0704 17:46:33.383010 37234 chat_token_limit.go:46] error converting token count to int: experiment key CHAT_TOKENS_SOFT_LIMIT does not have variant payload
W0704 17:46:34.773916 37234 chat_token_limit.go:46] error converting token count to int: experiment key CHAT_TOKENS_SOFT_LIMIT does not have variant payload
I0704 17:46:36.917603 37234 api.go:349] Handle set draft query: ""
I0704 17:47:16.900950 37234 api.go:349] Handle set draft query: ""
(VSCode) 2024-07-04 17:48:13.856 [INFO]: Skipping completions because autocomplete is open
(VSCode) 2024-07-04 17:48:20.520 [INFO]: Completion request succeeded (1023.48ms)
(VSCode) 2024-07-04 17:48:20.525 [INFO]: Generated 6 completions
(VSCode) 2024-07-04 17:48:20.553 [INFO]: provideInlineCompletionItems request succeeded (1060.68ms)
(VSCode) 2024-07-04 17:48:21.356 [INFO]: Completion request succeeded (754.78ms)
(VSCode) 2024-07-04 17:48:21.360 [INFO]: Generated 7 completions
(VSCode) 2024-07-04 17:48:21.372 [INFO]: provideInlineCompletionItems request succeeded (773.83ms)
I0704 17:50:15.414347 37234 api.go:349] Handle set draft query: {"ops":[]}
I0704 17:51:15.620708 37234 api.go:349] Handle set draft query: {"ops":[]}
I0704 17:52:05.300135 37234 api.go:349] Handle set draft query: 
W0704 17:52:05.492601 37234 chat_token_limit.go:46] error converting token count to int: experiment key CHAT_TOKENS_SOFT_LIMIT does not have variant payload
W0704 17:52:06.288813 37234 chat_token_limit.go:46] error converting token count to int: experiment key CHAT_TOKENS_SOFT_LIMIT does not have variant payload
I0704 17:52:08.309390 37234 api.go:349] Handle set draft query: {"ops":[{"insert":"\n"}]}
I0704 17:52:21.142462 37234 api.go:349] Handle set draft query: {"ops":[{"insert":"\n"}]}
(VSCode) 2024-07-04 17:54:31.182 [INFO]: Completion request succeeded (370.87ms)
(VSCode) 2024-07-04 17:54:31.184 [INFO]: No completions were generated
(VSCode) 2024-07-04 17:54:31.185 [INFO]: provideInlineCompletionItems request succeeded (374.37ms)
I0704 18:00:05.133819 37234 client_manager.go:248] Pruning inactive client for {9c55f776-276f-4d12-a5f4-563459f1a824 676c9a83-8993-46a6-8f4a-c985dd6ca255}
(VSCode) 2024-07-04 18:01:01.438 [INFO]: Disposing language server process
(VSCode) 2024-07-04 18:01:01.438 [INFO]: Deleting manager directory: /tmp/ed46016a-6a75-46a4-84db-b515fe88ac81/codeium/manager
(VSCode) 2024-07-04 18:01:01.439 [INFO]: Successfully disposed language server
W0704 18:01:01.438233 37222 main.go:116] Language server manager got signal terminated, shutting down
