2024-07-04 14:37:11.179 [info] Extension host with pid 26094 started
2024-07-04 14:37:11.179 [info] Skipping acquiring lock for /home/zukkini/.config/Code - OSS/User/workspaceStorage/be652389774f61ca956f853fd6853924.
2024-07-04 14:37:11.357 [info] ExtensionService#_doActivateExtension vscode.emmet, startup: false, activationEvent: 'onLanguage'
2024-07-04 14:37:11.365 [info] ExtensionService#_doActivateExtension vscode.typescript-language-features, startup: false, activationEvent: 'onLanguage:javascript'
2024-07-04 14:37:11.805 [info] ExtensionService#_doActivateExtension vscode.git-base, startup: true, activationEvent: '*', root cause: vscode.git
2024-07-04 14:37:11.808 [info] ExtensionService#_doActivateExtension silverquark.dancehelix, startup: true, activationEvent: '*'
2024-07-04 14:37:11.952 [info] ExtensionService#_doActivateExtension vscode.git, startup: true, activationEvent: '*'
2024-07-04 14:37:11.981 [info] ExtensionService#_doActivateExtension vscode.github, startup: true, activationEvent: '*'
2024-07-04 14:37:12.073 [info] Eager extensions activated
2024-07-04 14:37:12.180 [info] ExtensionService#_doActivateExtension vscode.debug-auto-launch, startup: false, activationEvent: 'onStartupFinished'
2024-07-04 14:37:12.183 [info] ExtensionService#_doActivateExtension vscode.merge-conflict, startup: false, activationEvent: 'onStartupFinished'
2024-07-04 14:37:12.191 [info] ExtensionService#_doActivateExtension Codeium.codeium, startup: false, activationEvent: 'onStartupFinished'
2024-07-04 14:37:35.901 [info] ExtensionService#_doActivateExtension vscode.json-language-features, startup: false, activationEvent: 'onLanguage:jsonc'
2024-07-04 14:48:41.514 [warning] ExtHostTextEditorOptions 'setCursorStyle' failed:'
2024-07-04 14:48:41.515 [warning] Illegal argument: TextEditor(vs.editor.ICodeEditor:1,$model1)
2024-07-04 14:48:41.917 [warning] ExtHostTextEditorOptions 'setCursorStyle' failed:'
2024-07-04 14:48:41.917 [warning] Illegal argument: TextEditor(vs.editor.ICodeEditor:1,$model15)
2024-07-04 14:48:42.468 [warning] ExtHostTextEditorOptions 'setCursorStyle' failed:'
2024-07-04 14:48:42.468 [warning] Illegal argument: TextEditor(vs.editor.ICodeEditor:1,$model14)
2024-07-04 14:48:42.872 [warning] ExtHostTextEditorOptions 'setCursorStyle' failed:'
2024-07-04 14:48:42.872 [warning] Illegal argument: TextEditor(vs.editor.ICodeEditor:1,$model2)
2024-07-04 14:48:43.490 [warning] ExtHostTextEditorOptions 'setCursorStyle' failed:'
2024-07-04 14:48:43.491 [warning] Illegal argument: TextEditor(vs.editor.ICodeEditor:1,$model6)
2024-07-04 14:48:46.576 [warning] ExtHostTextEditorOptions 'setCursorStyle' failed:'
2024-07-04 14:48:46.576 [warning] Illegal argument: TextEditor(vs.editor.ICodeEditor:1,$model17)
2024-07-04 14:48:47.507 [warning] ExtHostTextEditorOptions 'setCursorStyle' failed:'
2024-07-04 14:48:47.507 [warning] Illegal argument: TextEditor(vs.editor.ICodeEditor:1,$model18)
2024-07-04 14:49:04.276 [warning] ExtHostTextEditorOptions 'setCursorStyle' failed:'
2024-07-04 14:49:04.276 [warning] Illegal argument: TextEditor(vs.editor.ICodeEditor:1,$model19)
2024-07-04 14:49:21.907 [warning] ExtHostTextEditorOptions 'setCursorStyle' failed:'
2024-07-04 14:49:21.907 [warning] Illegal argument: TextEditor(vs.editor.ICodeEditor:1,$model22)
2024-07-04 14:50:56.842 [warning] ExtHostTextEditorOptions 'setCursorStyle' failed:'
2024-07-04 14:50:56.842 [warning] Illegal argument: TextEditor(vs.editor.ICodeEditor:1,$model24)
2024-07-04 14:51:02.949 [warning] ExtHostTextEditorOptions 'setCursorStyle' failed:'
2024-07-04 14:51:02.950 [warning] Illegal argument: TextEditor(vs.editor.ICodeEditor:1,$model21)
2024-07-04 14:54:12.724 [warning] ExtHostTextEditorOptions 'setCursorStyle' failed:'
2024-07-04 14:54:12.724 [warning] Illegal argument: TextEditor(vs.editor.ICodeEditor:1,$model23)
2024-07-04 14:54:14.239 [warning] ExtHostTextEditorOptions 'setCursorStyle' failed:'
2024-07-04 14:54:14.239 [warning] Illegal argument: TextEditor(vs.editor.ICodeEditor:1,$model31)
2024-07-04 14:54:27.409 [warning] ExtHostTextEditorOptions 'setCursorStyle' failed:'
2024-07-04 14:54:27.409 [warning] Illegal argument: TextEditor(vs.editor.ICodeEditor:1,$model39)
2024-07-04 14:54:48.764 [warning] ExtHostTextEditorOptions 'setCursorStyle' failed:'
2024-07-04 14:54:48.764 [warning] Illegal argument: TextEditor(vs.editor.ICodeEditor:1,$model38)
2024-07-04 14:58:32.101 [warning] ExtHostTextEditorOptions 'setCursorStyle' failed:'
2024-07-04 14:58:32.102 [warning] Illegal argument: TextEditor(vs.editor.ICodeEditor:1,$model42)
2024-07-04 14:59:27.997 [info] Extension host terminating: renderer closed the MessagePort
2024-07-04 14:59:28.029 [info] Extension host with pid 26094 exiting with code 0
