2024-07-09 20:07:00.666 [info] Added views:workbench.panel.markers.view in workbench.panel.markers
2024-07-09 20:07:00.666 [info] Added views:workbench.panel.output in workbench.panel.output
2024-07-09 20:07:00.666 [info] Added views:terminal in terminal
2024-07-09 20:07:00.666 [info] Added views:outline in workbench.view.explorer
2024-07-09 20:07:00.666 [info] Added views:workbench.scm in workbench.view.scm
2024-07-09 20:07:00.667 [info] Added views:workbench.view.search in workbench.view.search
2024-07-09 20:07:00.667 [info] Added views:timeline in workbench.view.explorer
2024-07-09 20:07:00.667 [info] Added views:workbench.explorer.fileView in workbench.view.explorer
2024-07-09 20:07:00.932 [info] Added views:workbench.debug.welcome in workbench.view.debug
2024-07-09 20:07:01.629 [info] Added views:codeium.chatPanelView in workbench.view.extension.codeium
2024-07-09 20:07:01.630 [info] Added views:registers in workbench.view.extension.dance
2024-07-09 20:07:01.832 [info] Added views:workbench.panel.repl.view in workbench.panel.repl
2024-07-09 20:07:03.284 [info] Added views:~remote.forwardedPorts in ~remote.forwardedPortsContainer
2024-07-09 20:07:04.571 [info] Added views:workbench.panel.comments in workbench.panel.comments
2024-07-09 20:07:38.620 [info] Added views:workbench.views.extensions.installed,workbench.views.extensions.popular,extensions.recommendedList in workbench.view.extensions
2024-07-09 20:07:38.629 [info] Removed views:workbench.views.extensions.popular from workbench.view.extensions
2024-07-09 20:07:40.797 [info] Removed views:extensions.recommendedList,workbench.views.extensions.installed from workbench.view.extensions
2024-07-09 20:07:40.822 [info] Added views:workbench.views.extensions.marketplace in workbench.view.extensions
2024-07-09 22:49:32.369 [info] Removed views:workbench.views.extensions.marketplace from workbench.view.extensions
2024-07-09 22:49:32.392 [info] Added views:workbench.views.extensions.installed,extensions.recommendedList in workbench.view.extensions
