(VSCode) 2024-07-04 16:54:17.082 [INFO]: No proxy settings found
(VSCode) 2024-07-04 16:54:18.474 [INFO]: Creating manager directory: /tmp/ed22bc65-fa2e-463b-a89a-63ed6172c585/codeium/manager
(VSCode) 2024-07-04 16:54:18.964 [INFO]: Using cached LS with valid crc32: /home/zukkini/.vscode-oss/extensions/codeium.codeium-1.8.73-universal/dist/6cdf138621c60b5ad2a4202883779040e4f63a40/language_server_linux_x64
(VSCode) 2024-07-04 16:54:18.971 [INFO]: Language server started
I0704 16:54:19.140770 33873 main.go:605] Starting language server manager with pid 33873
I0704 16:54:19.140970 33873 main.go:112] Manager acquired its lock file /tmp/ed22bc65-fa2e-463b-a89a-63ed6172c585/codeium/manager/locks/manager.lock
I0704 16:54:19.141578 33873 main.go:250] Waiting for random port file in /tmp/ed22bc65-fa2e-463b-a89a-63ed6172c585/codeium/manager/child_random_port_1720101259141091002_8051017842178363570 to be created
I0704 16:54:19.300812 33888 main.go:599] Starting language server process with pid 33888
I0704 16:54:19.300884 33888 server.go:156] Language server will attempt to listen on host 127.0.0.1
I0704 16:54:19.301037 33888 server.go:163] Language server listening on random port at 44223
I0704 16:54:19.301109 33888 proxy.go:113] proxyplease.proxy> No proxy provided. Attempting to infer from system.
I0704 16:54:19.301148 33888 proxy.go:113] proxyplease.proxy> No proxy could be determined. Assuming a direct connection.
I0704 16:54:19.301199 33888 client.go:589] [DEBUG] GET https://server.codeium.com/exa.api_server_pb.ApiServerService/GetCompletions
I0704 16:54:19.784589 33888 unleash.go:90] Initializing Unleash
I0704 16:54:20.226163 33888 unleash.go:110] Successfully initialized Unleash
E0704 16:54:20.241400 33888 client_manager.go:270] Metadata is nil when trying to refresh user JWT
I0704 16:54:20.669207 33888 server.go:355] Successfully created API server client
I0704 16:54:20.740586 33888 server.go:364] Successfully initialized tokenizer
I0704 16:54:20.851888 33888 server.go:473] Local search is enabled, will index local files.
I0704 16:54:20.851948 33888 server.go:477] Using 3 indexer workers
I0704 16:54:20.852012 33888 search_provider.go:201] Using database at /home/zukkini/.codeium/database/9c0694567290725d9dcba14ade58e297/2/MODEL_EMBED_6591
I0704 16:54:20.858977 33888 search_provider.go:215] Successfully created embedding search database in 6ms
I0704 16:54:20.859294 33888 indexer.go:225] Using 12 embed workers
I0704 16:54:20.859380 33888 search_provider.go:240] Successfully created and started indexer
I0704 16:54:20.859412 33888 search_provider.go:266] Successfully created embedding search provider
I0704 16:54:20.859427 33888 server.go:516] Successfully created exact search provider
I0704 16:54:20.874602 33888 server.go:546] Successfully created completion provider
I0704 16:54:20.874785 33888 server.go:595] Child process attempting to acquire lock file /tmp/ed22bc65-fa2e-463b-a89a-63ed6172c585/codeium/manager/locks/child_lock_1720101259141167338_701684453614350982
I0704 16:54:20.874844 33888 server.go:603] Child process acquired lock file /tmp/ed22bc65-fa2e-463b-a89a-63ed6172c585/codeium/manager/locks/child_lock_1720101259141167338_701684453614350982
I0704 16:54:20.880958 33888 server.go:183] LSP listening on random port at 44387
I0704 16:54:20.881533 33888 web_server.go:239] Chat Web Server listening at ws://127.0.0.1:44955
44387
I0704 16:54:20.949052 33873 main.go:286] Language server manager found random server port 44223
I0704 16:54:20.949129 33873 main.go:287] Language server manager found random lsp port 44387
I0704 16:54:20.949175 33873 main.go:294] Language server manager attempting to connect to language server at 127.0.0.1:44223
I0704 16:54:20.988259 33873 main.go:165] Fixing language server port at 44223
I0704 16:54:20.988296 33873 main.go:345] Language server manager successfully connected to new language server at 127.0.0.1:44223
(VSCode) 2024-07-04 16:54:21.084 [INFO]: Found language server running on port 44223
(VSCode) 2024-07-04 16:54:21.097 [INFO]: Downloaded binary: /home/zukkini/.codeium/bin/af6b6c543b224d348a8876f0c06245d9ea7929c5/ripgrep_linux_x64
I0704 16:54:21.111912 33888 utils.go:182] Analyzing workspace files for /home/zukkini/test/
I0704 16:54:21.112164 33888 utils.go:242] Done analyzing workspace files for /home/zukkini/test/
I0704 16:54:21.112197 33888 lsp.go:208] Found 3 files in workspace /home/zukkini/test/
I0704 16:54:21.112287 33888 lsp.go:232] Adding workspace listener for [0xc0000e39d0]
I0704 16:54:21.112340 33888 indexing_listener.go:195] Add workspace event with uid 1 for workspace /home/zukkini/test/
I0704 16:54:21.112436 33888 indexing_listener.go:235] Done enqueue workspace with uid 1
I0704 16:54:21.114388 33888 rpcs_miscellaneous.go:118] Ripgrep available at /home/zukkini/.codeium/bin/af6b6c543b224d348a8876f0c06245d9ea7929c5/ripgrep_linux_x64
I0704 16:54:21.119457 33888 lazy_model.go:29] Successfully created faiss index
I0704 16:54:21.280167 33888 rpcs_miscellaneous.go:312] University version is up to date.
(VSCode) 2024-07-04 16:54:24.947 [INFO]: Completion request was cancelled by token (580.28ms)
(VSCode) 2024-07-04 16:54:25.632 [INFO]: Completion request was cancelled by token (284.5ms)
(VSCode) 2024-07-04 16:54:25.934 [INFO]: Completion request was cancelled by token (248.1ms)
(VSCode) 2024-07-04 16:59:17.360 [INFO]: Completion request was cancelled by token (111.06ms)
(VSCode) 2024-07-04 16:59:17.463 [INFO]: Completion request was cancelled by token (55.05ms)
(VSCode) 2024-07-04 16:59:17.595 [INFO]: Completion request was cancelled by token (81.56ms)
(VSCode) 2024-07-04 16:59:17.671 [INFO]: Completion request was cancelled by token (26.39ms)
(VSCode) 2024-07-04 16:59:17.858 [INFO]: Completion request was cancelled by token (138.52ms)
(VSCode) 2024-07-04 16:59:18.024 [INFO]: Completion request was cancelled by token (116.2ms)
(VSCode) 2024-07-04 16:59:18.165 [INFO]: Completion request was cancelled by token (90.8ms)
(VSCode) 2024-07-04 16:59:18.312 [INFO]: Completion request was cancelled by token (96.28ms)
(VSCode) 2024-07-04 16:59:18.570 [INFO]: Completion request was cancelled by token (209.28ms)
(VSCode) 2024-07-04 16:59:19.321 [INFO]: Completion request succeeded (700.59ms)
(VSCode) 2024-07-04 16:59:19.327 [INFO]: Generated 4 completions
(VSCode) 2024-07-04 16:59:19.331 [INFO]: provideInlineCompletionItems request succeeded (710.96ms)
(VSCode) 2024-07-04 16:59:20.248 [INFO]: Completion request was cancelled by token (148.9ms)
(VSCode) 2024-07-04 16:59:20.453 [INFO]: Completion request was cancelled by token (90.33ms)
(VSCode) 2024-07-04 16:59:20.613 [INFO]: Completion request was cancelled by token (109.56ms)
(VSCode) 2024-07-04 16:59:20.715 [INFO]: Completion request was cancelled by token (51.7ms)
(VSCode) 2024-07-04 16:59:21.005 [INFO]: Completion request was cancelled by token (239.32ms)
(VSCode) 2024-07-04 16:59:21.156 [INFO]: Completion request was cancelled by token (100.32ms)
(VSCode) 2024-07-04 16:59:21.772 [INFO]: Completion request succeeded (564.6ms)
(VSCode) 2024-07-04 16:59:21.774 [INFO]: Generated 4 completions
(VSCode) 2024-07-04 16:59:21.776 [INFO]: provideInlineCompletionItems request succeeded (570.41ms)
(VSCode) 2024-07-04 16:59:22.541 [INFO]: Completion request succeeded (8.18ms)
(VSCode) 2024-07-04 16:59:22.542 [INFO]: Generated 4 completions
(VSCode) 2024-07-04 16:59:22.543 [INFO]: provideInlineCompletionItems request succeeded (10.65ms)
(VSCode) 2024-07-04 16:59:22.963 [INFO]: Completion request was cancelled by token (225.8ms)
(VSCode) 2024-07-04 16:59:23.663 [INFO]: Completion request was cancelled by token (646.83ms)
(VSCode) 2024-07-04 16:59:24.137 [INFO]: Completion request succeeded (422.48ms)
(VSCode) 2024-07-04 16:59:24.139 [INFO]: No completions were generated
(VSCode) 2024-07-04 16:59:24.139 [INFO]: provideInlineCompletionItems request succeeded (425.57ms)
(VSCode) 2024-07-04 16:59:25.055 [INFO]: Completion request was cancelled by token (132.62ms)
(VSCode) 2024-07-04 16:59:25.113 [INFO]: Completion request succeeded (8.17ms)
(VSCode) 2024-07-04 16:59:25.115 [INFO]: Generated 4 completions
(VSCode) 2024-07-04 16:59:25.116 [INFO]: provideInlineCompletionItems request succeeded (10.98ms)
(VSCode) 2024-07-04 16:59:25.885 [INFO]: Completion request succeeded (652.27ms)
(VSCode) 2024-07-04 16:59:25.888 [INFO]: No completions were generated
(VSCode) 2024-07-04 16:59:25.888 [INFO]: provideInlineCompletionItems request succeeded (656.22ms)
(VSCode) 2024-07-04 16:59:27.181 [INFO]: Completion request was cancelled by token (499.81ms)
(VSCode) 2024-07-04 16:59:34.435 [INFO]: Completion request was cancelled by token (166.39ms)
(VSCode) 2024-07-04 16:59:35.086 [INFO]: Completion request was cancelled by token (601.28ms)
(VSCode) 2024-07-04 17:01:24.983 [INFO]: Completion request succeeded (547.55ms)
(VSCode) 2024-07-04 17:01:24.985 [INFO]: Generated 3 completions
(VSCode) 2024-07-04 17:01:24.987 [INFO]: provideInlineCompletionItems request succeeded (553.38ms)
(VSCode) 2024-07-04 17:01:25.567 [INFO]: Completion request was cancelled by token (16.58ms)
(VSCode) 2024-07-04 17:01:25.616 [INFO]: Skipping completions because autocomplete is open
(VSCode) 2024-07-04 17:01:26.081 [INFO]: Skipping completions because autocomplete is open
(VSCode) 2024-07-04 17:01:26.346 [INFO]: Skipping completions because autocomplete is open
(VSCode) 2024-07-04 17:01:27.129 [INFO]: Skipping completions because autocomplete is open
(VSCode) 2024-07-04 17:01:27.495 [INFO]: Skipping completions because autocomplete is open
(VSCode) 2024-07-04 17:01:27.889 [INFO]: Skipping completions because autocomplete is open
(VSCode) 2024-07-04 17:01:28.386 [INFO]: Skipping completions because autocomplete is open
(VSCode) 2024-07-04 17:01:29.449 [INFO]: Completion request succeeded (350.99ms)
(VSCode) 2024-07-04 17:01:29.449 [INFO]: Generated 1 completion
(VSCode) 2024-07-04 17:01:29.450 [INFO]: provideInlineCompletionItems request succeeded (352.99ms)
(VSCode) 2024-07-04 17:01:30.302 [INFO]: Completion request was cancelled by token (550.33ms)
(VSCode) 2024-07-04 17:01:30.970 [INFO]: Completion request was cancelled by token (615.82ms)
(VSCode) 2024-07-04 17:02:45.937 [INFO]: Completion request was cancelled by token (536.75ms)
(VSCode) 2024-07-04 17:04:29.277 [INFO]: Completion request was cancelled by token (647.78ms)
(VSCode) 2024-07-04 17:04:29.554 [INFO]: Completion request was cancelled by token (226.33ms)
(VSCode) 2024-07-04 17:04:29.722 [INFO]: Completion request was cancelled by token (123.91ms)
(VSCode) 2024-07-04 17:04:29.857 [INFO]: Completion request was cancelled by token (84.53ms)
(VSCode) 2024-07-04 17:04:30.430 [INFO]: Completion request was cancelled by token (522.35ms)
(VSCode) 2024-07-04 17:04:31.024 [INFO]: Completion request succeeded (543.07ms)
(VSCode) 2024-07-04 17:04:31.026 [INFO]: Generated 3 completions
(VSCode) 2024-07-04 17:04:31.028 [INFO]: provideInlineCompletionItems request succeeded (547.33ms)
(VSCode) 2024-07-04 17:04:37.469 [INFO]: Disposing language server process
(VSCode) 2024-07-04 17:04:37.469 [INFO]: Deleting manager directory: /tmp/ed22bc65-fa2e-463b-a89a-63ed6172c585/codeium/manager
(VSCode) 2024-07-04 17:04:37.470 [INFO]: Successfully disposed language server
W0704 17:04:37.469209 33873 main.go:116] Language server manager got signal terminated, shutting down
