2024-07-04 17:04:40.986 [info] Added views:workbench.panel.markers.view in workbench.panel.markers
2024-07-04 17:04:40.986 [info] Added views:workbench.panel.output in workbench.panel.output
2024-07-04 17:04:40.986 [info] Added views:terminal in terminal
2024-07-04 17:04:40.986 [info] Added views:outline in workbench.view.explorer
2024-07-04 17:04:40.986 [info] Added views:workbench.scm in workbench.view.scm
2024-07-04 17:04:40.986 [info] Added views:workbench.view.search in workbench.view.search
2024-07-04 17:04:40.986 [info] Added views:timeline in workbench.view.explorer
2024-07-04 17:04:40.986 [info] Added views:workbench.explorer.fileView in workbench.view.explorer
2024-07-04 17:04:41.303 [info] Added views:workbench.debug.welcome in workbench.view.debug
2024-07-04 17:04:41.612 [info] Added views:codeium.chatPanelView in workbench.view.extension.codeium
2024-07-04 17:04:41.613 [info] Added views:registers in workbench.view.extension.dance
2024-07-04 17:04:41.931 [info] Added views:workbench.panel.repl.view in workbench.panel.repl
2024-07-04 17:04:42.508 [info] Added views:~remote.forwardedPorts in ~remote.forwardedPortsContainer
2024-07-04 17:04:44.787 [info] Added views:workbench.panel.comments in workbench.panel.comments
2024-07-04 17:13:45.699 [info] Added views:workbench.views.extensions.installed,workbench.views.extensions.popular,extensions.recommendedList in workbench.view.extensions
2024-07-04 17:13:45.714 [info] Removed views:workbench.views.extensions.popular from workbench.view.extensions
2024-07-04 17:13:49.176 [info] Removed views:extensions.recommendedList,workbench.views.extensions.installed from workbench.view.extensions
2024-07-04 17:13:49.202 [info] Added views:workbench.views.extensions.marketplace in workbench.view.extensions
2024-07-04 17:18:00.145 [info] Added views:workbench.panel.markers.view in workbench.panel.markers
2024-07-04 17:18:00.145 [info] Added views:workbench.panel.output in workbench.panel.output
2024-07-04 17:18:00.145 [info] Added views:terminal in terminal
2024-07-04 17:18:00.146 [info] Added views:outline in workbench.view.explorer
2024-07-04 17:18:00.146 [info] Added views:workbench.scm in workbench.view.scm
2024-07-04 17:18:00.146 [info] Added views:workbench.view.search in workbench.view.search
2024-07-04 17:18:00.146 [info] Added views:timeline in workbench.view.explorer
2024-07-04 17:18:00.146 [info] Added views:workbench.explorer.fileView in workbench.view.explorer
2024-07-04 17:18:00.367 [info] Added views:workbench.debug.welcome in workbench.view.debug
2024-07-04 17:18:00.508 [info] Added views:codeium.chatPanelView in workbench.view.extension.codeium
2024-07-04 17:18:00.508 [info] Added views:registers in workbench.view.extension.dance
2024-07-04 17:18:00.833 [info] Added views:workbench.panel.repl.view in workbench.panel.repl
2024-07-04 17:18:02.932 [info] Added views:~remote.forwardedPorts in ~remote.forwardedPortsContainer
2024-07-04 17:18:03.972 [info] Added views:workbench.panel.comments in workbench.panel.comments
