(VSCode) 2024-07-12 14:38:25.784 [INFO]: No proxy settings found
(VSCode) 2024-07-12 14:38:27.090 [INFO]: Creating manager directory: /tmp/06df93c1-c90b-41e3-a66c-fa5ad4355b6b/codeium/manager
(VSCode) 2024-07-12 14:38:27.781 [INFO]: Using cached LS with valid crc32: /home/zukkini/.vscode-oss/extensions/codeium.codeium-1.8.80/dist/ea9a89028334feda7d7ab8900d5f1d58e2f7c361/language_server_linux_x64
(VSCode) 2024-07-12 14:38:27.789 [INFO]: Language server started
2024/07/12 14:38:27 maxprocs: Leaving GOMAXPROCS=12: CPU quota undefined
I0712 14:38:27.960636 39327 main.go:494] Setting GOMAXPROCS to 12
I0712 14:38:27.960837 39327 main.go:629] Starting language server manager with pid 39327
I0712 14:38:27.960955 39327 main.go:117] Manager acquired its lock file /tmp/06df93c1-c90b-41e3-a66c-fa5ad4355b6b/codeium/manager/locks/manager.lock
I0712 14:38:27.961553 39327 main.go:256] Waiting for random port file in /tmp/06df93c1-c90b-41e3-a66c-fa5ad4355b6b/codeium/manager/child_random_port_1720784307961076376_3821832411127295963 to be created
2024/07/12 14:38:28 maxprocs: Leaving GOMAXPROCS=12: CPU quota undefined
I0712 14:38:28.137048 39341 main.go:494] Setting GOMAXPROCS to 4
I0712 14:38:28.137243 39341 main.go:623] Starting language server process with pid 39341
I0712 14:38:28.137275 39341 server.go:156] Language server will attempt to listen on host 127.0.0.1
I0712 14:38:28.137750 39341 server.go:163] Language server listening on random port at 38881
I0712 14:38:28.137839 39341 proxy.go:113] proxyplease.proxy> No proxy provided. Attempting to infer from system.
I0712 14:38:28.137863 39341 proxy.go:113] proxyplease.proxy> No proxy could be determined. Assuming a direct connection.
I0712 14:38:28.137893 39341 client.go:589] [DEBUG] GET https://server.codeium.com/exa.api_server_pb.ApiServerService/GetCompletions
I0712 14:38:28.667930 39341 unleash.go:90] Initializing Unleash
I0712 14:38:29.098650 39341 unleash.go:110] Successfully initialized Unleash
E0712 14:38:29.109820 39341 client_manager.go:270] Metadata is nil when trying to refresh user JWT
I0712 14:38:29.110184 39341 server.go:355] Successfully created API server client
I0712 14:38:29.168386 39341 server.go:364] Successfully initialized tokenizer
I0712 14:38:29.280927 39341 server.go:473] Local search is enabled, will index local files.
I0712 14:38:29.280966 39341 server.go:477] Using 3 indexer workers
I0712 14:38:29.281224 39341 search_provider.go:208] Using database at /home/zukkini/.codeium/database/9c0694567290725d9dcba14ade58e297/2/MODEL_EMBED_6591
I0712 14:38:29.292140 39341 search_provider.go:222] Successfully created embedding search database in 10ms
I0712 14:38:29.292471 39341 indexer.go:214] Using 4 embed workers
I0712 14:38:29.292510 39341 search_provider.go:251] Successfully created and started indexer
I0712 14:38:29.292540 39341 search_provider.go:277] Successfully created embedding search provider
I0712 14:38:29.292554 39341 server.go:517] Successfully created exact search provider
I0712 14:38:29.301113 39341 server.go:547] Successfully created completion provider
I0712 14:38:29.301458 39341 server.go:596] Child process attempting to acquire lock file /tmp/06df93c1-c90b-41e3-a66c-fa5ad4355b6b/codeium/manager/locks/child_lock_1720784307961118561_4163883939072152891
I0712 14:38:29.301519 39341 server.go:604] Child process acquired lock file /tmp/06df93c1-c90b-41e3-a66c-fa5ad4355b6b/codeium/manager/locks/child_lock_1720784307961118561_4163883939072152891
I0712 14:38:29.307046 39341 server.go:183] LSP listening on random port at 33071
I0712 14:38:29.307510 39341 web_server.go:239] Chat Web Server listening at ws://127.0.0.1:44063
33071
I0712 14:38:29.367838 39327 main.go:292] Language server manager found random server port 38881
I0712 14:38:29.367877 39327 main.go:293] Language server manager found random lsp port 33071
I0712 14:38:29.367896 39327 main.go:300] Language server manager attempting to connect to language server at 127.0.0.1:38881
I0712 14:38:29.396346 39327 main.go:171] Fixing language server port at 38881
I0712 14:38:29.396372 39327 main.go:351] Language server manager successfully connected to new language server at 127.0.0.1:38881
(VSCode) 2024-07-12 14:38:29.400 [INFO]: Found language server running on port 38881
(VSCode) 2024-07-12 14:38:29.406 [INFO]: Downloaded binary: /home/zukkini/.codeium/bin/af6b6c543b224d348a8876f0c06245d9ea7929c5/ripgrep_linux_x64
I0712 14:38:29.414729 39341 rpcs_miscellaneous.go:131] Ripgrep available at /home/zukkini/.codeium/bin/af6b6c543b224d348a8876f0c06245d9ea7929c5/ripgrep_linux_x64
I0712 14:38:29.415223 39341 utils.go:182] Analyzing workspace files for /home/zukkini/Downloads/examples/
I0712 14:38:29.418802 39341 utils.go:242] Done analyzing workspace files for /home/zukkini/Downloads/examples/
I0712 14:38:29.418822 39341 lsp.go:208] Found 193 files in workspace /home/zukkini/Downloads/examples/
I0712 14:38:29.420375 39341 lsp.go:232] Adding workspace listener for [0xc0003922a0]
I0712 14:38:29.420405 39341 indexing_listener.go:202] Add workspace event with uid 1 for workspace /home/zukkini/Downloads/examples/
I0712 14:38:29.427160 39341 lazy_model.go:30] Successfully created faiss index
I0712 14:38:29.551851 39341 rpcs_miscellaneous.go:325] University version is up to date.
I0712 14:38:29.723404 39341 indexing_listener.go:242] Done enqueue workspace with uid 1
I0712 14:43:29.759949 39341 rpcs_miscellaneous.go:98] Local indexer stats: database:{local_sqlite_faiss:{faiss_state_stats:{embedding_source:EMBEDDING_SOURCE_CODE_CONTEXT_ITEM  workspace:"/home/zukkini/Downloads/examples"  item_count:1958}  total_item_count:1958  quantized:true}}
I0712 14:43:29.760233 39341 rpcs_miscellaneous.go:99] Memory stats: {"runtime":{"alloc":48615368,"heap_inuse":53764096,"heap_released":835584,"heap_sys":69697536,"total_alloc":222247288,"stack_inuse":1605632,"sys":81912088,"num_goroutine":48},"proc":{"virt_size":2571568,"pss":354142}}
I0712 14:44:29.111021 39341 client_manager.go:248] Pruning inactive client for {9c55f776-276f-4d12-a5f4-563459f1a824 dd042f44-7e81-493a-8ae0-6d1210cdc9f0}
I0712 14:48:29.431726 39341 rpcs_miscellaneous.go:98] Local indexer stats: database:{local_sqlite_faiss:{faiss_state_stats:{embedding_source:EMBEDDING_SOURCE_CODE_CONTEXT_ITEM  workspace:"/home/zukkini/Downloads/examples"  item_count:1958}  total_item_count:1958  quantized:true}}
I0712 14:48:29.431807 39341 rpcs_miscellaneous.go:99] Memory stats: {"runtime":{"alloc":39096160,"heap_inuse":48275456,"heap_released":7987200,"heap_sys":69894144,"total_alloc":258731592,"stack_inuse":1409024,"sys":81912088,"num_goroutine":50},"proc":{"virt_size":2571568,"pss":347210}}
I0712 14:53:29.573827 39341 rpcs_miscellaneous.go:98] Local indexer stats: database:{local_sqlite_faiss:{faiss_state_stats:{embedding_source:EMBEDDING_SOURCE_CODE_CONTEXT_ITEM  workspace:"/home/zukkini/Downloads/examples"  item_count:1958}  total_item_count:1958  quantized:true}}
I0712 14:53:29.573912 39341 rpcs_miscellaneous.go:99] Memory stats: {"runtime":{"alloc":40291968,"heap_inuse":47054848,"heap_released":15360000,"heap_sys":69894144,"total_alloc":284219696,"stack_inuse":1409024,"sys":81912088,"num_goroutine":50},"proc":{"virt_size":2571568,"pss":340205}}
I0712 14:58:29.809032 39341 rpcs_miscellaneous.go:98] Local indexer stats: database:{local_sqlite_faiss:{faiss_state_stats:{embedding_source:EMBEDDING_SOURCE_CODE_CONTEXT_ITEM  workspace:"/home/zukkini/Downloads/examples"  item_count:1958}  total_item_count:1958  quantized:true}}
I0712 14:58:29.809132 39341 rpcs_miscellaneous.go:99] Memory stats: {"runtime":{"alloc":35212120,"heap_inuse":44408832,"heap_released":15360000,"heap_sys":69894144,"total_alloc":309867200,"stack_inuse":1409024,"sys":81912088,"num_goroutine":50},"proc":{"virt_size":2571568,"pss":340213}}
I0712 15:03:29.439482 39341 rpcs_miscellaneous.go:98] Local indexer stats: database:{local_sqlite_faiss:{faiss_state_stats:{embedding_source:EMBEDDING_SOURCE_CODE_CONTEXT_ITEM  workspace:"/home/zukkini/Downloads/examples"  item_count:1958}  total_item_count:1958  quantized:true}}
I0712 15:03:29.439565 39341 rpcs_miscellaneous.go:99] Memory stats: {"runtime":{"alloc":40326072,"heap_inuse":47095808,"heap_released":14032896,"heap_sys":69926912,"total_alloc":337892112,"stack_inuse":1376256,"sys":81912088,"num_goroutine":50},"proc":{"virt_size":2571568,"pss":341525}}
I0712 15:08:29.566634 39341 rpcs_miscellaneous.go:98] Local indexer stats: database:{local_sqlite_faiss:{faiss_state_stats:{embedding_source:EMBEDDING_SOURCE_CODE_CONTEXT_ITEM  workspace:"/home/zukkini/Downloads/examples"  item_count:1958}  total_item_count:1958  quantized:true}}
I0712 15:08:29.566711 39341 rpcs_miscellaneous.go:99] Memory stats: {"runtime":{"alloc":35398904,"heap_inuse":44285952,"heap_released":14032896,"heap_sys":70057984,"total_alloc":363642664,"stack_inuse":1245184,"sys":81912088,"num_goroutine":42},"proc":{"virt_size":2571568,"pss":341538}}
I0712 15:13:29.728669 39341 rpcs_miscellaneous.go:98] Local indexer stats: database:{local_sqlite_faiss:{faiss_state_stats:{embedding_source:EMBEDDING_SOURCE_CODE_CONTEXT_ITEM  workspace:"/home/zukkini/Downloads/examples"  item_count:1958}  total_item_count:1958  quantized:true}}
I0712 15:13:29.728816 39341 rpcs_miscellaneous.go:99] Memory stats: {"runtime":{"alloc":39863928,"heap_inuse":46678016,"heap_released":14819328,"heap_sys":70025216,"total_alloc":388916408,"stack_inuse":1277952,"sys":81912088,"num_goroutine":40},"proc":{"virt_size":2571568,"pss":340826}}
I0712 15:18:29.458684 39341 rpcs_miscellaneous.go:98] Local indexer stats: database:{local_sqlite_faiss:{faiss_state_stats:{embedding_source:EMBEDDING_SOURCE_CODE_CONTEXT_ITEM  workspace:"/home/zukkini/Downloads/examples"  item_count:1958}  total_item_count:1958  quantized:true}}
I0712 15:18:29.458849 39341 rpcs_miscellaneous.go:99] Memory stats: {"runtime":{"alloc":34785160,"heap_inuse":44056576,"heap_released":14819328,"heap_sys":70057984,"total_alloc":414130904,"stack_inuse":1245184,"sys":81912088,"num_goroutine":40},"proc":{"virt_size":2571568,"pss":340834}}
I0712 15:23:29.665948 39341 rpcs_miscellaneous.go:98] Local indexer stats: database:{local_sqlite_faiss:{faiss_state_stats:{embedding_source:EMBEDDING_SOURCE_CODE_CONTEXT_ITEM  workspace:"/home/zukkini/Downloads/examples"  item_count:1958}  total_item_count:1958  quantized:true}}
I0712 15:23:29.666039 39341 rpcs_miscellaneous.go:99] Memory stats: {"runtime":{"alloc":39846832,"heap_inuse":46620672,"heap_released":14819328,"heap_sys":70025216,"total_alloc":439416760,"stack_inuse":1277952,"sys":81912088,"num_goroutine":40},"proc":{"virt_size":2571568,"pss":340841}}
I0712 15:28:29.322566 39341 rpcs_miscellaneous.go:98] Local indexer stats: database:{local_sqlite_faiss:{faiss_state_stats:{embedding_source:EMBEDDING_SOURCE_CODE_CONTEXT_ITEM  workspace:"/home/zukkini/Downloads/examples"  item_count:1958}  total_item_count:1958  quantized:true}}
I0712 15:28:29.322648 39341 rpcs_miscellaneous.go:99] Memory stats: {"runtime":{"alloc":34765456,"heap_inuse":43999232,"heap_released":13516800,"heap_sys":70156288,"total_alloc":467087248,"stack_inuse":1146880,"sys":81912088,"num_goroutine":40},"proc":{"virt_size":2571568,"pss":342126}}
I0712 15:33:29.531897 39341 rpcs_miscellaneous.go:98] Local indexer stats: database:{local_sqlite_faiss:{faiss_state_stats:{embedding_source:EMBEDDING_SOURCE_CODE_CONTEXT_ITEM  workspace:"/home/zukkini/Downloads/examples"  item_count:1958}  total_item_count:1958  quantized:true}}
I0712 15:33:29.532066 39341 rpcs_miscellaneous.go:99] Memory stats: {"runtime":{"alloc":39815944,"heap_inuse":46645248,"heap_released":14827520,"heap_sys":70123520,"total_alloc":492355080,"stack_inuse":1179648,"sys":81912088,"num_goroutine":40},"proc":{"virt_size":2571568,"pss":340922}}
I0712 15:38:29.782545 39341 rpcs_miscellaneous.go:98] Local indexer stats: database:{local_sqlite_faiss:{faiss_state_stats:{embedding_source:EMBEDDING_SOURCE_CODE_CONTEXT_ITEM  workspace:"/home/zukkini/Downloads/examples"  item_count:1958}  total_item_count:1958  quantized:true}}
I0712 15:38:29.782718 39341 rpcs_miscellaneous.go:99] Memory stats: {"runtime":{"alloc":34761416,"heap_inuse":44015616,"heap_released":14852096,"heap_sys":70156288,"total_alloc":520050424,"stack_inuse":1146880,"sys":81912088,"num_goroutine":40},"proc":{"virt_size":2571568,"pss":359182}}
I0712 15:43:29.467893 39341 rpcs_miscellaneous.go:98] Local indexer stats: database:{local_sqlite_faiss:{faiss_state_stats:{embedding_source:EMBEDDING_SOURCE_CODE_CONTEXT_ITEM  workspace:"/home/zukkini/Downloads/examples"  item_count:1958}  total_item_count:1958  quantized:true}}
I0712 15:43:29.467977 39341 rpcs_miscellaneous.go:99] Memory stats: {"runtime":{"alloc":39768032,"heap_inuse":46563328,"heap_released":14852096,"heap_sys":70123520,"total_alloc":545283024,"stack_inuse":1179648,"sys":81912088,"num_goroutine":40},"proc":{"virt_size":2571568,"pss":361241}}
I0712 15:48:30.091518 39341 rpcs_miscellaneous.go:98] Local indexer stats: database:{local_sqlite_faiss:{faiss_state_stats:{embedding_source:EMBEDDING_SOURCE_CODE_CONTEXT_ITEM  workspace:"/home/zukkini/Downloads/examples"  item_count:1958}  total_item_count:1958  quantized:true}}
I0712 15:48:30.091663 39341 rpcs_miscellaneous.go:99] Memory stats: {"runtime":{"alloc":34715744,"heap_inuse":43982848,"heap_released":14852096,"heap_sys":70123520,"total_alloc":570548088,"stack_inuse":1179648,"sys":81912088,"num_goroutine":40},"proc":{"virt_size":2571568,"pss":361241}}
I0712 15:53:29.824288 39341 rpcs_miscellaneous.go:98] Local indexer stats: database:{local_sqlite_faiss:{faiss_state_stats:{embedding_source:EMBEDDING_SOURCE_CODE_CONTEXT_ITEM  workspace:"/home/zukkini/Downloads/examples"  item_count:1958}  total_item_count:1958  quantized:true}}
I0712 15:53:29.824431 39341 rpcs_miscellaneous.go:99] Memory stats: {"runtime":{"alloc":39718776,"heap_inuse":46514176,"heap_released":14852096,"heap_sys":70123520,"total_alloc":595781512,"stack_inuse":1179648,"sys":81912088,"num_goroutine":40},"proc":{"virt_size":2571568,"pss":361246}}
I0712 15:58:30.027492 39341 rpcs_miscellaneous.go:98] Local indexer stats: database:{local_sqlite_faiss:{faiss_state_stats:{embedding_source:EMBEDDING_SOURCE_CODE_CONTEXT_ITEM  workspace:"/home/zukkini/Downloads/examples"  item_count:1958}  total_item_count:1958  quantized:true}}
I0712 15:58:30.027648 39341 rpcs_miscellaneous.go:99] Memory stats: {"runtime":{"alloc":34694752,"heap_inuse":44032000,"heap_released":14852096,"heap_sys":70123520,"total_alloc":621059664,"stack_inuse":1179648,"sys":81912088,"num_goroutine":40},"proc":{"virt_size":2571568,"pss":361249}}
I0712 16:03:29.747986 39341 rpcs_miscellaneous.go:98] Local indexer stats: database:{local_sqlite_faiss:{faiss_state_stats:{embedding_source:EMBEDDING_SOURCE_CODE_CONTEXT_ITEM  workspace:"/home/zukkini/Downloads/examples"  item_count:1958}  total_item_count:1958  quantized:true}}
I0712 16:03:29.748143 39341 rpcs_miscellaneous.go:99] Memory stats: {"runtime":{"alloc":39700376,"heap_inuse":46514176,"heap_released":14852096,"heap_sys":70090752,"total_alloc":646290920,"stack_inuse":1212416,"sys":81912088,"num_goroutine":40},"proc":{"virt_size":2571568,"pss":361249}}
I0712 16:08:29.991663 39341 rpcs_miscellaneous.go:98] Local indexer stats: database:{local_sqlite_faiss:{faiss_state_stats:{embedding_source:EMBEDDING_SOURCE_CODE_CONTEXT_ITEM  workspace:"/home/zukkini/Downloads/examples"  item_count:1958}  total_item_count:1958  quantized:true}}
I0712 16:08:29.991812 39341 rpcs_miscellaneous.go:99] Memory stats: {"runtime":{"alloc":34654360,"heap_inuse":43991040,"heap_released":14852096,"heap_sys":70156288,"total_alloc":672368664,"stack_inuse":1146880,"sys":81912088,"num_goroutine":38},"proc":{"virt_size":2571568,"pss":361253}}
I0712 16:13:30.205105 39341 rpcs_miscellaneous.go:98] Local indexer stats: database:{local_sqlite_faiss:{faiss_state_stats:{embedding_source:EMBEDDING_SOURCE_CODE_CONTEXT_ITEM  workspace:"/home/zukkini/Downloads/examples"  item_count:1958}  total_item_count:1958  quantized:true}}
I0712 16:13:30.205180 39341 rpcs_miscellaneous.go:99] Memory stats: {"runtime":{"alloc":40501688,"heap_inuse":47284224,"heap_released":14852096,"heap_sys":70090752,"total_alloc":698597824,"stack_inuse":1212416,"sys":81912088,"num_goroutine":40},"proc":{"virt_size":2571568,"pss":361253}}
I0712 16:18:29.954281 39341 rpcs_miscellaneous.go:98] Local indexer stats: database:{local_sqlite_faiss:{faiss_state_stats:{embedding_source:EMBEDDING_SOURCE_CODE_CONTEXT_ITEM  workspace:"/home/zukkini/Downloads/examples"  item_count:1958}  total_item_count:1958  quantized:true}}
I0712 16:18:29.954432 39341 rpcs_miscellaneous.go:99] Memory stats: {"runtime":{"alloc":34611800,"heap_inuse":43982848,"heap_released":14852096,"heap_sys":70123520,"total_alloc":723830696,"stack_inuse":1179648,"sys":81912088,"num_goroutine":40},"proc":{"virt_size":2571568,"pss":361257}}
I0712 16:23:30.153705 39341 rpcs_miscellaneous.go:98] Local indexer stats: database:{local_sqlite_faiss:{faiss_state_stats:{embedding_source:EMBEDDING_SOURCE_CODE_CONTEXT_ITEM  workspace:"/home/zukkini/Downloads/examples"  item_count:1958}  total_item_count:1958  quantized:true}}
I0712 16:23:30.153850 39341 rpcs_miscellaneous.go:99] Memory stats: {"runtime":{"alloc":39667128,"heap_inuse":46415872,"heap_released":14852096,"heap_sys":70123520,"total_alloc":749094648,"stack_inuse":1179648,"sys":81912088,"num_goroutine":40},"proc":{"virt_size":2571568,"pss":361260}}
I0712 16:28:29.893459 39341 rpcs_miscellaneous.go:98] Local indexer stats: database:{local_sqlite_faiss:{faiss_state_stats:{embedding_source:EMBEDDING_SOURCE_CODE_CONTEXT_ITEM  workspace:"/home/zukkini/Downloads/examples"  item_count:1958}  total_item_count:1958  quantized:true}}
I0712 16:28:29.893644 39341 rpcs_miscellaneous.go:99] Memory stats: {"runtime":{"alloc":34584944,"heap_inuse":43982848,"heap_released":14852096,"heap_sys":70156288,"total_alloc":774327616,"stack_inuse":1146880,"sys":81912088,"num_goroutine":40},"proc":{"virt_size":2571568,"pss":361264}}
I0712 16:33:30.112033 39341 rpcs_miscellaneous.go:98] Local indexer stats: database:{local_sqlite_faiss:{faiss_state_stats:{embedding_source:EMBEDDING_SOURCE_CODE_CONTEXT_ITEM  workspace:"/home/zukkini/Downloads/examples"  item_count:1958}  total_item_count:1958  quantized:true}}
I0712 16:33:30.112108 39341 rpcs_miscellaneous.go:99] Memory stats: {"runtime":{"alloc":39628320,"heap_inuse":46473216,"heap_released":14852096,"heap_sys":70123520,"total_alloc":799588984,"stack_inuse":1179648,"sys":81912088,"num_goroutine":40},"proc":{"virt_size":2571568,"pss":361268}}
I0712 16:38:29.817147 39341 rpcs_miscellaneous.go:98] Local indexer stats: database:{local_sqlite_faiss:{faiss_state_stats:{embedding_source:EMBEDDING_SOURCE_CODE_CONTEXT_ITEM  workspace:"/home/zukkini/Downloads/examples"  item_count:1958}  total_item_count:1958  quantized:true}}
I0712 16:38:29.817230 39341 rpcs_miscellaneous.go:99] Memory stats: {"runtime":{"alloc":34547936,"heap_inuse":43982848,"heap_released":14852096,"heap_sys":70156288,"total_alloc":824819992,"stack_inuse":1146880,"sys":81912088,"num_goroutine":40},"proc":{"virt_size":2571568,"pss":361268}}
I0712 16:43:30.047235 39341 rpcs_miscellaneous.go:98] Local indexer stats: database:{local_sqlite_faiss:{faiss_state_stats:{embedding_source:EMBEDDING_SOURCE_CODE_CONTEXT_ITEM  workspace:"/home/zukkini/Downloads/examples"  item_count:1958}  total_item_count:1958  quantized:true}}
I0712 16:43:30.047305 39341 rpcs_miscellaneous.go:99] Memory stats: {"runtime":{"alloc":39602368,"heap_inuse":46481408,"heap_released":14852096,"heap_sys":70189056,"total_alloc":850292888,"stack_inuse":1114112,"sys":81912088,"num_goroutine":40},"proc":{"virt_size":2571568,"pss":361273}}
I0712 16:48:29.783353 39341 rpcs_miscellaneous.go:98] Local indexer stats: database:{local_sqlite_faiss:{faiss_state_stats:{embedding_source:EMBEDDING_SOURCE_CODE_CONTEXT_ITEM  workspace:"/home/zukkini/Downloads/examples"  item_count:1958}  total_item_count:1958  quantized:true}}
I0712 16:48:29.783495 39341 rpcs_miscellaneous.go:99] Memory stats: {"runtime":{"alloc":34522728,"heap_inuse":43876352,"heap_released":14852096,"heap_sys":70189056,"total_alloc":875557256,"stack_inuse":1114112,"sys":81912088,"num_goroutine":40},"proc":{"virt_size":2571568,"pss":361273}}
I0712 16:53:30.011232 39341 rpcs_miscellaneous.go:98] Local indexer stats: database:{local_sqlite_faiss:{faiss_state_stats:{embedding_source:EMBEDDING_SOURCE_CODE_CONTEXT_ITEM  workspace:"/home/zukkini/Downloads/examples"  item_count:1958}  total_item_count:1958  quantized:true}}
I0712 16:53:30.011368 39341 rpcs_miscellaneous.go:99] Memory stats: {"runtime":{"alloc":39567256,"heap_inuse":46424064,"heap_released":14852096,"heap_sys":70123520,"total_alloc":900818240,"stack_inuse":1179648,"sys":81912088,"num_goroutine":40},"proc":{"virt_size":2571568,"pss":361273}}
I0712 16:58:29.781401 39341 rpcs_miscellaneous.go:98] Local indexer stats: database:{local_sqlite_faiss:{faiss_state_stats:{embedding_source:EMBEDDING_SOURCE_CODE_CONTEXT_ITEM  workspace:"/home/zukkini/Downloads/examples"  item_count:1958}  total_item_count:1958  quantized:true}}
I0712 16:58:29.781540 39341 rpcs_miscellaneous.go:99] Memory stats: {"runtime":{"alloc":34487848,"heap_inuse":43900928,"heap_released":14852096,"heap_sys":70123520,"total_alloc":926064408,"stack_inuse":1179648,"sys":81912088,"num_goroutine":40},"proc":{"virt_size":2571568,"pss":361273}}
I0712 17:03:29.981929 39341 rpcs_miscellaneous.go:98] Local indexer stats: database:{local_sqlite_faiss:{faiss_state_stats:{embedding_source:EMBEDDING_SOURCE_CODE_CONTEXT_ITEM  workspace:"/home/zukkini/Downloads/examples"  item_count:1958}  total_item_count:1958  quantized:true}}
I0712 17:03:29.982076 39341 rpcs_miscellaneous.go:99] Memory stats: {"runtime":{"alloc":39529576,"heap_inuse":46391296,"heap_released":14852096,"heap_sys":70123520,"total_alloc":951322064,"stack_inuse":1179648,"sys":81912088,"num_goroutine":40},"proc":{"virt_size":2571568,"pss":361277}}
I0712 17:08:30.186902 39341 rpcs_miscellaneous.go:98] Local indexer stats: database:{local_sqlite_faiss:{faiss_state_stats:{embedding_source:EMBEDDING_SOURCE_CODE_CONTEXT_ITEM  workspace:"/home/zukkini/Downloads/examples"  item_count:1958}  total_item_count:1958  quantized:true}}
I0712 17:08:30.186980 39341 rpcs_miscellaneous.go:99] Memory stats: {"runtime":{"alloc":34494576,"heap_inuse":43868160,"heap_released":14852096,"heap_sys":70090752,"total_alloc":976605336,"stack_inuse":1212416,"sys":81912088,"num_goroutine":40},"proc":{"virt_size":2571568,"pss":361277}}
I0712 17:13:29.894320 39341 rpcs_miscellaneous.go:98] Local indexer stats: database:{local_sqlite_faiss:{faiss_state_stats:{embedding_source:EMBEDDING_SOURCE_CODE_CONTEXT_ITEM  workspace:"/home/zukkini/Downloads/examples"  item_count:1958}  total_item_count:1958  quantized:true}}
I0712 17:13:29.894461 39341 rpcs_miscellaneous.go:99] Memory stats: {"runtime":{"alloc":39489040,"heap_inuse":46333952,"heap_released":14852096,"heap_sys":70090752,"total_alloc":1001818536,"stack_inuse":1212416,"sys":81912088,"num_goroutine":40},"proc":{"virt_size":2571568,"pss":361278}}
I0712 17:18:30.102090 39341 rpcs_miscellaneous.go:98] Local indexer stats: database:{local_sqlite_faiss:{faiss_state_stats:{embedding_source:EMBEDDING_SOURCE_CODE_CONTEXT_ITEM  workspace:"/home/zukkini/Downloads/examples"  item_count:1958}  total_item_count:1958  quantized:true}}
I0712 17:18:30.102235 39341 rpcs_miscellaneous.go:99] Memory stats: {"runtime":{"alloc":34464304,"heap_inuse":43925504,"heap_released":14852096,"heap_sys":70090752,"total_alloc":1027264904,"stack_inuse":1212416,"sys":81912088,"num_goroutine":40},"proc":{"virt_size":2571568,"pss":361275}}
I0712 17:23:29.827189 39341 rpcs_miscellaneous.go:98] Local indexer stats: database:{local_sqlite_faiss:{faiss_state_stats:{embedding_source:EMBEDDING_SOURCE_CODE_CONTEXT_ITEM  workspace:"/home/zukkini/Downloads/examples"  item_count:1958}  total_item_count:1958  quantized:true}}
I0712 17:23:29.827275 39341 rpcs_miscellaneous.go:99] Memory stats: {"runtime":{"alloc":39467136,"heap_inuse":46342144,"heap_released":13606912,"heap_sys":70090752,"total_alloc":1054921464,"stack_inuse":1212416,"sys":81912088,"num_goroutine":40},"proc":{"virt_size":2571568,"pss":362493}}
I0712 17:28:30.042272 39341 rpcs_miscellaneous.go:98] Local indexer stats: database:{local_sqlite_faiss:{faiss_state_stats:{embedding_source:EMBEDDING_SOURCE_CODE_CONTEXT_ITEM  workspace:"/home/zukkini/Downloads/examples"  item_count:1958}  total_item_count:1958  quantized:true}}
I0712 17:28:30.042443 39341 rpcs_miscellaneous.go:99] Memory stats: {"runtime":{"alloc":36866240,"heap_inuse":46424064,"heap_released":14991360,"heap_sys":70123520,"total_alloc":1092815136,"stack_inuse":1179648,"sys":81912088,"num_goroutine":40},"proc":{"virt_size":2571568,"pss":357877}}
I0712 17:33:30.211423 39341 rpcs_miscellaneous.go:98] Local indexer stats: database:{local_sqlite_faiss:{faiss_state_stats:{embedding_source:EMBEDDING_SOURCE_CODE_CONTEXT_ITEM  workspace:"/home/zukkini/Downloads/examples"  item_count:1958}  total_item_count:1958  quantized:true}}
I0712 17:33:30.211512 39341 rpcs_miscellaneous.go:99] Memory stats: {"runtime":{"alloc":39468496,"heap_inuse":46383104,"heap_released":15761408,"heap_sys":70090752,"total_alloc":1118094280,"stack_inuse":1212416,"sys":81912088,"num_goroutine":40},"proc":{"virt_size":2571568,"pss":357105}}
I0712 17:38:29.834563 39341 rpcs_miscellaneous.go:98] Local indexer stats: database:{local_sqlite_faiss:{faiss_state_stats:{embedding_source:EMBEDDING_SOURCE_CODE_CONTEXT_ITEM  workspace:"/home/zukkini/Downloads/examples"  item_count:1958}  total_item_count:1958  quantized:true}}
I0712 17:38:29.834651 39341 rpcs_miscellaneous.go:99] Memory stats: {"runtime":{"alloc":34404968,"heap_inuse":43909120,"heap_released":16089088,"heap_sys":70123520,"total_alloc":1144173440,"stack_inuse":1179648,"sys":81912088,"num_goroutine":40},"proc":{"virt_size":2571568,"pss":356785}}
I0712 17:43:29.994151 39341 rpcs_miscellaneous.go:98] Local indexer stats: database:{local_sqlite_faiss:{faiss_state_stats:{embedding_source:EMBEDDING_SOURCE_CODE_CONTEXT_ITEM  workspace:"/home/zukkini/Downloads/examples"  item_count:1958}  total_item_count:1958  quantized:true}}
I0712 17:43:29.994247 39341 rpcs_miscellaneous.go:99] Memory stats: {"runtime":{"alloc":39431240,"heap_inuse":46268416,"heap_released":16089088,"heap_sys":70123520,"total_alloc":1170280904,"stack_inuse":1179648,"sys":81912088,"num_goroutine":40},"proc":{"virt_size":2571568,"pss":356789}}
I0712 17:48:30.135742 39341 rpcs_miscellaneous.go:98] Local indexer stats: database:{local_sqlite_faiss:{faiss_state_stats:{embedding_source:EMBEDDING_SOURCE_CODE_CONTEXT_ITEM  workspace:"/home/zukkini/Downloads/examples"  item_count:1958}  total_item_count:1958  quantized:true}}
I0712 17:48:30.135825 39341 rpcs_miscellaneous.go:99] Memory stats: {"runtime":{"alloc":37801952,"heap_inuse":47407104,"heap_released":12984320,"heap_sys":70156288,"total_alloc":1203031104,"stack_inuse":1146880,"sys":81912088,"num_goroutine":40},"proc":{"virt_size":2571568,"pss":358789}}
I0712 17:53:29.786697 39341 rpcs_miscellaneous.go:98] Local indexer stats: database:{local_sqlite_faiss:{faiss_state_stats:{embedding_source:EMBEDDING_SOURCE_CODE_CONTEXT_ITEM  workspace:"/home/zukkini/Downloads/examples"  item_count:1958}  total_item_count:1958  quantized:true}}
I0712 17:53:29.786838 39341 rpcs_miscellaneous.go:99] Memory stats: {"runtime":{"alloc":39385056,"heap_inuse":46284800,"heap_released":16392192,"heap_sys":70156288,"total_alloc":1228267272,"stack_inuse":1146880,"sys":81912088,"num_goroutine":40},"proc":{"virt_size":2571568,"pss":355465}}
I0712 17:58:29.899010 39341 rpcs_miscellaneous.go:98] Local indexer stats: database:{local_sqlite_faiss:{faiss_state_stats:{embedding_source:EMBEDDING_SOURCE_CODE_CONTEXT_ITEM  workspace:"/home/zukkini/Downloads/examples"  item_count:1958}  total_item_count:1958  quantized:true}}
I0712 17:58:29.899101 39341 rpcs_miscellaneous.go:99] Memory stats: {"runtime":{"alloc":34336520,"heap_inuse":43958272,"heap_released":16531456,"heap_sys":70156288,"total_alloc":1258261528,"stack_inuse":1146880,"sys":81912088,"num_goroutine":40},"proc":{"virt_size":2571568,"pss":355353}}
I0712 18:03:30.023577 39341 rpcs_miscellaneous.go:98] Local indexer stats: database:{local_sqlite_faiss:{faiss_state_stats:{embedding_source:EMBEDDING_SOURCE_CODE_CONTEXT_ITEM  workspace:"/home/zukkini/Downloads/examples"  item_count:1958}  total_item_count:1958  quantized:true}}
I0712 18:03:30.023654 39341 rpcs_miscellaneous.go:99] Memory stats: {"runtime":{"alloc":39379144,"heap_inuse":46292992,"heap_released":16531456,"heap_sys":70189056,"total_alloc":1283544688,"stack_inuse":1114112,"sys":81912088,"num_goroutine":40},"proc":{"virt_size":2571568,"pss":355357}}
I0712 18:08:30.181602 39341 rpcs_miscellaneous.go:98] Local indexer stats: database:{local_sqlite_faiss:{faiss_state_stats:{embedding_source:EMBEDDING_SOURCE_CODE_CONTEXT_ITEM  workspace:"/home/zukkini/Downloads/examples"  item_count:1958}  total_item_count:1958  quantized:true}}
I0712 18:08:30.181712 39341 rpcs_miscellaneous.go:99] Memory stats: {"runtime":{"alloc":34328176,"heap_inuse":43884544,"heap_released":16531456,"heap_sys":70156288,"total_alloc":1308840704,"stack_inuse":1146880,"sys":81912088,"num_goroutine":40},"proc":{"virt_size":2571568,"pss":355357}}
I0712 18:13:29.820754 39341 rpcs_miscellaneous.go:98] Local indexer stats: database:{local_sqlite_faiss:{faiss_state_stats:{embedding_source:EMBEDDING_SOURCE_CODE_CONTEXT_ITEM  workspace:"/home/zukkini/Downloads/examples"  item_count:1958}  total_item_count:1958  quantized:true}}
I0712 18:13:29.820858 39341 rpcs_miscellaneous.go:99] Memory stats: {"runtime":{"alloc":39329440,"heap_inuse":46211072,"heap_released":16531456,"heap_sys":70156288,"total_alloc":1334078544,"stack_inuse":1146880,"sys":81912088,"num_goroutine":40},"proc":{"virt_size":2571568,"pss":362480}}
I0712 18:18:29.971314 39341 rpcs_miscellaneous.go:98] Local indexer stats: database:{local_sqlite_faiss:{faiss_state_stats:{embedding_source:EMBEDDING_SOURCE_CODE_CONTEXT_ITEM  workspace:"/home/zukkini/Downloads/examples"  item_count:1958}  total_item_count:1958  quantized:true}}
I0712 18:18:29.971398 39341 rpcs_miscellaneous.go:99] Memory stats: {"runtime":{"alloc":39258232,"heap_inuse":47996928,"heap_released":14172160,"heap_sys":70156288,"total_alloc":1365041872,"stack_inuse":1146880,"sys":81912088,"num_goroutine":38},"proc":{"virt_size":2571568,"pss":362488}}
I0712 18:23:30.116560 39341 rpcs_miscellaneous.go:98] Local indexer stats: database:{local_sqlite_faiss:{faiss_state_stats:{embedding_source:EMBEDDING_SOURCE_CODE_CONTEXT_ITEM  workspace:"/home/zukkini/Downloads/examples"  item_count:1958}  total_item_count:1958  quantized:true}}
I0712 18:23:30.116640 39341 rpcs_miscellaneous.go:99] Memory stats: {"runtime":{"alloc":39335320,"heap_inuse":46211072,"heap_released":16474112,"heap_sys":70156288,"total_alloc":1391401048,"stack_inuse":1146880,"sys":81912088,"num_goroutine":40},"proc":{"virt_size":2571568,"pss":360128}}
I0712 18:28:29.725771 39341 rpcs_miscellaneous.go:98] Local indexer stats: database:{local_sqlite_faiss:{faiss_state_stats:{embedding_source:EMBEDDING_SOURCE_CODE_CONTEXT_ITEM  workspace:"/home/zukkini/Downloads/examples"  item_count:1958}  total_item_count:1958  quantized:true}}
I0712 18:28:29.725856 39341 rpcs_miscellaneous.go:99] Memory stats: {"runtime":{"alloc":34261656,"heap_inuse":43982848,"heap_released":16752640,"heap_sys":70189056,"total_alloc":1424912832,"stack_inuse":1114112,"sys":81912088,"num_goroutine":40},"proc":{"virt_size":2571568,"pss":363436}}
I0712 18:33:29.855877 39341 rpcs_miscellaneous.go:98] Local indexer stats: database:{local_sqlite_faiss:{faiss_state_stats:{embedding_source:EMBEDDING_SOURCE_CODE_CONTEXT_ITEM  workspace:"/home/zukkini/Downloads/examples"  item_count:1958}  total_item_count:1958  quantized:true}}
I0712 18:33:29.855953 39341 rpcs_miscellaneous.go:99] Memory stats: {"runtime":{"alloc":39288384,"heap_inuse":46268416,"heap_released":16752640,"heap_sys":70123520,"total_alloc":1450187784,"stack_inuse":1179648,"sys":81912088,"num_goroutine":40},"proc":{"virt_size":2571568,"pss":363440}}
I0712 18:38:29.989323 39341 rpcs_miscellaneous.go:98] Local indexer stats: database:{local_sqlite_faiss:{faiss_state_stats:{embedding_source:EMBEDDING_SOURCE_CODE_CONTEXT_ITEM  workspace:"/home/zukkini/Downloads/examples"  item_count:1958}  total_item_count:1958  quantized:true}}
I0712 18:38:29.989404 39341 rpcs_miscellaneous.go:99] Memory stats: {"runtime":{"alloc":34253088,"heap_inuse":44015616,"heap_released":16752640,"heap_sys":70156288,"total_alloc":1475480968,"stack_inuse":1146880,"sys":81912088,"num_goroutine":40},"proc":{"virt_size":2571568,"pss":363444}}
(VSCode) 2024-07-12 18:43:14.299 [INFO]: Disposing language server process
(VSCode) 2024-07-12 18:43:14.300 [INFO]: Deleting manager directory: /tmp/06df93c1-c90b-41e3-a66c-fa5ad4355b6b/codeium/manager
(VSCode) 2024-07-12 18:43:14.301 [INFO]: Successfully disposed language server
W0712 18:43:14.300185 39327 main.go:121] Language server manager got signal terminated, shutting down
