2024-07-09 13:28:53.196 [info] Started local extension host with pid 14861.
2024-07-09 13:28:56.349 [info] [perf] Render performance baseline is 158ms
2024-07-09 14:46:28.747 [error] [Extension Host] Error: internal assertion failed; please report this error on https://github.com/71/dance/issues. its stacktrace is available in the developer console (Command Palette > Open Developer Tools).
	at assert (/home/zukkini/.vscode-oss/extensions/silverquark.dancehelix-0.5.16/out/src/utils/errors.js:10:23)
	at Cursor.previous (/home/zukkini/.vscode-oss/extensions/silverquark.dancehelix-0.5.16/out/src/state/recorder.js:619:29)
	at Recorder.lastEntry (/home/zukkini/.vscode-oss/extensions/silverquark.dancehelix-0.5.16/out/src/state/recorder.js:69:21)
	at Recorder._record (/home/zukkini/.vscode-oss/extensions/silverquark.dancehelix-0.5.16/out/src/state/recorder.js:81:39)
	at Recorder._recordExternalSelectionChange (/home/zukkini/.vscode-oss/extensions/silverquark.dancehelix-0.5.16/out/src/state/recorder.js:396:14)
	at n.value (/usr/lib/code/out/vs/workbench/api/node/extensionHostProcess.js:164:20994)
	at r.B (/usr/lib/code/out/vs/workbench/api/node/extensionHostProcess.js:83:737)
	at r.C (/usr/lib/code/out/vs/workbench/api/node/extensionHostProcess.js:83:807)
	at r.fire (/usr/lib/code/out/vs/workbench/api/node/extensionHostProcess.js:83:1023)
	at a.$acceptEditorPropertiesChanged (/usr/lib/code/out/vs/workbench/api/node/extensionHostProcess.js:156:33300)
	at S (/usr/lib/code/out/vs/workbench/api/node/extensionHostProcess.js:151:5986)
	at S.Q (/usr/lib/code/out/vs/workbench/api/node/extensionHostProcess.js:151:5752)
	at S.M (/usr/lib/code/out/vs/workbench/api/node/extensionHostProcess.js:151:4778)
	at S.L (/usr/lib/code/out/vs/workbench/api/node/extensionHostProcess.js:151:3605)
	at n.value (/usr/lib/code/out/vs/workbench/api/node/extensionHostProcess.js:151:2297)
	at r.B (/usr/lib/code/out/vs/workbench/api/node/extensionHostProcess.js:83:737)
	at r.fire (/usr/lib/code/out/vs/workbench/api/node/extensionHostProcess.js:83:954)
	at o.fire (/usr/lib/code/out/vs/workbench/api/node/extensionHostProcess.js:108:14502)
	at n.value (/usr/lib/code/out/vs/workbench/api/node/extensionHostProcess.js:177:8639)
	at r.B (/usr/lib/code/out/vs/workbench/api/node/extensionHostProcess.js:83:737)
	at r.fire (/usr/lib/code/out/vs/workbench/api/node/extensionHostProcess.js:83:954)
	at o.fire (/usr/lib/code/out/vs/workbench/api/node/extensionHostProcess.js:108:14502)
	at MessagePortMain.<anonymous> (/usr/lib/code/out/vs/workbench/api/node/extensionHostProcess.js:177:6765)
	at MessagePortMain.emit (node:events:514:28)
	at MessagePortMain.emit (node:domain:488:12)
	at MessagePortMain._internalPort.emit (node:electron/js2c/utility_init:2:2285)
2024-07-09 14:46:28.748 [error] [ExtensionListenerError] Extension 'silverquark.dancehelix' FAILED to handle event: Error: internal assertion failed; please report this error on https://github.com/71/dance/issues. its stacktrace is available in the developer console (Command Palette > Open Developer Tools).: Error: [ExtensionListenerError] Extension 'silverquark.dancehelix' FAILED to handle event: Error: internal assertion failed; please report this error on https://github.com/71/dance/issues. its stacktrace is available in the developer console (Command Palette > Open Developer Tools).
	at n.value (/usr/lib/code/out/vs/workbench/api/node/extensionHostProcess.js:164:21021)
	at r.B (/usr/lib/code/out/vs/workbench/api/node/extensionHostProcess.js:83:737)
	at r.C (/usr/lib/code/out/vs/workbench/api/node/extensionHostProcess.js:83:807)
	at r.fire (/usr/lib/code/out/vs/workbench/api/node/extensionHostProcess.js:83:1023)
	at a.$acceptEditorPropertiesChanged (/usr/lib/code/out/vs/workbench/api/node/extensionHostProcess.js:156:33300)
	at S (/usr/lib/code/out/vs/workbench/api/node/extensionHostProcess.js:151:5986)
	at S.Q (/usr/lib/code/out/vs/workbench/api/node/extensionHostProcess.js:151:5752)
	at S.M (/usr/lib/code/out/vs/workbench/api/node/extensionHostProcess.js:151:4778)
	at S.L (/usr/lib/code/out/vs/workbench/api/node/extensionHostProcess.js:151:3605)
	at n.value (/usr/lib/code/out/vs/workbench/api/node/extensionHostProcess.js:151:2297)
	at r.B (/usr/lib/code/out/vs/workbench/api/node/extensionHostProcess.js:83:737)
	at r.fire (/usr/lib/code/out/vs/workbench/api/node/extensionHostProcess.js:83:954)
	at o.fire (/usr/lib/code/out/vs/workbench/api/node/extensionHostProcess.js:108:14502)
	at n.value (/usr/lib/code/out/vs/workbench/api/node/extensionHostProcess.js:177:8639)
	at r.B (/usr/lib/code/out/vs/workbench/api/node/extensionHostProcess.js:83:737)
	at r.fire (/usr/lib/code/out/vs/workbench/api/node/extensionHostProcess.js:83:954)
	at o.fire (/usr/lib/code/out/vs/workbench/api/node/extensionHostProcess.js:108:14502)
	at MessagePortMain.<anonymous> (/usr/lib/code/out/vs/workbench/api/node/extensionHostProcess.js:177:6765)
	at MessagePortMain.emit (node:events:514:28)
	at MessagePortMain.emit (node:domain:488:12)
	at MessagePortMain._internalPort.emit (node:electron/js2c/utility_init:2:2285)
2024-07-09 16:46:10.884 [error] [Extension Host] Error: internal assertion failed; please report this error on https://github.com/71/dance/issues. its stacktrace is available in the developer console (Command Palette > Open Developer Tools).
	at assert (/home/zukkini/.vscode-oss/extensions/silverquark.dancehelix-0.5.16/out/src/utils/errors.js:10:23)
	at Cursor.previous (/home/zukkini/.vscode-oss/extensions/silverquark.dancehelix-0.5.16/out/src/state/recorder.js:619:29)
	at Recorder.lastEntry (/home/zukkini/.vscode-oss/extensions/silverquark.dancehelix-0.5.16/out/src/state/recorder.js:69:21)
	at Recorder._record (/home/zukkini/.vscode-oss/extensions/silverquark.dancehelix-0.5.16/out/src/state/recorder.js:81:39)
	at Recorder._recordExternalSelectionChange (/home/zukkini/.vscode-oss/extensions/silverquark.dancehelix-0.5.16/out/src/state/recorder.js:396:14)
	at n.value (/usr/lib/code/out/vs/workbench/api/node/extensionHostProcess.js:164:20994)
	at r.B (/usr/lib/code/out/vs/workbench/api/node/extensionHostProcess.js:83:737)
	at r.C (/usr/lib/code/out/vs/workbench/api/node/extensionHostProcess.js:83:807)
	at r.fire (/usr/lib/code/out/vs/workbench/api/node/extensionHostProcess.js:83:1023)
	at a.$acceptEditorPropertiesChanged (/usr/lib/code/out/vs/workbench/api/node/extensionHostProcess.js:156:33300)
	at S (/usr/lib/code/out/vs/workbench/api/node/extensionHostProcess.js:151:5986)
	at S.Q (/usr/lib/code/out/vs/workbench/api/node/extensionHostProcess.js:151:5752)
	at S.M (/usr/lib/code/out/vs/workbench/api/node/extensionHostProcess.js:151:4778)
	at S.L (/usr/lib/code/out/vs/workbench/api/node/extensionHostProcess.js:151:3605)
	at n.value (/usr/lib/code/out/vs/workbench/api/node/extensionHostProcess.js:151:2297)
	at r.B (/usr/lib/code/out/vs/workbench/api/node/extensionHostProcess.js:83:737)
	at r.fire (/usr/lib/code/out/vs/workbench/api/node/extensionHostProcess.js:83:954)
	at o.fire (/usr/lib/code/out/vs/workbench/api/node/extensionHostProcess.js:108:14502)
	at n.value (/usr/lib/code/out/vs/workbench/api/node/extensionHostProcess.js:177:8639)
	at r.B (/usr/lib/code/out/vs/workbench/api/node/extensionHostProcess.js:83:737)
	at r.fire (/usr/lib/code/out/vs/workbench/api/node/extensionHostProcess.js:83:954)
	at o.fire (/usr/lib/code/out/vs/workbench/api/node/extensionHostProcess.js:108:14502)
	at MessagePortMain.<anonymous> (/usr/lib/code/out/vs/workbench/api/node/extensionHostProcess.js:177:6765)
	at MessagePortMain.emit (node:events:514:28)
	at MessagePortMain.emit (node:domain:488:12)
	at MessagePortMain._internalPort.emit (node:electron/js2c/utility_init:2:2285)
2024-07-09 16:46:10.886 [error] [ExtensionListenerError] Extension 'silverquark.dancehelix' FAILED to handle event: Error: internal assertion failed; please report this error on https://github.com/71/dance/issues. its stacktrace is available in the developer console (Command Palette > Open Developer Tools).: Error: [ExtensionListenerError] Extension 'silverquark.dancehelix' FAILED to handle event: Error: internal assertion failed; please report this error on https://github.com/71/dance/issues. its stacktrace is available in the developer console (Command Palette > Open Developer Tools).
	at n.value (/usr/lib/code/out/vs/workbench/api/node/extensionHostProcess.js:164:21021)
	at r.B (/usr/lib/code/out/vs/workbench/api/node/extensionHostProcess.js:83:737)
	at r.C (/usr/lib/code/out/vs/workbench/api/node/extensionHostProcess.js:83:807)
	at r.fire (/usr/lib/code/out/vs/workbench/api/node/extensionHostProcess.js:83:1023)
	at a.$acceptEditorPropertiesChanged (/usr/lib/code/out/vs/workbench/api/node/extensionHostProcess.js:156:33300)
	at S (/usr/lib/code/out/vs/workbench/api/node/extensionHostProcess.js:151:5986)
	at S.Q (/usr/lib/code/out/vs/workbench/api/node/extensionHostProcess.js:151:5752)
	at S.M (/usr/lib/code/out/vs/workbench/api/node/extensionHostProcess.js:151:4778)
	at S.L (/usr/lib/code/out/vs/workbench/api/node/extensionHostProcess.js:151:3605)
	at n.value (/usr/lib/code/out/vs/workbench/api/node/extensionHostProcess.js:151:2297)
	at r.B (/usr/lib/code/out/vs/workbench/api/node/extensionHostProcess.js:83:737)
	at r.fire (/usr/lib/code/out/vs/workbench/api/node/extensionHostProcess.js:83:954)
	at o.fire (/usr/lib/code/out/vs/workbench/api/node/extensionHostProcess.js:108:14502)
	at n.value (/usr/lib/code/out/vs/workbench/api/node/extensionHostProcess.js:177:8639)
	at r.B (/usr/lib/code/out/vs/workbench/api/node/extensionHostProcess.js:83:737)
	at r.fire (/usr/lib/code/out/vs/workbench/api/node/extensionHostProcess.js:83:954)
	at o.fire (/usr/lib/code/out/vs/workbench/api/node/extensionHostProcess.js:108:14502)
	at MessagePortMain.<anonymous> (/usr/lib/code/out/vs/workbench/api/node/extensionHostProcess.js:177:6765)
	at MessagePortMain.emit (node:events:514:28)
	at MessagePortMain.emit (node:domain:488:12)
	at MessagePortMain._internalPort.emit (node:electron/js2c/utility_init:2:2285)
2024-07-09 17:22:38.306 [error] [Extension Host] Error: internal assertion failed; please report this error on https://github.com/71/dance/issues. its stacktrace is available in the developer console (Command Palette > Open Developer Tools).
	at assert (/home/zukkini/.vscode-oss/extensions/silverquark.dancehelix-0.5.16/out/src/utils/errors.js:10:23)
	at Cursor.previous (/home/zukkini/.vscode-oss/extensions/silverquark.dancehelix-0.5.16/out/src/state/recorder.js:619:29)
	at Recorder.lastEntry (/home/zukkini/.vscode-oss/extensions/silverquark.dancehelix-0.5.16/out/src/state/recorder.js:69:21)
	at Recorder._record (/home/zukkini/.vscode-oss/extensions/silverquark.dancehelix-0.5.16/out/src/state/recorder.js:81:39)
	at Recorder.recordCommand (/home/zukkini/.vscode-oss/extensions/silverquark.dancehelix-0.5.16/out/src/state/recorder.js:248:14)
	at CommandDescriptor.invoke (/home/zukkini/.vscode-oss/extensions/silverquark.dancehelix-0.5.16/out/src/commands/index.js:73:32)
	at async Extension.runPromiseSafely (/home/zukkini/.vscode-oss/extensions/silverquark.dancehelix-0.5.16/out/src/state/extension.js:285:20)
	at async f.h (/usr/lib/code/out/vs/workbench/api/node/extensionHostProcess.js:154:204392)
2024-07-09 17:22:38.306 [error] [Extension Host] error executing command "dance.select.up.jump": internal assertion failed; please report this error on https://github.com/71/dance/issues. its stacktrace is available in the developer console (Command Palette > Open Developer Tools).
2024-07-09 17:57:07.045 [error] [Extension Host] error executing command "dance.seek.object": no selections remain
2024-07-09 17:59:29.493 [error] [Extension Host] Error: internal assertion failed; please report this error on https://github.com/71/dance/issues. its stacktrace is available in the developer console (Command Palette > Open Developer Tools).
	at assert (/home/zukkini/.vscode-oss/extensions/silverquark.dancehelix-0.5.16/out/src/utils/errors.js:10:23)
	at Cursor.previous (/home/zukkini/.vscode-oss/extensions/silverquark.dancehelix-0.5.16/out/src/state/recorder.js:619:29)
	at Recorder.lastEntry (/home/zukkini/.vscode-oss/extensions/silverquark.dancehelix-0.5.16/out/src/state/recorder.js:69:21)
	at Recorder._record (/home/zukkini/.vscode-oss/extensions/silverquark.dancehelix-0.5.16/out/src/state/recorder.js:81:39)
	at Recorder.recordCommand (/home/zukkini/.vscode-oss/extensions/silverquark.dancehelix-0.5.16/out/src/state/recorder.js:248:14)
	at /home/zukkini/.vscode-oss/extensions/silverquark.dancehelix-0.5.16/out/src/api/run.js:281:34
	at async Context.runAsync (/home/zukkini/.vscode-oss/extensions/silverquark.dancehelix-0.5.16/out/src/api/context.js:138:20)
	at async CommandDescriptor.invoke (/home/zukkini/.vscode-oss/extensions/silverquark.dancehelix-0.5.16/out/src/commands/index.js:62:22)
	at async Extension.runPromiseSafely (/home/zukkini/.vscode-oss/extensions/silverquark.dancehelix-0.5.16/out/src/state/extension.js:285:20)
	at async f.h (/usr/lib/code/out/vs/workbench/api/node/extensionHostProcess.js:154:204392)
2024-07-09 17:59:29.495 [error] [Extension Host] error executing command "dance.select.up.jump": internal assertion failed; please report this error on https://github.com/71/dance/issues. its stacktrace is available in the developer console (Command Palette > Open Developer Tools).
