2024-07-09 10:05:25.788 [info] Added views:workbench.panel.markers.view in workbench.panel.markers
2024-07-09 10:05:25.788 [info] Added views:workbench.panel.output in workbench.panel.output
2024-07-09 10:05:25.788 [info] Added views:terminal in terminal
2024-07-09 10:05:25.788 [info] Added views:outline in workbench.view.explorer
2024-07-09 10:05:25.788 [info] Added views:workbench.scm in workbench.view.scm
2024-07-09 10:05:25.788 [info] Added views:workbench.view.search in workbench.view.search
2024-07-09 10:05:25.788 [info] Added views:timeline in workbench.view.explorer
2024-07-09 10:05:25.788 [info] Added views:workbench.explorer.fileView in workbench.view.explorer
2024-07-09 10:05:26.072 [info] Added views:workbench.debug.welcome in workbench.view.debug
2024-07-09 10:05:26.723 [info] Added views:codeium.chatPanelView in workbench.view.extension.codeium
2024-07-09 10:05:26.724 [info] Added views:registers in workbench.view.extension.dance
2024-07-09 10:05:26.921 [info] Added views:workbench.panel.repl.view in workbench.panel.repl
2024-07-09 10:05:28.657 [info] Added views:~remote.forwardedPorts in ~remote.forwardedPortsContainer
2024-07-09 10:05:29.793 [info] Added views:workbench.panel.comments in workbench.panel.comments
2024-07-09 10:47:33.645 [info] Added views:workbench.views.extensions.installed,workbench.views.extensions.popular,extensions.recommendedList in workbench.view.extensions
2024-07-09 10:47:33.650 [info] Removed views:workbench.views.extensions.popular from workbench.view.extensions
2024-07-09 10:50:19.947 [info] Removed views:extensions.recommendedList,workbench.views.extensions.installed from workbench.view.extensions
2024-07-09 10:50:19.987 [info] Added views:workbench.views.extensions.marketplace in workbench.view.extensions
2024-07-09 10:50:21.741 [info] Removed views:workbench.views.extensions.marketplace from workbench.view.extensions
2024-07-09 10:50:21.772 [info] Added views:workbench.views.extensions.installed,extensions.recommendedList in workbench.view.extensions
