(VSCode) 2024-07-04 14:37:12.521 [INFO]: No proxy settings found
(VSCode) 2024-07-04 14:37:13.862 [INFO]: Creating manager directory: /tmp/675f8d1f-53fd-4983-b0a5-ec6e4c28f810/codeium/manager
(VSCode) 2024-07-04 14:37:14.448 [INFO]: Using cached LS with valid crc32: /home/zukkini/.vscode-oss/extensions/codeium.codeium-1.8.73-universal/dist/6cdf138621c60b5ad2a4202883779040e4f63a40/language_server_linux_x64
(VSCode) 2024-07-04 14:37:14.457 [INFO]: Language server started
I0704 14:37:14.631105 26216 main.go:605] Starting language server manager with pid 26216
I0704 14:37:14.631241 26216 main.go:112] Manager acquired its lock file /tmp/675f8d1f-53fd-4983-b0a5-ec6e4c28f810/codeium/manager/locks/manager.lock
I0704 14:37:14.631876 26216 main.go:250] Waiting for random port file in /tmp/675f8d1f-53fd-4983-b0a5-ec6e4c28f810/codeium/manager/child_random_port_1720093034631338698_2894341904153629960 to be created
I0704 14:37:14.799928 26231 main.go:599] Starting language server process with pid 26231
I0704 14:37:14.800011 26231 server.go:156] Language server will attempt to listen on host 127.0.0.1
I0704 14:37:14.800170 26231 server.go:163] Language server listening on random port at 36235
I0704 14:37:14.800249 26231 proxy.go:113] proxyplease.proxy> No proxy provided. Attempting to infer from system.
I0704 14:37:14.800277 26231 proxy.go:113] proxyplease.proxy> No proxy could be determined. Assuming a direct connection.
I0704 14:37:14.800314 26231 client.go:589] [DEBUG] GET https://server.codeium.com/exa.api_server_pb.ApiServerService/GetCompletions
I0704 14:37:15.277577 26231 unleash.go:90] Initializing Unleash
I0704 14:37:15.712057 26231 unleash.go:110] Successfully initialized Unleash
E0704 14:37:15.741842 26231 client_manager.go:270] Metadata is nil when trying to refresh user JWT
I0704 14:37:16.182074 26231 server.go:355] Successfully created API server client
I0704 14:37:16.269876 26231 server.go:364] Successfully initialized tokenizer
I0704 14:37:16.380922 26231 server.go:473] Local search is enabled, will index local files.
I0704 14:37:16.381009 26231 server.go:477] Using 3 indexer workers
I0704 14:37:16.381163 26231 search_provider.go:201] Using database at /home/zukkini/.codeium/database/9c0694567290725d9dcba14ade58e297/2/MODEL_EMBED_6591
I0704 14:37:16.398371 26231 search_provider.go:215] Successfully created embedding search database in 17ms
I0704 14:37:16.398956 26231 indexer.go:225] Using 12 embed workers
I0704 14:37:16.399064 26231 search_provider.go:240] Successfully created and started indexer
I0704 14:37:16.399114 26231 search_provider.go:266] Successfully created embedding search provider
I0704 14:37:16.399135 26231 server.go:516] Successfully created exact search provider
I0704 14:37:16.411982 26231 server.go:546] Successfully created completion provider
I0704 14:37:16.412202 26231 server.go:595] Child process attempting to acquire lock file /tmp/675f8d1f-53fd-4983-b0a5-ec6e4c28f810/codeium/manager/locks/child_lock_1720093034631407344_8189609752984418611
I0704 14:37:16.412287 26231 server.go:603] Child process acquired lock file /tmp/675f8d1f-53fd-4983-b0a5-ec6e4c28f810/codeium/manager/locks/child_lock_1720093034631407344_8189609752984418611
I0704 14:37:16.418767 26231 server.go:183] LSP listening on random port at 36133
I0704 14:37:16.419344 26231 web_server.go:239] Chat Web Server listening at ws://127.0.0.1:41873
36133
I0704 14:37:16.440814 26216 main.go:286] Language server manager found random server port 36235
I0704 14:37:16.440892 26216 main.go:287] Language server manager found random lsp port 36133
I0704 14:37:16.440940 26216 main.go:294] Language server manager attempting to connect to language server at 127.0.0.1:36235
I0704 14:37:16.480507 26216 main.go:165] Fixing language server port at 36235
I0704 14:37:16.480558 26216 main.go:345] Language server manager successfully connected to new language server at 127.0.0.1:36235
(VSCode) 2024-07-04 14:37:16.575 [INFO]: Found language server running on port 36235
(VSCode) 2024-07-04 14:37:16.591 [INFO]: Downloaded binary: /home/zukkini/.codeium/bin/af6b6c543b224d348a8876f0c06245d9ea7929c5/ripgrep_linux_x64
I0704 14:37:16.607865 26231 utils.go:182] Analyzing workspace files for /home/zukkini/test/
I0704 14:37:16.608124 26231 utils.go:242] Done analyzing workspace files for /home/zukkini/test/
I0704 14:37:16.608139 26231 lsp.go:208] Found 3 files in workspace /home/zukkini/test/
I0704 14:37:16.608221 26231 lsp.go:232] Adding workspace listener for [0xc0002cf6c0]
I0704 14:37:16.608267 26231 indexing_listener.go:195] Add workspace event with uid 1 for workspace /home/zukkini/test/
I0704 14:37:16.608359 26231 indexing_listener.go:235] Done enqueue workspace with uid 1
I0704 14:37:16.609500 26231 rpcs_miscellaneous.go:118] Ripgrep available at /home/zukkini/.codeium/bin/af6b6c543b224d348a8876f0c06245d9ea7929c5/ripgrep_linux_x64
I0704 14:37:16.613742 26231 lazy_model.go:29] Successfully created faiss index
I0704 14:37:16.735723 26231 rpcs_miscellaneous.go:312] University version is up to date.
W0704 14:37:23.266369 26231 chat_token_limit.go:46] error converting token count to int: experiment key CHAT_TOKENS_SOFT_LIMIT does not have variant payload
W0704 14:37:25.152750 26231 chat_token_limit.go:46] error converting token count to int: experiment key CHAT_TOKENS_SOFT_LIMIT does not have variant payload
I0704 14:37:26.870545 26231 api.go:349] Handle set draft query: ""
(VSCode) 2024-07-04 14:43:08.089 [INFO]: Completion request was cancelled by token (345.8ms)
(VSCode) 2024-07-04 14:43:08.744 [INFO]: Completion request was cancelled by token (604.99ms)
(VSCode) 2024-07-04 14:43:12.896 [INFO]: Completion request succeeded (543.92ms)
(VSCode) 2024-07-04 14:43:12.900 [INFO]: No completions were generated
(VSCode) 2024-07-04 14:43:12.901 [INFO]: provideInlineCompletionItems request succeeded (550.39ms)
(VSCode) 2024-07-04 14:43:13.889 [INFO]: Completion request succeeded (358.02ms)
(VSCode) 2024-07-04 14:43:13.894 [INFO]: No completions were generated
(VSCode) 2024-07-04 14:43:13.895 [INFO]: provideInlineCompletionItems request succeeded (364.63ms)
(VSCode) 2024-07-04 14:43:17.983 [INFO]: Completion request was cancelled by token (718.93ms)
(VSCode) 2024-07-04 14:43:20.681 [INFO]: Completion request was cancelled by token (79.78ms)
(VSCode) 2024-07-04 14:43:20.737 [INFO]: Skipping completions because autocomplete is open
(VSCode) 2024-07-04 14:43:29.360 [INFO]: Completion request succeeded (506.17ms)
(VSCode) 2024-07-04 14:43:29.362 [INFO]: No completions were generated
(VSCode) 2024-07-04 14:43:29.362 [INFO]: provideInlineCompletionItems request succeeded (510.84ms)
(VSCode) 2024-07-04 14:43:30.300 [INFO]: Completion request succeeded (368.81ms)
(VSCode) 2024-07-04 14:43:30.301 [INFO]: No completions were generated
(VSCode) 2024-07-04 14:43:30.302 [INFO]: provideInlineCompletionItems request succeeded (372.04ms)
(VSCode) 2024-07-04 14:43:32.229 [INFO]: Completion request was cancelled by token (148.17ms)
(VSCode) 2024-07-04 14:43:32.885 [INFO]: Completion request was cancelled by token (597.25ms)
(VSCode) 2024-07-04 14:43:38.648 [INFO]: Completion request succeeded (398ms)
(VSCode) 2024-07-04 14:43:38.651 [INFO]: Generated 1 completion
(VSCode) 2024-07-04 14:43:38.655 [INFO]: provideInlineCompletionItems request succeeded (405.57ms)
(VSCode) 2024-07-04 14:43:42.890 [INFO]: Completion request succeeded (872.72ms)
(VSCode) 2024-07-04 14:43:42.893 [INFO]: Generated 1 completion
(VSCode) 2024-07-04 14:43:42.896 [INFO]: provideInlineCompletionItems request succeeded (879.12ms)
(VSCode) 2024-07-04 14:43:44.909 [INFO]: Completion request succeeded (735.42ms)
(VSCode) 2024-07-04 14:43:44.910 [INFO]: No completions were generated
(VSCode) 2024-07-04 14:43:44.911 [INFO]: provideInlineCompletionItems request succeeded (738.13ms)
(VSCode) 2024-07-04 14:43:55.623 [INFO]: Completion request succeeded (770.69ms)
(VSCode) 2024-07-04 14:43:55.626 [INFO]: Generated 1 completion
(VSCode) 2024-07-04 14:43:55.628 [INFO]: provideInlineCompletionItems request succeeded (776.14ms)
(VSCode) 2024-07-04 14:44:09.089 [INFO]: Completion request was cancelled by token (144.7ms)
(VSCode) 2024-07-04 14:44:09.243 [INFO]: Completion request was cancelled by token (105.87ms)
(VSCode) 2024-07-04 14:44:09.389 [INFO]: Completion request was cancelled by token (95.52ms)
(VSCode) 2024-07-04 14:44:09.509 [INFO]: Completion request was cancelled by token (70.14ms)
(VSCode) 2024-07-04 14:44:09.718 [INFO]: Completion request was cancelled by token (158.32ms)
(VSCode) 2024-07-04 14:44:09.994 [INFO]: Completion request was cancelled by token (225.98ms)
(VSCode) 2024-07-04 14:44:10.163 [INFO]: Completion request was cancelled by token (118.62ms)
(VSCode) 2024-07-04 14:44:10.215 [INFO]: Skipping completions because autocomplete is open
(VSCode) 2024-07-04 14:44:10.283 [INFO]: Skipping completions because autocomplete is open
(VSCode) 2024-07-04 14:44:10.508 [INFO]: Skipping completions because autocomplete is open
(VSCode) 2024-07-04 14:44:10.604 [INFO]: Skipping completions because autocomplete is open
(VSCode) 2024-07-04 14:44:10.798 [INFO]: Skipping completions because autocomplete is open
(VSCode) 2024-07-04 14:44:10.892 [INFO]: Skipping completions because autocomplete is open
(VSCode) 2024-07-04 14:44:11.460 [INFO]: Completion request succeeded (391.12ms)
(VSCode) 2024-07-04 14:44:11.462 [INFO]: No completions were generated
(VSCode) 2024-07-04 14:44:11.463 [INFO]: provideInlineCompletionItems request succeeded (394.47ms)
(VSCode) 2024-07-04 14:46:30.946 [INFO]: Completion request succeeded (916.25ms)
(VSCode) 2024-07-04 14:46:30.949 [INFO]: Generated 1 completion
(VSCode) 2024-07-04 14:46:30.953 [INFO]: provideInlineCompletionItems request succeeded (926.31ms)
(VSCode) 2024-07-04 14:46:37.619 [INFO]: Completion request succeeded (383.85ms)
(VSCode) 2024-07-04 14:46:37.621 [INFO]: Generated 5 completions
(VSCode) 2024-07-04 14:46:37.628 [INFO]: provideInlineCompletionItems request succeeded (394.01ms)
(VSCode) 2024-07-04 14:46:38.452 [INFO]: Completion request succeeded (12.33ms)
(VSCode) 2024-07-04 14:46:38.453 [INFO]: Generated 1 completion
(VSCode) 2024-07-04 14:46:38.454 [INFO]: provideInlineCompletionItems request succeeded (15.49ms)
(VSCode) 2024-07-04 14:46:38.810 [INFO]: Skipping completions because autocomplete is open
(VSCode) 2024-07-04 14:46:40.159 [INFO]: Skipping completions because autocomplete is open
(VSCode) 2024-07-04 14:46:40.463 [INFO]: Completion request was cancelled by token (180.27ms)
(VSCode) 2024-07-04 14:46:40.974 [INFO]: Completion request was cancelled by token (460.71ms)
(VSCode) 2024-07-04 14:46:41.847 [INFO]: Completion request succeeded (818.72ms)
(VSCode) 2024-07-04 14:46:41.850 [INFO]: Generated 3 completions
(VSCode) 2024-07-04 14:46:41.854 [INFO]: provideInlineCompletionItems request succeeded (826.31ms)
(VSCode) 2024-07-04 14:46:42.211 [INFO]: Skipping completions because autocomplete is open
(VSCode) 2024-07-04 14:46:42.319 [INFO]: Skipping completions because autocomplete is open
(VSCode) 2024-07-04 14:46:42.395 [INFO]: Skipping completions because autocomplete is open
(VSCode) 2024-07-04 14:46:42.534 [INFO]: Skipping completions because autocomplete is open
(VSCode) 2024-07-04 14:46:42.944 [INFO]: Skipping completions because autocomplete is open
(VSCode) 2024-07-04 14:46:43.478 [INFO]: Skipping completions because autocomplete is open
(VSCode) 2024-07-04 14:46:43.654 [INFO]: Skipping completions because autocomplete is open
(VSCode) 2024-07-04 14:46:43.728 [INFO]: Skipping completions because autocomplete is open
(VSCode) 2024-07-04 14:46:43.833 [INFO]: Skipping completions because autocomplete is open
(VSCode) 2024-07-04 14:46:44.184 [INFO]: Skipping completions because autocomplete is open
(VSCode) 2024-07-04 14:46:44.368 [INFO]: Skipping completions because autocomplete is open
(VSCode) 2024-07-04 14:46:44.809 [INFO]: Completion request was cancelled by token (159.33ms)
(VSCode) 2024-07-04 14:46:45.399 [INFO]: Completion request was cancelled by token (128.21ms)
(VSCode) 2024-07-04 14:46:45.911 [INFO]: Completion request was cancelled by token (466.34ms)
(VSCode) 2024-07-04 14:46:46.623 [INFO]: Completion request succeeded (663.64ms)
(VSCode) 2024-07-04 14:46:46.626 [INFO]: Generated 7 completions
(VSCode) 2024-07-04 14:46:46.634 [INFO]: provideInlineCompletionItems request succeeded (676.45ms)
(VSCode) 2024-07-04 14:46:46.919 [INFO]: Completion request was cancelled by token (216.17ms)
(VSCode) 2024-07-04 14:46:47.307 [INFO]: Completion request was cancelled by token (336.71ms)
(VSCode) 2024-07-04 14:46:47.641 [INFO]: Completion request was cancelled by token (284.1ms)
(VSCode) 2024-07-04 14:46:47.718 [INFO]: Skipping completions because autocomplete is open
(VSCode) 2024-07-04 14:46:48.161 [INFO]: Skipping completions because autocomplete is open
(VSCode) 2024-07-04 14:46:48.406 [INFO]: Skipping completions because autocomplete is open
(VSCode) 2024-07-04 14:46:48.944 [INFO]: Skipping completions because autocomplete is open
(VSCode) 2024-07-04 14:46:49.364 [INFO]: Completion request was cancelled by token (274.85ms)
(VSCode) 2024-07-04 14:46:49.614 [INFO]: Completion request was cancelled by token (200.97ms)
(VSCode) 2024-07-04 14:46:49.742 [INFO]: Skipping completions because autocomplete is open
(VSCode) 2024-07-04 14:46:49.923 [INFO]: Skipping completions because autocomplete is open
(VSCode) 2024-07-04 14:46:50.187 [INFO]: Completion request was cancelled by token (135.84ms)
(VSCode) 2024-07-04 14:46:50.285 [INFO]: Completion request was cancelled by token (48.75ms)
(VSCode) 2024-07-04 14:46:50.413 [INFO]: Completion request was cancelled by token (77.41ms)
(VSCode) 2024-07-04 14:46:50.532 [INFO]: Skipping completions because autocomplete is open
(VSCode) 2024-07-04 14:46:50.798 [INFO]: Skipping completions because autocomplete is open
(VSCode) 2024-07-04 14:46:51.028 [INFO]: Skipping completions because autocomplete is open
(VSCode) 2024-07-04 14:46:51.588 [INFO]: Completion request succeeded (368.64ms)
(VSCode) 2024-07-04 14:46:51.590 [INFO]: Generated 1 completion
(VSCode) 2024-07-04 14:46:51.592 [INFO]: provideInlineCompletionItems request succeeded (374.91ms)
(VSCode) 2024-07-04 14:46:53.528 [INFO]: Completion request was cancelled by token (201.29ms)
(VSCode) 2024-07-04 14:46:54.569 [INFO]: Completion request succeeded (991.5ms)
(VSCode) 2024-07-04 14:46:54.571 [INFO]: Generated 2 completions
(VSCode) 2024-07-04 14:46:54.574 [INFO]: provideInlineCompletionItems request succeeded (997.39ms)
(VSCode) 2024-07-04 14:46:55.291 [INFO]: Skipping completions because autocomplete is open
(VSCode) 2024-07-04 14:46:55.406 [INFO]: Skipping completions because autocomplete is open
(VSCode) 2024-07-04 14:46:55.552 [INFO]: Skipping completions because autocomplete is open
(VSCode) 2024-07-04 14:46:55.656 [INFO]: Skipping completions because autocomplete is open
(VSCode) 2024-07-04 14:46:55.846 [INFO]: Skipping completions because autocomplete is open
(VSCode) 2024-07-04 14:46:56.068 [INFO]: Skipping completions because autocomplete is open
(VSCode) 2024-07-04 14:46:56.308 [INFO]: Skipping completions because autocomplete is open
(VSCode) 2024-07-04 14:46:56.528 [INFO]: Skipping completions because autocomplete is open
(VSCode) 2024-07-04 14:46:56.655 [INFO]: Skipping completions because autocomplete is open
(VSCode) 2024-07-04 14:46:56.737 [INFO]: Skipping completions because autocomplete is open
(VSCode) 2024-07-04 14:46:56.855 [INFO]: Skipping completions because autocomplete is open
(VSCode) 2024-07-04 14:46:57.276 [INFO]: Skipping completions because autocomplete is open
(VSCode) 2024-07-04 14:46:57.406 [INFO]: Skipping completions because autocomplete is open
(VSCode) 2024-07-04 14:46:58.023 [INFO]: Completion request succeeded (22.12ms)
(VSCode) 2024-07-04 14:46:58.025 [INFO]: Generated 2 completions
(VSCode) 2024-07-04 14:46:58.029 [INFO]: provideInlineCompletionItems request succeeded (29.08ms)
(VSCode) 2024-07-04 14:46:58.218 [INFO]: Completion request succeeded (12.5ms)
(VSCode) 2024-07-04 14:46:58.220 [INFO]: Generated 2 completions
(VSCode) 2024-07-04 14:46:58.222 [INFO]: provideInlineCompletionItems request succeeded (16.97ms)
(VSCode) 2024-07-04 14:47:00.960 [INFO]: Completion request succeeded (358.88ms)
(VSCode) 2024-07-04 14:47:00.960 [INFO]: No completions were generated
(VSCode) 2024-07-04 14:47:00.961 [INFO]: provideInlineCompletionItems request succeeded (360.5ms)
(VSCode) 2024-07-04 14:47:04.680 [INFO]: Completion request succeeded (377.08ms)
(VSCode) 2024-07-04 14:47:04.682 [INFO]: No completions were generated
(VSCode) 2024-07-04 14:47:04.683 [INFO]: provideInlineCompletionItems request succeeded (381.21ms)
(VSCode) 2024-07-04 14:47:13.177 [INFO]: Completion request was cancelled by token (119.12ms)
(VSCode) 2024-07-04 14:47:13.875 [INFO]: Completion request succeeded (580.4ms)
(VSCode) 2024-07-04 14:47:13.877 [INFO]: No completions were generated
(VSCode) 2024-07-04 14:47:13.878 [INFO]: provideInlineCompletionItems request succeeded (584.59ms)
(VSCode) 2024-07-04 14:47:22.340 [INFO]: Completion request was cancelled by token (144.64ms)
(VSCode) 2024-07-04 14:47:23.234 [INFO]: Completion request succeeded (779.27ms)
(VSCode) 2024-07-04 14:47:23.237 [INFO]: No completions were generated
(VSCode) 2024-07-04 14:47:23.238 [INFO]: provideInlineCompletionItems request succeeded (783.76ms)
(VSCode) 2024-07-04 14:47:26.355 [INFO]: Completion request was cancelled by token (152.71ms)
(VSCode) 2024-07-04 14:47:26.849 [INFO]: Completion request was cancelled by token (317.29ms)
(VSCode) 2024-07-04 14:47:32.316 [INFO]: Completion request was cancelled by token (171.52ms)
(VSCode) 2024-07-04 14:47:32.829 [INFO]: Completion request was cancelled by token (461.4ms)
(VSCode) 2024-07-04 14:47:32.980 [INFO]: Completion request was cancelled by token (101.73ms)
(VSCode) 2024-07-04 14:47:33.149 [INFO]: Completion request was cancelled by token (110.41ms)
(VSCode) 2024-07-04 14:47:33.292 [INFO]: Completion request was cancelled by token (92.5ms)
(VSCode) 2024-07-04 14:47:33.540 [INFO]: Completion request was cancelled by token (197.98ms)
(VSCode) 2024-07-04 14:47:33.822 [INFO]: Completion request was cancelled by token (231.14ms)
(VSCode) 2024-07-04 14:47:34.079 [INFO]: Completion request was cancelled by token (206.07ms)
(VSCode) 2024-07-04 14:47:34.150 [INFO]: Skipping completions because autocomplete is open
(VSCode) 2024-07-04 14:47:35.390 [INFO]: Skipping completions because autocomplete is open
(VSCode) 2024-07-04 14:47:36.212 [INFO]: Skipping completions because autocomplete is open
(VSCode) 2024-07-04 14:47:39.522 [INFO]: Completion request succeeded (457.19ms)
(VSCode) 2024-07-04 14:47:39.525 [INFO]: No completions were generated
(VSCode) 2024-07-04 14:47:39.526 [INFO]: provideInlineCompletionItems request succeeded (463.09ms)
(VSCode) 2024-07-04 14:47:49.514 [INFO]: Completion request was cancelled by token (138.91ms)
(VSCode) 2024-07-04 14:47:50.477 [INFO]: Completion request succeeded (780.06ms)
(VSCode) 2024-07-04 14:47:50.477 [INFO]: No completions were generated
(VSCode) 2024-07-04 14:47:50.478 [INFO]: provideInlineCompletionItems request succeeded (781.77ms)
(VSCode) 2024-07-04 14:52:36.514 [INFO]: Completion request was cancelled by token (242.37ms)
(VSCode) 2024-07-04 14:52:36.565 [INFO]: Skipping completions because autocomplete is open
(VSCode) 2024-07-04 14:52:36.900 [INFO]: Skipping completions because autocomplete is open
(VSCode) 2024-07-04 14:52:37.069 [INFO]: Skipping completions because autocomplete is open
(VSCode) 2024-07-04 14:52:37.367 [INFO]: Skipping completions because autocomplete is open
(VSCode) 2024-07-04 14:52:37.817 [INFO]: Skipping completions because autocomplete is open
(VSCode) 2024-07-04 14:52:37.925 [INFO]: Skipping completions because autocomplete is open
(VSCode) 2024-07-04 14:52:38.065 [INFO]: Skipping completions because autocomplete is open
(VSCode) 2024-07-04 14:52:39.237 [INFO]: Skipping completions because autocomplete is open
(VSCode) 2024-07-04 14:52:39.541 [INFO]: Skipping completions because autocomplete is open
(VSCode) 2024-07-04 14:52:39.753 [INFO]: Skipping completions because autocomplete is open
(VSCode) 2024-07-04 14:52:39.826 [INFO]: Skipping completions because autocomplete is open
(VSCode) 2024-07-04 14:52:40.432 [INFO]: Completion request succeeded (408.9ms)
(VSCode) 2024-07-04 14:52:40.435 [INFO]: Generated 4 completions
(VSCode) 2024-07-04 14:52:40.440 [INFO]: provideInlineCompletionItems request succeeded (418.03ms)
(VSCode) 2024-07-04 14:52:41.775 [INFO]: Completion request succeeded (6.96ms)
(VSCode) 2024-07-04 14:52:41.775 [INFO]: Generated 1 completion
(VSCode) 2024-07-04 14:52:41.776 [INFO]: provideInlineCompletionItems request succeeded (9.89ms)
(VSCode) 2024-07-04 14:52:42.146 [INFO]: Skipping completions because autocomplete is open
(VSCode) 2024-07-04 14:52:42.314 [INFO]: Skipping completions because autocomplete is open
(VSCode) 2024-07-04 14:52:42.535 [INFO]: Skipping completions because autocomplete is open
(VSCode) 2024-07-04 14:52:43.172 [INFO]: Skipping completions because autocomplete is open
(VSCode) 2024-07-04 14:52:43.396 [INFO]: Completion request succeeded (13.61ms)
(VSCode) 2024-07-04 14:52:43.397 [INFO]: Generated 1 completion
(VSCode) 2024-07-04 14:52:43.397 [INFO]: provideInlineCompletionItems request succeeded (16.09ms)
(VSCode) 2024-07-04 14:53:57.706 [INFO]: Completion request was cancelled by token (148.14ms)
(VSCode) 2024-07-04 14:53:58.106 [INFO]: Completion request was cancelled by token (82.51ms)
(VSCode) 2024-07-04 14:53:58.308 [INFO]: Completion request was cancelled by token (151.24ms)
(VSCode) 2024-07-04 14:53:58.853 [INFO]: Completion request was cancelled by token (397.48ms)
(VSCode) 2024-07-04 14:53:59.301 [INFO]: Completion request was cancelled by token (396.32ms)
(VSCode) 2024-07-04 14:53:59.610 [INFO]: Completion request was cancelled by token (260ms)
(VSCode) 2024-07-04 14:53:59.709 [INFO]: Skipping completions because autocomplete is open
(VSCode) 2024-07-04 14:54:00.041 [INFO]: Skipping completions because autocomplete is open
(VSCode) 2024-07-04 14:54:00.263 [INFO]: Skipping completions because autocomplete is open
(VSCode) 2024-07-04 14:54:00.368 [INFO]: Skipping completions because autocomplete is open
(VSCode) 2024-07-04 14:54:00.968 [INFO]: Skipping completions because autocomplete is open
(VSCode) 2024-07-04 14:54:02.267 [INFO]: Skipping completions because autocomplete is open
(VSCode) 2024-07-04 14:54:03.339 [INFO]: Skipping completions because autocomplete is open
(VSCode) 2024-07-04 14:54:03.537 [INFO]: Skipping completions because autocomplete is open
(VSCode) 2024-07-04 14:54:04.202 [INFO]: Skipping completions because autocomplete is open
(VSCode) 2024-07-04 14:54:04.730 [INFO]: Skipping completions because autocomplete is open
(VSCode) 2024-07-04 14:54:05.026 [INFO]: Skipping completions because autocomplete is open
(VSCode) 2024-07-04 14:54:05.992 [INFO]: Completion request succeeded (388.65ms)
(VSCode) 2024-07-04 14:54:05.992 [INFO]: No completions were generated
(VSCode) 2024-07-04 14:54:05.993 [INFO]: provideInlineCompletionItems request succeeded (390.74ms)
(VSCode) 2024-07-04 14:54:21.602 [INFO]: Completion request was cancelled by token (215.4ms)
(VSCode) 2024-07-04 14:54:21.651 [INFO]: Skipping completions because autocomplete is open
(VSCode) 2024-07-04 14:54:23.659 [INFO]: Completion request succeeded (370.72ms)
(VSCode) 2024-07-04 14:54:23.662 [INFO]: No completions were generated
(VSCode) 2024-07-04 14:54:23.662 [INFO]: provideInlineCompletionItems request succeeded (374.15ms)
W0704 14:58:49.442377 26231 chat_token_limit.go:46] error converting token count to int: experiment key CHAT_TOKENS_SOFT_LIMIT does not have variant payload
W0704 14:58:50.313879 26231 chat_token_limit.go:46] error converting token count to int: experiment key CHAT_TOKENS_SOFT_LIMIT does not have variant payload
I0704 14:58:53.226893 26231 api.go:349] Handle set draft query: {"ops":[]}
(VSCode) 2024-07-04 14:59:28.015 [INFO]: Disposing language server process
(VSCode) 2024-07-04 14:59:28.015 [INFO]: Deleting manager directory: /tmp/675f8d1f-53fd-4983-b0a5-ec6e4c28f810/codeium/manager
(VSCode) 2024-07-04 14:59:28.016 [INFO]: Successfully disposed language server
W0704 14:59:28.015439 26216 main.go:116] Language server manager got signal terminated, shutting down
