2024-07-04 17:23:01.397 [info] Log level: Info
2024-07-04 17:23:01.397 [info] Validating found git in: "git"
2024-07-04 17:23:01.397 [info] Using git "2.45.2" from "git"
2024-07-04 17:23:01.397 [info] > git rev-parse --show-toplevel [17ms]
2024-07-04 17:23:01.399 [info] > git rev-parse --git-dir --git-common-dir [7ms]
2024-07-04 17:23:01.416 [info] Open repository: /home/zukkini/train/sprout-scribble
2024-07-04 17:23:01.446 [info] > git rev-parse --show-toplevel [10ms]
2024-07-04 17:23:01.448 [info] > git config --get commit.template [19ms]
2024-07-04 17:23:01.802 [info] No remotes found in the git config file.
2024-07-04 17:23:01.810 [info] > git rev-parse --show-toplevel [352ms]
2024-07-04 17:23:01.914 [info] > git for-each-ref --format=%(refname)%00%(upstream:short)%00%(objectname)%00%(upstream:track)%00%(upstream:remotename)%00%(upstream:remoteref) refs/heads/main refs/remotes/main [113ms]
2024-07-04 17:23:01.932 [info] > git status -z -uall [10ms]
2024-07-04 17:23:01.942 [info] > git rev-parse --show-toplevel [37ms]
2024-07-04 17:23:01.963 [info] > git config --get commit.template [8ms]
2024-07-04 17:23:01.969 [info] No remotes found in the git config file.
2024-07-04 17:23:01.971 [info] > git for-each-ref --format=%(refname)%00%(upstream:short)%00%(objectname)%00%(upstream:track)%00%(upstream:remotename)%00%(upstream:remoteref) refs/heads/main refs/remotes/main [2ms]
2024-07-04 17:23:01.983 [info] > git status -z -uall [3ms]
2024-07-04 17:23:02.326 [info] > git check-ignore -v -z --stdin [1ms]
2024-07-04 17:23:02.370 [info] > git show --textconv :app/page.tsx [7ms]
2024-07-04 17:23:02.372 [info] > git ls-files --stage -- /home/zukkini/train/sprout-scribble/app/page.tsx [2ms]
2024-07-04 17:23:02.379 [info] > git cat-file -s 5705d4ea0457360a7c779a3ec1951f44a4d66175 [3ms]
2024-07-04 17:23:32.907 [info] > git config --get commit.template [2ms]
2024-07-04 17:23:32.914 [info] No remotes found in the git config file.
2024-07-04 17:23:32.915 [info] > git for-each-ref --format=%(refname)%00%(upstream:short)%00%(objectname)%00%(upstream:track)%00%(upstream:remotename)%00%(upstream:remoteref) refs/heads/main refs/remotes/main [1ms]
2024-07-04 17:23:32.926 [info] > git status -z -uall [3ms]
2024-07-04 17:23:37.938 [info] > git config --get commit.template [3ms]
2024-07-04 17:23:37.944 [info] No remotes found in the git config file.
2024-07-04 17:23:37.946 [info] > git for-each-ref --format=%(refname)%00%(upstream:short)%00%(objectname)%00%(upstream:track)%00%(upstream:remotename)%00%(upstream:remoteref) refs/heads/main refs/remotes/main [2ms]
2024-07-04 17:23:37.954 [info] > git status -z -uall [3ms]
2024-07-04 17:30:48.615 [info] > git show --textconv :app/page.tsx [8ms]
2024-07-04 17:30:48.617 [info] > git ls-files --stage -- /home/zukkini/train/sprout-scribble/app/page.tsx [3ms]
2024-07-04 17:30:48.625 [info] > git cat-file -s 5705d4ea0457360a7c779a3ec1951f44a4d66175 [2ms]
2024-07-04 17:30:51.254 [info] > git show --textconv :app/page.tsx [9ms]
2024-07-04 17:30:51.256 [info] > git ls-files --stage -- /home/zukkini/train/sprout-scribble/app/page.tsx [3ms]
2024-07-04 17:30:51.269 [info] > git cat-file -s 5705d4ea0457360a7c779a3ec1951f44a4d66175 [3ms]
2024-07-04 17:33:15.688 [info] > git show --textconv :app/page.tsx [8ms]
2024-07-04 17:33:15.690 [info] > git ls-files --stage -- /home/zukkini/train/sprout-scribble/app/page.tsx [2ms]
2024-07-04 17:33:15.698 [info] > git cat-file -s 5705d4ea0457360a7c779a3ec1951f44a4d66175 [2ms]
2024-07-04 17:33:42.764 [info] > git show --textconv :app/page.tsx [7ms]
2024-07-04 17:33:42.765 [info] > git ls-files --stage -- /home/zukkini/train/sprout-scribble/app/page.tsx [2ms]
2024-07-04 17:33:42.772 [info] > git cat-file -s 5705d4ea0457360a7c779a3ec1951f44a4d66175 [2ms]
2024-07-04 17:38:39.922 [info] > git show --textconv :app/page.tsx [8ms]
2024-07-04 17:38:39.924 [info] > git ls-files --stage -- /home/zukkini/train/sprout-scribble/app/page.tsx [3ms]
2024-07-04 17:38:39.932 [info] > git cat-file -s 5705d4ea0457360a7c779a3ec1951f44a4d66175 [2ms]
2024-07-04 17:38:51.900 [info] > git show --textconv :app/page.tsx [8ms]
2024-07-04 17:38:51.902 [info] > git ls-files --stage -- /home/zukkini/train/sprout-scribble/app/page.tsx [3ms]
2024-07-04 17:38:51.910 [info] > git cat-file -s 5705d4ea0457360a7c779a3ec1951f44a4d66175 [2ms]
2024-07-04 17:41:30.849 [info] > git show --textconv :app/page.tsx [8ms]
2024-07-04 17:41:30.851 [info] > git ls-files --stage -- /home/zukkini/train/sprout-scribble/app/page.tsx [3ms]
2024-07-04 17:41:30.860 [info] > git cat-file -s 5705d4ea0457360a7c779a3ec1951f44a4d66175 [1ms]
2024-07-04 17:41:35.379 [info] > git show --textconv :app/page.tsx [7ms]
2024-07-04 17:41:35.381 [info] > git ls-files --stage -- /home/zukkini/train/sprout-scribble/app/page.tsx [1ms]
2024-07-04 17:41:35.388 [info] > git cat-file -s 5705d4ea0457360a7c779a3ec1951f44a4d66175 [2ms]
2024-07-04 17:41:42.818 [info] > git show --textconv :app/page.tsx [8ms]
2024-07-04 17:41:42.819 [info] > git ls-files --stage -- /home/zukkini/train/sprout-scribble/app/page.tsx [2ms]
2024-07-04 17:41:42.828 [info] > git cat-file -s 5705d4ea0457360a7c779a3ec1951f44a4d66175 [3ms]
2024-07-04 17:43:48.589 [info] > git show --textconv :app/page.tsx [9ms]
2024-07-04 17:43:48.591 [info] > git ls-files --stage -- /home/zukkini/train/sprout-scribble/app/page.tsx [3ms]
2024-07-04 17:43:48.599 [info] > git cat-file -s 5705d4ea0457360a7c779a3ec1951f44a4d66175 [2ms]
2024-07-04 17:45:12.147 [info] > git show --textconv :app/page.tsx [11ms]
2024-07-04 17:45:12.153 [info] > git ls-files --stage -- /home/zukkini/train/sprout-scribble/app/page.tsx [8ms]
2024-07-04 17:45:12.164 [info] > git cat-file -s 5705d4ea0457360a7c779a3ec1951f44a4d66175 [2ms]
2024-07-04 17:45:15.565 [info] No remotes found in the git config file.
2024-07-04 17:45:15.567 [info] > git config --get commit.template [11ms]
2024-07-04 17:45:15.571 [info] > git for-each-ref --format=%(refname)%00%(upstream:short)%00%(objectname)%00%(upstream:track)%00%(upstream:remotename)%00%(upstream:remoteref) refs/heads/main refs/remotes/main [7ms]
2024-07-04 17:45:15.590 [info] > git status -z -uall [8ms]
2024-07-04 17:45:20.614 [info] > git config --get commit.template [5ms]
2024-07-04 17:45:20.615 [info] No remotes found in the git config file.
2024-07-04 17:45:20.624 [info] > git for-each-ref --format=%(refname)%00%(upstream:short)%00%(objectname)%00%(upstream:track)%00%(upstream:remotename)%00%(upstream:remoteref) refs/heads/main refs/remotes/main [2ms]
2024-07-04 17:45:20.634 [info] > git status -z -uall [4ms]
2024-07-04 17:45:29.738 [info] > git show --textconv :app/page.tsx [7ms]
2024-07-04 17:45:29.739 [info] > git ls-files --stage -- /home/zukkini/train/sprout-scribble/app/page.tsx [2ms]
2024-07-04 17:45:29.748 [info] > git cat-file -s 5705d4ea0457360a7c779a3ec1951f44a4d66175 [2ms]
2024-07-04 17:45:33.398 [info] > git config --get commit.template [2ms]
2024-07-04 17:45:33.408 [info] No remotes found in the git config file.
2024-07-04 17:45:33.410 [info] > git for-each-ref --format=%(refname)%00%(upstream:short)%00%(objectname)%00%(upstream:track)%00%(upstream:remotename)%00%(upstream:remoteref) refs/heads/main refs/remotes/main [2ms]
2024-07-04 17:45:33.421 [info] > git status -z -uall [4ms]
2024-07-04 17:45:46.016 [info] > git config --get commit.template [2ms]
2024-07-04 17:45:46.023 [info] No remotes found in the git config file.
2024-07-04 17:45:46.025 [info] > git for-each-ref --format=%(refname)%00%(upstream:short)%00%(objectname)%00%(upstream:track)%00%(upstream:remotename)%00%(upstream:remoteref) refs/heads/main refs/remotes/main [2ms]
2024-07-04 17:45:46.035 [info] > git status -z -uall [3ms]
2024-07-04 17:45:51.052 [info] > git config --get commit.template [3ms]
2024-07-04 17:45:51.065 [info] No remotes found in the git config file.
2024-07-04 17:45:51.070 [info] > git for-each-ref --format=%(refname)%00%(upstream:short)%00%(objectname)%00%(upstream:track)%00%(upstream:remotename)%00%(upstream:remoteref) refs/heads/main refs/remotes/main [6ms]
2024-07-04 17:45:51.083 [info] > git status -z -uall [5ms]
2024-07-04 17:46:13.517 [info] No remotes found in the git config file.
2024-07-04 17:46:13.517 [info] > git config --get commit.template [8ms]
2024-07-04 17:46:13.518 [info] > git for-each-ref --format=%(refname)%00%(upstream:short)%00%(objectname)%00%(upstream:track)%00%(upstream:remotename)%00%(upstream:remoteref) refs/heads/main refs/remotes/main [2ms]
2024-07-04 17:46:13.527 [info] > git status -z -uall [3ms]
2024-07-04 17:54:22.148 [info] > git show --textconv :app/page.tsx [9ms]
2024-07-04 17:54:22.150 [info] > git ls-files --stage -- /home/zukkini/train/sprout-scribble/app/page.tsx [2ms]
2024-07-04 17:54:22.159 [info] > git cat-file -s 5705d4ea0457360a7c779a3ec1951f44a4d66175 [2ms]
2024-07-04 17:54:39.679 [info] No remotes found in the git config file.
2024-07-04 17:54:39.680 [info] > git config --get commit.template [8ms]
2024-07-04 17:54:39.680 [info] > git for-each-ref --format=%(refname)%00%(upstream:short)%00%(objectname)%00%(upstream:track)%00%(upstream:remotename)%00%(upstream:remoteref) refs/heads/main refs/remotes/main [2ms]
2024-07-04 17:54:39.690 [info] > git status -z -uall [3ms]
