2024-07-13 09:05:31.140 [info] Started local extension host with pid 2023.
2024-07-13 09:05:34.493 [info] [perf] Render performance baseline is 150ms
2024-07-13 09:20:11.141 [error] [Extension Host] Error: internal assertion failed; please report this error on https://github.com/71/dance/issues. its stacktrace is available in the developer console (Command Palette > Open Developer Tools).
	at assert (/home/zukkini/.vscode-oss/extensions/silverquark.dancehelix-0.5.16/out/src/utils/errors.js:10:23)
	at Cursor.previous (/home/zukkini/.vscode-oss/extensions/silverquark.dancehelix-0.5.16/out/src/state/recorder.js:619:29)
	at Recorder.lastEntry (/home/zukkini/.vscode-oss/extensions/silverquark.dancehelix-0.5.16/out/src/state/recorder.js:69:21)
	at Recorder._record (/home/zukkini/.vscode-oss/extensions/silverquark.dancehelix-0.5.16/out/src/state/recorder.js:81:39)
	at Recorder.recordCommand (/home/zukkini/.vscode-oss/extensions/silverquark.dancehelix-0.5.16/out/src/state/recorder.js:248:14)
	at CommandDescriptor.invoke (/home/zukkini/.vscode-oss/extensions/silverquark.dancehelix-0.5.16/out/src/commands/index.js:73:32)
	at async Extension.runPromiseSafely (/home/zukkini/.vscode-oss/extensions/silverquark.dancehelix-0.5.16/out/src/state/extension.js:285:20)
	at async f.h (/usr/lib/code/out/vs/workbench/api/node/extensionHostProcess.js:154:204392)
2024-07-13 09:20:11.144 [error] [Extension Host] error executing command "dance.select.up.jump": internal assertion failed; please report this error on https://github.com/71/dance/issues. its stacktrace is available in the developer console (Command Palette > Open Developer Tools).
2024-07-13 09:28:37.908 [error] [Extension Host] Error: internal assertion failed; please report this error on https://github.com/71/dance/issues. its stacktrace is available in the developer console (Command Palette > Open Developer Tools).
	at assert (/home/zukkini/.vscode-oss/extensions/silverquark.dancehelix-0.5.16/out/src/utils/errors.js:10:23)
	at Cursor.previous (/home/zukkini/.vscode-oss/extensions/silverquark.dancehelix-0.5.16/out/src/state/recorder.js:619:29)
	at Recorder.lastEntry (/home/zukkini/.vscode-oss/extensions/silverquark.dancehelix-0.5.16/out/src/state/recorder.js:69:21)
	at Recorder._record (/home/zukkini/.vscode-oss/extensions/silverquark.dancehelix-0.5.16/out/src/state/recorder.js:81:39)
	at Recorder._recordExternalSelectionChange (/home/zukkini/.vscode-oss/extensions/silverquark.dancehelix-0.5.16/out/src/state/recorder.js:396:14)
	at n.value (/usr/lib/code/out/vs/workbench/api/node/extensionHostProcess.js:164:20994)
	at r.B (/usr/lib/code/out/vs/workbench/api/node/extensionHostProcess.js:83:737)
	at r.C (/usr/lib/code/out/vs/workbench/api/node/extensionHostProcess.js:83:807)
	at r.fire (/usr/lib/code/out/vs/workbench/api/node/extensionHostProcess.js:83:1023)
	at a.$acceptEditorPropertiesChanged (/usr/lib/code/out/vs/workbench/api/node/extensionHostProcess.js:156:33300)
	at S (/usr/lib/code/out/vs/workbench/api/node/extensionHostProcess.js:151:5986)
	at S.Q (/usr/lib/code/out/vs/workbench/api/node/extensionHostProcess.js:151:5752)
	at S.M (/usr/lib/code/out/vs/workbench/api/node/extensionHostProcess.js:151:4778)
	at S.L (/usr/lib/code/out/vs/workbench/api/node/extensionHostProcess.js:151:3605)
	at n.value (/usr/lib/code/out/vs/workbench/api/node/extensionHostProcess.js:151:2297)
	at r.B (/usr/lib/code/out/vs/workbench/api/node/extensionHostProcess.js:83:737)
	at r.fire (/usr/lib/code/out/vs/workbench/api/node/extensionHostProcess.js:83:954)
	at o.fire (/usr/lib/code/out/vs/workbench/api/node/extensionHostProcess.js:108:14502)
	at n.value (/usr/lib/code/out/vs/workbench/api/node/extensionHostProcess.js:177:8639)
	at r.B (/usr/lib/code/out/vs/workbench/api/node/extensionHostProcess.js:83:737)
	at r.fire (/usr/lib/code/out/vs/workbench/api/node/extensionHostProcess.js:83:954)
	at o.fire (/usr/lib/code/out/vs/workbench/api/node/extensionHostProcess.js:108:14502)
	at MessagePortMain.<anonymous> (/usr/lib/code/out/vs/workbench/api/node/extensionHostProcess.js:177:6765)
	at MessagePortMain.emit (node:events:514:28)
	at MessagePortMain.emit (node:domain:488:12)
	at MessagePortMain._internalPort.emit (node:electron/js2c/utility_init:2:2285)
2024-07-13 09:28:37.911 [error] [ExtensionListenerError] Extension 'silverquark.dancehelix' FAILED to handle event: Error: internal assertion failed; please report this error on https://github.com/71/dance/issues. its stacktrace is available in the developer console (Command Palette > Open Developer Tools).: Error: [ExtensionListenerError] Extension 'silverquark.dancehelix' FAILED to handle event: Error: internal assertion failed; please report this error on https://github.com/71/dance/issues. its stacktrace is available in the developer console (Command Palette > Open Developer Tools).
	at n.value (/usr/lib/code/out/vs/workbench/api/node/extensionHostProcess.js:164:21021)
	at r.B (/usr/lib/code/out/vs/workbench/api/node/extensionHostProcess.js:83:737)
	at r.C (/usr/lib/code/out/vs/workbench/api/node/extensionHostProcess.js:83:807)
	at r.fire (/usr/lib/code/out/vs/workbench/api/node/extensionHostProcess.js:83:1023)
	at a.$acceptEditorPropertiesChanged (/usr/lib/code/out/vs/workbench/api/node/extensionHostProcess.js:156:33300)
	at S (/usr/lib/code/out/vs/workbench/api/node/extensionHostProcess.js:151:5986)
	at S.Q (/usr/lib/code/out/vs/workbench/api/node/extensionHostProcess.js:151:5752)
	at S.M (/usr/lib/code/out/vs/workbench/api/node/extensionHostProcess.js:151:4778)
	at S.L (/usr/lib/code/out/vs/workbench/api/node/extensionHostProcess.js:151:3605)
	at n.value (/usr/lib/code/out/vs/workbench/api/node/extensionHostProcess.js:151:2297)
	at r.B (/usr/lib/code/out/vs/workbench/api/node/extensionHostProcess.js:83:737)
	at r.fire (/usr/lib/code/out/vs/workbench/api/node/extensionHostProcess.js:83:954)
	at o.fire (/usr/lib/code/out/vs/workbench/api/node/extensionHostProcess.js:108:14502)
	at n.value (/usr/lib/code/out/vs/workbench/api/node/extensionHostProcess.js:177:8639)
	at r.B (/usr/lib/code/out/vs/workbench/api/node/extensionHostProcess.js:83:737)
	at r.fire (/usr/lib/code/out/vs/workbench/api/node/extensionHostProcess.js:83:954)
	at o.fire (/usr/lib/code/out/vs/workbench/api/node/extensionHostProcess.js:108:14502)
	at MessagePortMain.<anonymous> (/usr/lib/code/out/vs/workbench/api/node/extensionHostProcess.js:177:6765)
	at MessagePortMain.emit (node:events:514:28)
	at MessagePortMain.emit (node:domain:488:12)
	at MessagePortMain._internalPort.emit (node:electron/js2c/utility_init:2:2285)
2024-07-13 09:42:58.058 [error] [Extension Host] Error: internal assertion failed; please report this error on https://github.com/71/dance/issues. its stacktrace is available in the developer console (Command Palette > Open Developer Tools).
	at assert (/home/zukkini/.vscode-oss/extensions/silverquark.dancehelix-0.5.16/out/src/utils/errors.js:10:23)
	at Cursor.previous (/home/zukkini/.vscode-oss/extensions/silverquark.dancehelix-0.5.16/out/src/state/recorder.js:619:29)
	at Recorder.lastEntry (/home/zukkini/.vscode-oss/extensions/silverquark.dancehelix-0.5.16/out/src/state/recorder.js:69:21)
	at Recorder._record (/home/zukkini/.vscode-oss/extensions/silverquark.dancehelix-0.5.16/out/src/state/recorder.js:81:39)
	at Recorder._recordExternalSelectionChange (/home/zukkini/.vscode-oss/extensions/silverquark.dancehelix-0.5.16/out/src/state/recorder.js:396:14)
	at n.value (/usr/lib/code/out/vs/workbench/api/node/extensionHostProcess.js:164:20994)
	at r.B (/usr/lib/code/out/vs/workbench/api/node/extensionHostProcess.js:83:737)
	at r.C (/usr/lib/code/out/vs/workbench/api/node/extensionHostProcess.js:83:807)
	at r.fire (/usr/lib/code/out/vs/workbench/api/node/extensionHostProcess.js:83:1023)
	at a.$acceptEditorPropertiesChanged (/usr/lib/code/out/vs/workbench/api/node/extensionHostProcess.js:156:33300)
	at S (/usr/lib/code/out/vs/workbench/api/node/extensionHostProcess.js:151:5986)
	at S.Q (/usr/lib/code/out/vs/workbench/api/node/extensionHostProcess.js:151:5752)
	at S.M (/usr/lib/code/out/vs/workbench/api/node/extensionHostProcess.js:151:4778)
	at S.L (/usr/lib/code/out/vs/workbench/api/node/extensionHostProcess.js:151:3605)
	at n.value (/usr/lib/code/out/vs/workbench/api/node/extensionHostProcess.js:151:2297)
	at r.B (/usr/lib/code/out/vs/workbench/api/node/extensionHostProcess.js:83:737)
	at r.fire (/usr/lib/code/out/vs/workbench/api/node/extensionHostProcess.js:83:954)
	at o.fire (/usr/lib/code/out/vs/workbench/api/node/extensionHostProcess.js:108:14502)
	at n.value (/usr/lib/code/out/vs/workbench/api/node/extensionHostProcess.js:177:8639)
	at r.B (/usr/lib/code/out/vs/workbench/api/node/extensionHostProcess.js:83:737)
	at r.fire (/usr/lib/code/out/vs/workbench/api/node/extensionHostProcess.js:83:954)
	at o.fire (/usr/lib/code/out/vs/workbench/api/node/extensionHostProcess.js:108:14502)
	at MessagePortMain.<anonymous> (/usr/lib/code/out/vs/workbench/api/node/extensionHostProcess.js:177:6765)
	at MessagePortMain.emit (node:events:514:28)
	at MessagePortMain.emit (node:domain:488:12)
	at MessagePortMain._internalPort.emit (node:electron/js2c/utility_init:2:2285)
2024-07-13 09:42:58.059 [error] [ExtensionListenerError] Extension 'silverquark.dancehelix' FAILED to handle event: Error: internal assertion failed; please report this error on https://github.com/71/dance/issues. its stacktrace is available in the developer console (Command Palette > Open Developer Tools).: Error: [ExtensionListenerError] Extension 'silverquark.dancehelix' FAILED to handle event: Error: internal assertion failed; please report this error on https://github.com/71/dance/issues. its stacktrace is available in the developer console (Command Palette > Open Developer Tools).
	at n.value (/usr/lib/code/out/vs/workbench/api/node/extensionHostProcess.js:164:21021)
	at r.B (/usr/lib/code/out/vs/workbench/api/node/extensionHostProcess.js:83:737)
	at r.C (/usr/lib/code/out/vs/workbench/api/node/extensionHostProcess.js:83:807)
	at r.fire (/usr/lib/code/out/vs/workbench/api/node/extensionHostProcess.js:83:1023)
	at a.$acceptEditorPropertiesChanged (/usr/lib/code/out/vs/workbench/api/node/extensionHostProcess.js:156:33300)
	at S (/usr/lib/code/out/vs/workbench/api/node/extensionHostProcess.js:151:5986)
	at S.Q (/usr/lib/code/out/vs/workbench/api/node/extensionHostProcess.js:151:5752)
	at S.M (/usr/lib/code/out/vs/workbench/api/node/extensionHostProcess.js:151:4778)
	at S.L (/usr/lib/code/out/vs/workbench/api/node/extensionHostProcess.js:151:3605)
	at n.value (/usr/lib/code/out/vs/workbench/api/node/extensionHostProcess.js:151:2297)
	at r.B (/usr/lib/code/out/vs/workbench/api/node/extensionHostProcess.js:83:737)
	at r.fire (/usr/lib/code/out/vs/workbench/api/node/extensionHostProcess.js:83:954)
	at o.fire (/usr/lib/code/out/vs/workbench/api/node/extensionHostProcess.js:108:14502)
	at n.value (/usr/lib/code/out/vs/workbench/api/node/extensionHostProcess.js:177:8639)
	at r.B (/usr/lib/code/out/vs/workbench/api/node/extensionHostProcess.js:83:737)
	at r.fire (/usr/lib/code/out/vs/workbench/api/node/extensionHostProcess.js:83:954)
	at o.fire (/usr/lib/code/out/vs/workbench/api/node/extensionHostProcess.js:108:14502)
	at MessagePortMain.<anonymous> (/usr/lib/code/out/vs/workbench/api/node/extensionHostProcess.js:177:6765)
	at MessagePortMain.emit (node:events:514:28)
	at MessagePortMain.emit (node:domain:488:12)
	at MessagePortMain._internalPort.emit (node:electron/js2c/utility_init:2:2285)
2024-07-13 10:55:45.558 [error] [Extension Host] Error: internal assertion failed; please report this error on https://github.com/71/dance/issues. its stacktrace is available in the developer console (Command Palette > Open Developer Tools).
	at assert (/home/zukkini/.vscode-oss/extensions/silverquark.dancehelix-0.5.16/out/src/utils/errors.js:10:23)
	at Cursor.previous (/home/zukkini/.vscode-oss/extensions/silverquark.dancehelix-0.5.16/out/src/state/recorder.js:619:29)
	at Recorder.lastEntry (/home/zukkini/.vscode-oss/extensions/silverquark.dancehelix-0.5.16/out/src/state/recorder.js:69:21)
	at Recorder._record (/home/zukkini/.vscode-oss/extensions/silverquark.dancehelix-0.5.16/out/src/state/recorder.js:81:39)
	at Recorder.recordCommand (/home/zukkini/.vscode-oss/extensions/silverquark.dancehelix-0.5.16/out/src/state/recorder.js:248:14)
	at CommandDescriptor.invoke (/home/zukkini/.vscode-oss/extensions/silverquark.dancehelix-0.5.16/out/src/commands/index.js:73:32)
	at async Extension.runPromiseSafely (/home/zukkini/.vscode-oss/extensions/silverquark.dancehelix-0.5.16/out/src/state/extension.js:285:20)
	at async f.h (/usr/lib/code/out/vs/workbench/api/node/extensionHostProcess.js:154:204392)
2024-07-13 10:55:45.560 [error] [Extension Host] error executing command "dance.select.vertically": internal assertion failed; please report this error on https://github.com/71/dance/issues. its stacktrace is available in the developer console (Command Palette > Open Developer Tools).
