2024-07-13 09:05:30.836 [info] Added views:workbench.panel.markers.view in workbench.panel.markers
2024-07-13 09:05:30.836 [info] Added views:workbench.panel.output in workbench.panel.output
2024-07-13 09:05:30.836 [info] Added views:terminal in terminal
2024-07-13 09:05:30.836 [info] Added views:outline in workbench.view.explorer
2024-07-13 09:05:30.836 [info] Added views:workbench.scm in workbench.view.scm
2024-07-13 09:05:30.836 [info] Added views:workbench.view.search in workbench.view.search
2024-07-13 09:05:30.836 [info] Added views:timeline in workbench.view.explorer
2024-07-13 09:05:30.836 [info] Added views:workbench.explorer.fileView in workbench.view.explorer
2024-07-13 09:05:31.134 [info] Added views:workbench.debug.welcome in workbench.view.debug
2024-07-13 09:05:31.838 [info] Added views:codeium.chatPanelView in workbench.view.extension.codeium
2024-07-13 09:05:31.838 [info] Added views:registers in workbench.view.extension.dance
2024-07-13 09:05:32.040 [info] Added views:workbench.panel.repl.view in workbench.panel.repl
2024-07-13 09:05:33.050 [info] Added views:~remote.forwardedPorts in ~remote.forwardedPortsContainer
2024-07-13 09:05:34.872 [info] Added views:workbench.panel.comments in workbench.panel.comments
2024-07-13 09:05:54.529 [info] Added views:workbench.views.extensions.installed,workbench.views.extensions.popular,extensions.recommendedList in workbench.view.extensions
2024-07-13 09:05:54.533 [info] Removed views:workbench.views.extensions.popular from workbench.view.extensions
2024-07-13 09:05:55.162 [info] Removed views:extensions.recommendedList,workbench.views.extensions.installed from workbench.view.extensions
2024-07-13 09:05:55.183 [info] Added views:workbench.views.extensions.workspaceRecommendations,workbench.views.extensions.otherRecommendations in workbench.view.extensions
2024-07-13 09:06:05.378 [info] Removed views:workbench.views.extensions.otherRecommendations,workbench.views.extensions.workspaceRecommendations from workbench.view.extensions
2024-07-13 09:06:05.404 [info] Added views:workbench.views.extensions.installed,extensions.recommendedList in workbench.view.extensions
2024-07-13 09:58:24.930 [info] Removed views:extensions.recommendedList,workbench.views.extensions.installed from workbench.view.extensions
2024-07-13 09:58:24.964 [info] Added views:workbench.views.extensions.marketplace in workbench.view.extensions
2024-07-13 09:58:25.021 [info] Removed views:workbench.views.extensions.marketplace from workbench.view.extensions
2024-07-13 09:58:25.040 [info] Added views:workbench.views.extensions.installed,extensions.recommendedList in workbench.view.extensions
2024-07-13 09:58:26.121 [info] Removed views:extensions.recommendedList,workbench.views.extensions.installed from workbench.view.extensions
2024-07-13 09:58:26.142 [info] Added views:workbench.views.extensions.marketplace in workbench.view.extensions
