2024-07-08 21:04:16.553 [info] Extension host with pid 5192 started
2024-07-08 21:04:16.553 [info] Skipping acquiring lock for /home/zukkini/.config/Code - OSS/User/workspaceStorage/7abd69e5419f1f5d00e0deeff3865a7b.
2024-07-08 21:04:16.713 [info] ExtensionService#_doActivateExtension vscode.git-base, startup: true, activationEvent: '*', root cause: vscode.git
2024-07-08 21:04:16.721 [info] ExtensionService#_doActivateExtension serafeim.goto-previous-buffer, startup: true, activationEvent: '*'
2024-07-08 21:04:16.724 [info] ExtensionService#_doActivateExtension silverquark.dancehelix, startup: true, activationEvent: '*'
2024-07-08 21:04:16.860 [info] ExtensionService#_doActivateExtension vscode.git, startup: true, activationEvent: '*'
2024-07-08 21:04:16.974 [info] ExtensionService#_doActivateExtension vscode.github, startup: true, activationEvent: '*'
2024-07-08 21:04:17.171 [info] Eager extensions activated
2024-07-08 21:04:17.217 [info] ExtensionService#_doActivateExtension vscode.debug-auto-launch, startup: false, activationEvent: 'onStartupFinished'
2024-07-08 21:04:17.221 [info] ExtensionService#_doActivateExtension vscode.merge-conflict, startup: false, activationEvent: 'onStartupFinished'
2024-07-08 21:04:17.252 [info] ExtensionService#_doActivateExtension Codeium.codeium, startup: false, activationEvent: 'onStartupFinished'
2024-07-08 21:04:25.778 [info] ExtensionService#_doActivateExtension vscode.html-language-features, startup: false, activationEvent: 'onLanguage:html'
2024-07-08 21:04:25.876 [info] ExtensionService#_doActivateExtension vscode.emmet, startup: false, activationEvent: 'onLanguage'
2024-07-08 21:04:30.082 [warning] ExtHostTextEditorOptions 'setCursorStyle' failed:'
2024-07-08 21:04:30.083 [warning] Illegal argument: TextEditor(vs.editor.ICodeEditor:1,$model1)
2024-07-08 21:04:42.169 [info] ExtensionService#_doActivateExtension vscode.typescript-language-features, startup: false, activationEvent: 'onLanguage:javascript'
2024-07-08 21:04:42.255 [info] ExtensionService#_doActivateExtension biomejs.biome, startup: false, activationEvent: 'onLanguage:javascript'
2024-07-08 21:05:18.432 [info] ExtensionService#_doActivateExtension vscode.debug-server-ready, startup: false, activationEvent: 'onDebugResolve'
2024-07-08 21:08:55.478 [warning] ExtHostTextEditorOptions 'setCursorStyle' failed:'
2024-07-08 21:08:55.479 [warning] Illegal argument: TextEditor(vs.editor.ICodeEditor:1,$model4)
2024-07-08 21:09:49.747 [warning] ExtHostTextEditorOptions 'setCursorStyle' failed:'
2024-07-08 21:09:49.748 [warning] Illegal argument: TextEditor(vs.editor.ICodeEditor:1,$model3)
2024-07-08 21:09:50.192 [warning] ExtHostTextEditorOptions 'setCursorStyle' failed:'
2024-07-08 21:09:50.192 [warning] Illegal argument: TextEditor(vs.editor.ICodeEditor:1,$model2)
2024-07-08 22:54:16.395 [info] Extension host terminating: renderer closed the MessagePort
2024-07-08 22:54:16.434 [info] Extension host with pid 5192 exiting with code 0
