2024-07-04 14:37:12.127 [info] Log level: Info
2024-07-04 14:37:12.127 [info] Validating found git in: "git"
2024-07-04 14:37:12.127 [info] Using git "2.45.2" from "git"
2024-07-04 14:37:12.127 [info] > git rev-parse --show-toplevel [9ms]
2024-07-04 14:37:12.127 [info] fatal: not a git repository (or any of the parent directories): .git
2024-07-04 14:37:12.127 [info] > git rev-parse --show-toplevel [3ms]
2024-07-04 14:37:12.127 [info] fatal: not a git repository (or any of the parent directories): .git
2024-07-04 14:37:12.139 [info] > git rev-parse --show-toplevel [3ms]
2024-07-04 14:37:12.139 [info] fatal: not a git repository (or any of the parent directories): .git
2024-07-04 14:37:12.588 [info] > git rev-parse --show-toplevel [7ms]
2024-07-04 14:37:12.588 [info] fatal: not a git repository (or any of the parent directories): .git
2024-07-04 14:37:13.281 [info] > git rev-parse --show-toplevel [2ms]
2024-07-04 14:37:13.281 [info] fatal: not a git repository (or any of the parent directories): .git
2024-07-04 14:41:02.411 [info] > git rev-parse --show-toplevel [7ms]
2024-07-04 14:41:02.411 [info] fatal: not a git repository (or any of the parent directories): .git
2024-07-04 14:47:03.106 [info] > git rev-parse --show-toplevel [7ms]
2024-07-04 14:47:03.106 [info] fatal: not a git repository (or any of the parent directories): .git
2024-07-04 14:47:10.532 [info] > git rev-parse --show-toplevel [12ms]
2024-07-04 14:47:10.532 [info] fatal: not a git repository (or any of the parent directories): .git
2024-07-04 14:47:18.635 [info] > git rev-parse --show-toplevel [6ms]
2024-07-04 14:47:18.635 [info] fatal: not a git repository (or any of the parent directories): .git
2024-07-04 14:47:19.704 [info] > git rev-parse --show-toplevel [14ms]
2024-07-04 14:47:19.704 [info] fatal: not a git repository (or any of the parent directories): .git
2024-07-04 14:47:24.225 [info] > git rev-parse --show-toplevel [4ms]
2024-07-04 14:47:24.225 [info] fatal: not a git repository (or any of the parent directories): .git
2024-07-04 14:47:40.823 [info] > git rev-parse --show-toplevel [10ms]
2024-07-04 14:47:40.823 [info] fatal: not a git repository (or any of the parent directories): .git
2024-07-04 14:47:43.150 [info] > git rev-parse --show-toplevel [10ms]
2024-07-04 14:47:43.151 [info] fatal: not a git repository (or any of the parent directories): .git
2024-07-04 14:47:47.374 [info] > git rev-parse --show-toplevel [11ms]
2024-07-04 14:47:47.374 [info] fatal: not a git repository (or any of the parent directories): .git
2024-07-04 14:47:51.044 [info] > git rev-parse --show-toplevel [20ms]
2024-07-04 14:47:51.044 [info] fatal: not a git repository (or any of the parent directories): .git
2024-07-04 14:48:13.318 [info] > git rev-parse --show-toplevel [12ms]
2024-07-04 14:48:13.318 [info] fatal: not a git repository (or any of the parent directories): .git
2024-07-04 14:48:38.628 [info] > git rev-parse --show-toplevel [15ms]
2024-07-04 14:48:38.629 [info] fatal: not a git repository (or any of the parent directories): .git
2024-07-04 14:48:39.999 [info] > git rev-parse --show-toplevel [5ms]
2024-07-04 14:48:39.999 [info] fatal: not a git repository (or any of the parent directories): .git
2024-07-04 14:48:45.977 [info] > git rev-parse --show-toplevel [11ms]
2024-07-04 14:48:45.977 [info] fatal: not a git repository (or any of the parent directories): .git
2024-07-04 14:48:46.619 [info] > git rev-parse --show-toplevel [11ms]
2024-07-04 14:48:46.619 [info] fatal: not a git repository (or any of the parent directories): .git
2024-07-04 14:48:47.554 [info] > git rev-parse --show-toplevel [10ms]
2024-07-04 14:48:47.554 [info] fatal: not a git repository (or any of the parent directories): .git
2024-07-04 14:48:59.758 [info] > git rev-parse --show-toplevel [4ms]
2024-07-04 14:48:59.758 [info] fatal: not a git repository (or any of the parent directories): .git
2024-07-04 14:49:03.222 [info] > git rev-parse --show-toplevel [9ms]
2024-07-04 14:49:03.222 [info] fatal: not a git repository (or any of the parent directories): .git
2024-07-04 14:49:05.273 [info] > git rev-parse --show-toplevel [11ms]
2024-07-04 14:49:05.273 [info] fatal: not a git repository (or any of the parent directories): .git
2024-07-04 14:49:05.694 [info] > git rev-parse --show-toplevel [8ms]
2024-07-04 14:49:05.694 [info] fatal: not a git repository (or any of the parent directories): .git
2024-07-04 14:49:06.270 [info] > git rev-parse --show-toplevel [5ms]
2024-07-04 14:49:06.270 [info] fatal: not a git repository (or any of the parent directories): .git
2024-07-04 14:49:07.297 [info] > git rev-parse --show-toplevel [12ms]
2024-07-04 14:49:07.297 [info] fatal: not a git repository (or any of the parent directories): .git
2024-07-04 14:49:07.621 [info] > git rev-parse --show-toplevel [9ms]
2024-07-04 14:49:07.622 [info] fatal: not a git repository (or any of the parent directories): .git
2024-07-04 14:49:21.867 [info] > git rev-parse --show-toplevel [9ms]
2024-07-04 14:49:21.867 [info] fatal: not a git repository (or any of the parent directories): .git
2024-07-04 14:50:56.808 [info] > git rev-parse --show-toplevel [11ms]
2024-07-04 14:50:56.808 [info] fatal: not a git repository (or any of the parent directories): .git
2024-07-04 14:51:02.924 [info] > git rev-parse --show-toplevel [5ms]
2024-07-04 14:51:02.924 [info] fatal: not a git repository (or any of the parent directories): .git
2024-07-04 14:54:07.319 [info] > git rev-parse --show-toplevel [2ms]
2024-07-04 14:54:07.319 [info] fatal: not a git repository (or any of the parent directories): .git
2024-07-04 14:54:11.198 [info] > git rev-parse --show-toplevel [6ms]
2024-07-04 14:54:11.198 [info] fatal: not a git repository (or any of the parent directories): .git
2024-07-04 14:54:17.744 [info] > git rev-parse --show-toplevel [13ms]
2024-07-04 14:54:17.744 [info] fatal: not a git repository (or any of the parent directories): .git
2024-07-04 14:54:18.011 [info] > git rev-parse --show-toplevel [12ms]
2024-07-04 14:54:18.011 [info] fatal: not a git repository (or any of the parent directories): .git
2024-07-04 14:54:27.378 [info] > git rev-parse --show-toplevel [9ms]
2024-07-04 14:54:27.378 [info] fatal: not a git repository (or any of the parent directories): .git
2024-07-04 14:54:38.614 [info] > git rev-parse --show-toplevel [4ms]
2024-07-04 14:54:38.614 [info] fatal: not a git repository (or any of the parent directories): .git
2024-07-04 14:54:38.841 [info] > git rev-parse --show-toplevel [7ms]
2024-07-04 14:54:38.841 [info] fatal: not a git repository (or any of the parent directories): .git
2024-07-04 14:54:40.011 [info] > git rev-parse --show-toplevel [4ms]
2024-07-04 14:54:40.012 [info] fatal: not a git repository (or any of the parent directories): .git
2024-07-04 14:54:40.443 [info] > git rev-parse --show-toplevel [9ms]
2024-07-04 14:54:40.443 [info] fatal: not a git repository (or any of the parent directories): .git
2024-07-04 14:54:43.225 [info] > git rev-parse --show-toplevel [6ms]
2024-07-04 14:54:43.225 [info] fatal: not a git repository (or any of the parent directories): .git
2024-07-04 14:54:43.928 [info] > git rev-parse --show-toplevel [11ms]
2024-07-04 14:54:43.928 [info] fatal: not a git repository (or any of the parent directories): .git
2024-07-04 14:54:44.668 [info] > git rev-parse --show-toplevel [7ms]
2024-07-04 14:54:44.668 [info] fatal: not a git repository (or any of the parent directories): .git
2024-07-04 14:54:45.351 [info] > git rev-parse --show-toplevel [9ms]
2024-07-04 14:54:45.351 [info] fatal: not a git repository (or any of the parent directories): .git
2024-07-04 14:54:48.736 [info] > git rev-parse --show-toplevel [7ms]
2024-07-04 14:54:48.737 [info] fatal: not a git repository (or any of the parent directories): .git
2024-07-04 14:55:04.987 [info] > git rev-parse --show-toplevel [5ms]
2024-07-04 14:55:04.987 [info] fatal: not a git repository (or any of the parent directories): .git
2024-07-04 14:58:28.344 [info] > git rev-parse --show-toplevel [15ms]
2024-07-04 14:58:28.344 [info] fatal: not a git repository (or any of the parent directories): .git
2024-07-04 14:58:32.079 [info] > git rev-parse --show-toplevel [15ms]
2024-07-04 14:58:32.079 [info] fatal: not a git repository (or any of the parent directories): .git
2024-07-04 14:59:06.985 [info] > git rev-parse --show-toplevel [2ms]
2024-07-04 14:59:06.985 [info] fatal: not a git repository (or any of the parent directories): .git
