2024-07-09 10:05:26.655 [info] Extension host with pid 1404 started
2024-07-09 10:05:26.655 [info] Skipping acquiring lock for /home/zukkini/.config/Code - OSS/User/workspaceStorage/7abd69e5419f1f5d00e0deeff3865a7b.
2024-07-09 10:05:26.853 [info] ExtensionService#_doActivateExtension vscode.emmet, startup: false, activationEvent: 'onLanguage'
2024-07-09 10:05:26.865 [info] ExtensionService#_doActivateExtension vscode.typescript-language-features, startup: false, activationEvent: 'onLanguage:javascript'
2024-07-09 10:05:26.909 [info] ExtensionService#_doActivateExtension biomejs.biome, startup: false, activationEvent: 'onLanguage:javascript'
2024-07-09 10:05:27.832 [info] ExtensionService#_doActivateExtension vscode.git-base, startup: true, activationEvent: '*', root cause: vscode.git
2024-07-09 10:05:27.838 [info] ExtensionService#_doActivateExtension serafeim.goto-previous-buffer, startup: true, activationEvent: '*'
2024-07-09 10:05:27.842 [info] ExtensionService#_doActivateExtension silverquark.dancehelix, startup: true, activationEvent: '*'
2024-07-09 10:05:28.044 [info] ExtensionService#_doActivateExtension vscode.git, startup: true, activationEvent: '*'
2024-07-09 10:05:28.091 [info] ExtensionService#_doActivateExtension vscode.github, startup: true, activationEvent: '*'
2024-07-09 10:05:28.185 [info] Eager extensions activated
2024-07-09 10:05:28.252 [info] ExtensionService#_doActivateExtension vscode.debug-auto-launch, startup: false, activationEvent: 'onStartupFinished'
2024-07-09 10:05:28.260 [info] ExtensionService#_doActivateExtension vscode.merge-conflict, startup: false, activationEvent: 'onStartupFinished'
2024-07-09 10:05:28.269 [info] ExtensionService#_doActivateExtension Codeium.codeium, startup: false, activationEvent: 'onStartupFinished'
2024-07-09 10:18:25.152 [warning] ExtHostTextEditorOptions 'setCursorStyle' failed:'
2024-07-09 10:18:25.152 [warning] Illegal argument: TextEditor(vs.editor.ICodeEditor:1,$model1)
2024-07-09 10:18:25.372 [warning] ExtHostTextEditorOptions 'setCursorStyle' failed:'
2024-07-09 10:18:25.372 [warning] Illegal argument: TextEditor(vs.editor.ICodeEditor:1,$model2)
2024-07-09 10:18:25.759 [warning] ExtHostTextEditorOptions 'setCursorStyle' failed:'
2024-07-09 10:18:25.759 [warning] Illegal argument: TextEditor(vs.editor.ICodeEditor:1,$model3)
2024-07-09 10:18:39.353 [error] Error: [ExtensionListenerError] Extension 'silverquark.dancehelix' FAILED to handle event: Error: internal assertion failed; please report this error on https://github.com/71/dance/issues. its stacktrace is available in the developer console (Command Palette > Open Developer Tools).
	at n.value (/usr/lib/code/out/vs/workbench/api/node/extensionHostProcess.js:164:21021)
	at r.B (/usr/lib/code/out/vs/workbench/api/node/extensionHostProcess.js:83:737)
	at r.C (/usr/lib/code/out/vs/workbench/api/node/extensionHostProcess.js:83:807)
	at r.fire (/usr/lib/code/out/vs/workbench/api/node/extensionHostProcess.js:83:1023)
	at a.$acceptEditorPropertiesChanged (/usr/lib/code/out/vs/workbench/api/node/extensionHostProcess.js:156:33300)
	at S (/usr/lib/code/out/vs/workbench/api/node/extensionHostProcess.js:151:5986)
	at S.Q (/usr/lib/code/out/vs/workbench/api/node/extensionHostProcess.js:151:5752)
	at S.M (/usr/lib/code/out/vs/workbench/api/node/extensionHostProcess.js:151:4778)
	at S.L (/usr/lib/code/out/vs/workbench/api/node/extensionHostProcess.js:151:3605)
	at n.value (/usr/lib/code/out/vs/workbench/api/node/extensionHostProcess.js:151:2297)
	at r.B (/usr/lib/code/out/vs/workbench/api/node/extensionHostProcess.js:83:737)
	at r.fire (/usr/lib/code/out/vs/workbench/api/node/extensionHostProcess.js:83:954)
	at o.fire (/usr/lib/code/out/vs/workbench/api/node/extensionHostProcess.js:108:14502)
	at n.value (/usr/lib/code/out/vs/workbench/api/node/extensionHostProcess.js:177:8639)
	at r.B (/usr/lib/code/out/vs/workbench/api/node/extensionHostProcess.js:83:737)
	at r.fire (/usr/lib/code/out/vs/workbench/api/node/extensionHostProcess.js:83:954)
	at o.fire (/usr/lib/code/out/vs/workbench/api/node/extensionHostProcess.js:108:14502)
	at MessagePortMain.<anonymous> (/usr/lib/code/out/vs/workbench/api/node/extensionHostProcess.js:177:6765)
	at MessagePortMain.emit (node:events:514:28)
	at MessagePortMain.emit (node:domain:488:12)
	at MessagePortMain._internalPort.emit (node:electron/js2c/utility_init:2:2285)
2024-07-09 10:21:28.686 [info] ExtensionService#_doActivateExtension vscode.extension-editing, startup: false, activationEvent: 'onLanguage:markdown'
2024-07-09 10:21:28.711 [info] ExtensionService#_doActivateExtension vscode.markdown-language-features, startup: false, activationEvent: 'onLanguage:markdown'
2024-07-09 10:21:29.372 [info] ExtensionService#_doActivateExtension vscode.markdown-math, startup: false, activationEvent: 'api', root cause: vscode.markdown-language-features
2024-07-09 10:34:47.382 [info] ExtensionService#_doActivateExtension vscode.configuration-editing, startup: false, activationEvent: 'onLanguage:jsonc'
2024-07-09 10:34:47.399 [info] ExtensionService#_doActivateExtension vscode.json-language-features, startup: false, activationEvent: 'onLanguage:jsonc'
2024-07-09 10:50:54.227 [warning] ExtHostTextEditorOptions 'setCursorStyle' failed:'
2024-07-09 10:50:54.228 [warning] Illegal argument: TextEditor(vs.editor.ICodeEditor:1,$model10)
2024-07-09 10:50:54.874 [warning] ExtHostTextEditorOptions 'setCursorStyle' failed:'
2024-07-09 10:50:54.874 [warning] Illegal argument: TextEditor(vs.editor.ICodeEditor:1,$model8)
2024-07-09 11:07:04.713 [warning] TextEditor is closed/disposed
2024-07-09 11:07:04.722 [warning] ExtHostTextEditorOptions 'setCursorStyle' failed:'
2024-07-09 11:07:04.722 [warning] Illegal argument: TextEditor(vs.editor.ICodeEditor:1,$model17)
2024-07-09 11:08:52.994 [warning] TextEditor is closed/disposed
2024-07-09 11:08:53.017 [warning] ExtHostTextEditorOptions 'setCursorStyle' failed:'
2024-07-09 11:08:53.017 [warning] Illegal argument: TextEditor(vs.editor.ICodeEditor:1,$model18)
2024-07-09 11:14:41.762 [info] ExtensionService#_doActivateExtension vscode.html-language-features, startup: false, activationEvent: 'onLanguage:html'
2024-07-09 11:14:44.054 [warning] ExtHostTextEditorOptions 'setCursorStyle' failed:'
2024-07-09 11:14:44.054 [warning] Illegal argument: TextEditor(vs.editor.ICodeEditor:1,$model19)
2024-07-09 12:13:52.994 [error] Error: [ExtensionListenerError] Extension 'silverquark.dancehelix' FAILED to handle event: Error: internal assertion failed; please report this error on https://github.com/71/dance/issues. its stacktrace is available in the developer console (Command Palette > Open Developer Tools).
	at n.value (/usr/lib/code/out/vs/workbench/api/node/extensionHostProcess.js:164:21021)
	at r.B (/usr/lib/code/out/vs/workbench/api/node/extensionHostProcess.js:83:737)
	at r.C (/usr/lib/code/out/vs/workbench/api/node/extensionHostProcess.js:83:807)
	at r.fire (/usr/lib/code/out/vs/workbench/api/node/extensionHostProcess.js:83:1023)
	at a.$acceptEditorPropertiesChanged (/usr/lib/code/out/vs/workbench/api/node/extensionHostProcess.js:156:33300)
	at S (/usr/lib/code/out/vs/workbench/api/node/extensionHostProcess.js:151:5986)
	at S.Q (/usr/lib/code/out/vs/workbench/api/node/extensionHostProcess.js:151:5752)
	at S.M (/usr/lib/code/out/vs/workbench/api/node/extensionHostProcess.js:151:4778)
	at S.L (/usr/lib/code/out/vs/workbench/api/node/extensionHostProcess.js:151:3605)
	at n.value (/usr/lib/code/out/vs/workbench/api/node/extensionHostProcess.js:151:2297)
	at r.B (/usr/lib/code/out/vs/workbench/api/node/extensionHostProcess.js:83:737)
	at r.fire (/usr/lib/code/out/vs/workbench/api/node/extensionHostProcess.js:83:954)
	at o.fire (/usr/lib/code/out/vs/workbench/api/node/extensionHostProcess.js:108:14502)
	at n.value (/usr/lib/code/out/vs/workbench/api/node/extensionHostProcess.js:177:8639)
	at r.B (/usr/lib/code/out/vs/workbench/api/node/extensionHostProcess.js:83:737)
	at r.fire (/usr/lib/code/out/vs/workbench/api/node/extensionHostProcess.js:83:954)
	at o.fire (/usr/lib/code/out/vs/workbench/api/node/extensionHostProcess.js:108:14502)
	at MessagePortMain.<anonymous> (/usr/lib/code/out/vs/workbench/api/node/extensionHostProcess.js:177:6765)
	at MessagePortMain.emit (node:events:514:28)
	at MessagePortMain.emit (node:domain:488:12)
	at MessagePortMain._internalPort.emit (node:electron/js2c/utility_init:2:2285)
2024-07-09 12:29:25.128 [warning] ExtHostTextEditorOptions 'setCursorStyle' failed:'
2024-07-09 12:29:25.129 [warning] Illegal argument: TextEditor(vs.editor.ICodeEditor:6,$model23)
2024-07-09 12:30:18.080 [warning] ExtHostTextEditorOptions 'setCursorStyle' failed:'
2024-07-09 12:30:18.080 [warning] Illegal argument: TextEditor(vs.editor.ICodeEditor:8,$model25)
2024-07-09 12:30:25.938 [warning] ExtHostTextEditorOptions 'setCursorStyle' failed:'
2024-07-09 12:30:25.938 [warning] Illegal argument: TextEditor(vs.editor.ICodeEditor:9,$model26)
2024-07-09 12:30:55.525 [warning] ExtHostTextEditorOptions 'setCursorStyle' failed:'
2024-07-09 12:30:55.525 [warning] Illegal argument: TextEditor(vs.editor.ICodeEditor:11,$model28)
2024-07-09 12:30:56.464 [error] ConnectError: [invalid_argument] missing user JWT for inference API server
	at c (/home/zukkini/.vscode-oss/extensions/codeium.codeium-1.8.80/dist/extension.js:2:3641331)
	at a (/home/zukkini/.vscode-oss/extensions/codeium.codeium-1.8.80/dist/extension.js:2:3639707)
	at Object.parse (/home/zukkini/.vscode-oss/extensions/codeium.codeium-1.8.80/dist/extension.js:2:3640310)
	at /home/zukkini/.vscode-oss/extensions/codeium.codeium-1.8.80/dist/extension.js:2:3704520
	at Generator.next (<anonymous>)
	at c (/home/zukkini/.vscode-oss/extensions/codeium.codeium-1.8.80/dist/extension.js:2:3698072)
	at u (/home/zukkini/.vscode-oss/extensions/codeium.codeium-1.8.80/dist/extension.js:2:3698188)
	at process.processTicksAndRejections (node:internal/process/task_queues:95:5) codeium.submitCodeiumCommand {"value":"Codeium.codeium","_lower":"codeium.codeium"}
2024-07-09 12:33:05.603 [error] [vscode.typescript-language-features] provider FAILED
2024-07-09 12:33:05.603 [error] Error: <semantic> TypeScript Server Error (5.5.2)
BADCLIENT: Bad error code, 7027 not found in range 847..848 (found: ); could have caused this error:
Debug Failure. Token and statement should start at the same point. {"statementKind":"Block","tokenKind":"CloseBraceToken","errorCode":7027,"start":847,"length":1}
Error: BADCLIENT: Bad error code, 7027 not found in range 847..848 (found: ); could have caused this error:
Debug Failure. Token and statement should start at the same point. {"statementKind":"Block","tokenKind":"CloseBraceToken","errorCode":7027,"start":847,"length":1}
    at doChange27 (/usr/lib/code/extensions/node_modules/typescript/lib/typescript.js:158340:11)
    at /usr/lib/code/extensions/node_modules/typescript/lib/typescript.js:158323:79
    at _ChangeTracker.with (/usr/lib/code/extensions/node_modules/typescript/lib/typescript.js:174213:5)
    at Object.getCodeActions (/usr/lib/code/extensions/node_modules/typescript/lib/typescript.js:158323:62)
    at /usr/lib/code/extensions/node_modules/typescript/lib/typescript.js:151145:46
    at flatMap (/usr/lib/code/extensions/node_modules/typescript/lib/typescript.js:2629:17)
    at Object.getFixes (/usr/lib/code/extensions/node_modules/typescript/lib/typescript.js:151145:10)
    at /usr/lib/code/extensions/node_modules/typescript/lib/typescript.js:149425:33
    at flatMap (/usr/lib/code/extensions/node_modules/typescript/lib/typescript.js:2629:17)
    at Object.getCodeFixesAtPosition (/usr/lib/code/extensions/node_modules/typescript/lib/typescript.js:149423:12)
    at IpcIOSession.getCodeFixes (/usr/lib/code/extensions/node_modules/typescript/lib/typescript.js:191090:50)
    at getCodeFixes (/usr/lib/code/extensions/node_modules/typescript/lib/typescript.js:189174:43)
    at /usr/lib/code/extensions/node_modules/typescript/lib/typescript.js:191397:69
    at IpcIOSession.executeWithRequestId (/usr/lib/code/extensions/node_modules/typescript/lib/typescript.js:191389:14)
    at IpcIOSession.executeCommand (/usr/lib/code/extensions/node_modules/typescript/lib/typescript.js:191397:29)
    at IpcIOSession.onMessage (/usr/lib/code/extensions/node_modules/typescript/lib/typescript.js:191439:51)
    at process.<anonymous> (/usr/lib/code/extensions/node_modules/typescript/lib/tsserver.js:523:14)
    at process.emit (node:events:514:28)
    at emit (node:internal/child_process:951:14)
    at process.processTicksAndRejections (node:internal/process/task_queues:83:21)
	at n.create (/usr/lib/code/extensions/typescript-language-features/dist/extension.js:1:474351)
	at v.dispatchResponse (/usr/lib/code/extensions/typescript-language-features/dist/extension.js:1:468321)
	at v.dispatchMessage (/usr/lib/code/extensions/typescript-language-features/dist/extension.js:1:467165)
	at ChildProcess.<anonymous> (/usr/lib/code/extensions/typescript-language-features/dist/extension.js:1:466658)
	at ChildProcess.emit (node:events:514:28)
	at ChildProcess.emit (node:domain:488:12)
	at emit (node:internal/child_process:951:14)
	at process.processTicksAndRejections (node:internal/process/task_queues:83:21)
2024-07-09 12:33:47.075 [info] Extension host terminating: renderer closed the MessagePort
2024-07-09 12:33:47.122 [info] Extension host with pid 1404 exiting with code 0
