(VSCode) 2024-07-09 18:53:23.418 [INFO]: No proxy settings found
(VSCode) 2024-07-09 18:53:24.630 [INFO]: Creating manager directory: /tmp/b89ec3d9-3873-4a92-a243-5cef173097b6/codeium/manager
(VSCode) 2024-07-09 18:53:25.288 [INFO]: Using cached LS with valid crc32: /home/zukkini/.vscode-oss/extensions/codeium.codeium-1.8.80/dist/ea9a89028334feda7d7ab8900d5f1d58e2f7c361/language_server_linux_x64
(VSCode) 2024-07-09 18:53:25.295 [INFO]: Language server started
2024/07/09 18:53:25 maxprocs: Leaving GOMAXPROCS=12: CPU quota undefined
I0709 18:53:25.466271  1818 main.go:494] Setting GOMAXPROCS to 12
I0709 18:53:25.466421  1818 main.go:629] Starting language server manager with pid 1818
I0709 18:53:25.466510  1818 main.go:117] Manager acquired its lock file /tmp/b89ec3d9-3873-4a92-a243-5cef173097b6/codeium/manager/locks/manager.lock
I0709 18:53:25.466996  1818 main.go:256] Waiting for random port file in /tmp/b89ec3d9-3873-4a92-a243-5cef173097b6/codeium/manager/child_random_port_1720540405466616893_8736150276362356343 to be created
2024/07/09 18:53:25 maxprocs: Leaving GOMAXPROCS=12: CPU quota undefined
I0709 18:53:25.630619  1833 main.go:494] Setting GOMAXPROCS to 4
I0709 18:53:25.630812  1833 main.go:623] Starting language server process with pid 1833
I0709 18:53:25.630850  1833 server.go:156] Language server will attempt to listen on host 127.0.0.1
I0709 18:53:25.631012  1833 server.go:163] Language server listening on random port at 42641
I0709 18:53:25.631100  1833 proxy.go:113] proxyplease.proxy> No proxy provided. Attempting to infer from system.
I0709 18:53:25.631126  1833 proxy.go:113] proxyplease.proxy> No proxy could be determined. Assuming a direct connection.
I0709 18:53:25.631162  1833 client.go:589] [DEBUG] GET https://server.codeium.com/exa.api_server_pb.ApiServerService/GetCompletions
I0709 18:53:26.158502  1833 unleash.go:90] Initializing Unleash
I0709 18:53:26.600168  1833 unleash.go:110] Successfully initialized Unleash
E0709 18:53:26.629427  1833 client_manager.go:270] Metadata is nil when trying to refresh user JWT
I0709 18:53:26.630786  1833 server.go:355] Successfully created API server client
I0709 18:53:26.694468  1833 server.go:364] Successfully initialized tokenizer
I0709 18:53:26.850426  1833 server.go:473] Local search is enabled, will index local files.
I0709 18:53:26.850483  1833 server.go:477] Using 3 indexer workers
I0709 18:53:26.850856  1833 search_provider.go:208] Using database at /home/zukkini/.codeium/database/9c0694567290725d9dcba14ade58e297/2/MODEL_EMBED_6591
I0709 18:53:26.874106  1833 search_provider.go:222] Successfully created embedding search database in 23ms
I0709 18:53:26.874414  1833 indexer.go:214] Using 4 embed workers
I0709 18:53:26.874475  1833 search_provider.go:251] Successfully created and started indexer
I0709 18:53:26.874506  1833 search_provider.go:277] Successfully created embedding search provider
I0709 18:53:26.874518  1833 server.go:517] Successfully created exact search provider
I0709 18:53:26.890955  1833 server.go:547] Successfully created completion provider
I0709 18:53:26.891605  1833 server.go:596] Child process attempting to acquire lock file /tmp/b89ec3d9-3873-4a92-a243-5cef173097b6/codeium/manager/locks/child_lock_1720540405466656290_288937404791396500
I0709 18:53:26.891734  1833 server.go:604] Child process acquired lock file /tmp/b89ec3d9-3873-4a92-a243-5cef173097b6/codeium/manager/locks/child_lock_1720540405466656290_288937404791396500
I0709 18:53:26.904186  1833 server.go:183] LSP listening on random port at 38247
I0709 18:53:26.904776  1833 web_server.go:239] Chat Web Server listening at ws://127.0.0.1:43517
38247
I0709 18:53:26.973251  1818 main.go:292] Language server manager found random server port 42641
I0709 18:53:26.973326  1818 main.go:293] Language server manager found random lsp port 38247
I0709 18:53:26.973373  1818 main.go:300] Language server manager attempting to connect to language server at 127.0.0.1:42641
I0709 18:53:27.015033  1818 main.go:171] Fixing language server port at 42641
I0709 18:53:27.015106  1818 main.go:351] Language server manager successfully connected to new language server at 127.0.0.1:42641
(VSCode) 2024-07-09 18:53:27.112 [INFO]: Found language server running on port 42641
(VSCode) 2024-07-09 18:53:27.126 [INFO]: Downloaded binary: /home/zukkini/.codeium/bin/af6b6c543b224d348a8876f0c06245d9ea7929c5/ripgrep_linux_x64
I0709 18:53:27.145544  1833 rpcs_miscellaneous.go:131] Ripgrep available at /home/zukkini/.codeium/bin/af6b6c543b224d348a8876f0c06245d9ea7929c5/ripgrep_linux_x64
I0709 18:53:27.147498  1833 utils.go:182] Analyzing workspace files for /home/zukkini/Downloads/examples/
I0709 18:53:27.155471  1833 utils.go:242] Done analyzing workspace files for /home/zukkini/Downloads/examples/
I0709 18:53:27.155512  1833 lsp.go:208] Found 193 files in workspace /home/zukkini/Downloads/examples/
I0709 18:53:27.159946  1833 lsp.go:232] Adding workspace listener for [0xc0003380e0]
I0709 18:53:27.160013  1833 indexing_listener.go:202] Add workspace event with uid 1 for workspace /home/zukkini/Downloads/examples/
I0709 18:53:27.167459  1833 lazy_model.go:30] Successfully created faiss index
I0709 18:53:27.314365  1833 rpcs_miscellaneous.go:325] University version is up to date.
I0709 18:53:27.440384  1833 indexing_listener.go:242] Done enqueue workspace with uid 1
I0709 18:58:27.364464  1833 rpcs_miscellaneous.go:98] Local indexer stats: database:{local_sqlite_faiss:{faiss_state_stats:{embedding_source:EMBEDDING_SOURCE_CODE_CONTEXT_ITEM  workspace:"/home/zukkini/Downloads/examples"  item_count:1958}  total_item_count:1958  quantized:true}}
I0709 18:58:27.364665  1833 rpcs_miscellaneous.go:99] Memory stats: {"runtime":{"alloc":44133480,"heap_inuse":50143232,"heap_released":16605184,"heap_sys":73826304,"total_alloc":192888160,"stack_inuse":1671168,"sys":86368536,"num_goroutine":50},"proc":{"virt_size":2573268,"pss":360685}}
I0709 18:59:26.630526  1833 client_manager.go:248] Pruning inactive client for {9c55f776-276f-4d12-a5f4-563459f1a824 7294702f-d3c4-446d-aa80-ec4283c6e14f}
I0709 19:03:27.093502  1833 rpcs_miscellaneous.go:98] Local indexer stats: database:{local_sqlite_faiss:{faiss_state_stats:{embedding_source:EMBEDDING_SOURCE_CODE_CONTEXT_ITEM  workspace:"/home/zukkini/Downloads/examples"  item_count:1958}  total_item_count:1958  quantized:true}}
I0709 19:03:27.093654  1833 rpcs_miscellaneous.go:99] Memory stats: {"runtime":{"alloc":44778208,"heap_inuse":50307072,"heap_released":10280960,"heap_sys":74088448,"total_alloc":240673592,"stack_inuse":1409024,"sys":86368536,"num_goroutine":48},"proc":{"virt_size":2573268,"pss":366981}}
I0709 19:08:27.319429  1833 rpcs_miscellaneous.go:98] Local indexer stats: database:{local_sqlite_faiss:{faiss_state_stats:{embedding_source:EMBEDDING_SOURCE_CODE_CONTEXT_ITEM  workspace:"/home/zukkini/Downloads/examples"  item_count:1958}  total_item_count:1958  quantized:true}}
I0709 19:08:27.319512  1833 rpcs_miscellaneous.go:99] Memory stats: {"runtime":{"alloc":42011000,"heap_inuse":48177152,"heap_released":21454848,"heap_sys":74055680,"total_alloc":273848536,"stack_inuse":1441792,"sys":86368536,"num_goroutine":50},"proc":{"virt_size":2574180,"pss":357173}}
I0709 19:13:27.024246  1833 rpcs_miscellaneous.go:98] Local indexer stats: database:{local_sqlite_faiss:{faiss_state_stats:{embedding_source:EMBEDDING_SOURCE_CODE_CONTEXT_ITEM  workspace:"/home/zukkini/Downloads/examples"  item_count:1958}  total_item_count:1958  quantized:true}}
I0709 19:13:27.024394  1833 rpcs_miscellaneous.go:99] Memory stats: {"runtime":{"alloc":36833048,"heap_inuse":44687360,"heap_released":21454848,"heap_sys":74055680,"total_alloc":300068624,"stack_inuse":1441792,"sys":86368536,"num_goroutine":51},"proc":{"virt_size":2574180,"pss":357194}}
I0709 19:18:27.199752  1833 rpcs_miscellaneous.go:98] Local indexer stats: database:{local_sqlite_faiss:{faiss_state_stats:{embedding_source:EMBEDDING_SOURCE_CODE_CONTEXT_ITEM  workspace:"/home/zukkini/Downloads/examples"  item_count:1958}  total_item_count:1958  quantized:true}}
I0709 19:18:27.199839  1833 rpcs_miscellaneous.go:99] Memory stats: {"runtime":{"alloc":41919184,"heap_inuse":48005120,"heap_released":21454848,"heap_sys":74055680,"total_alloc":325501304,"stack_inuse":1441792,"sys":86368536,"num_goroutine":50},"proc":{"virt_size":2574180,"pss":357203}}
I0709 19:23:27.393542  1833 rpcs_miscellaneous.go:98] Local indexer stats: database:{local_sqlite_faiss:{faiss_state_stats:{embedding_source:EMBEDDING_SOURCE_CODE_CONTEXT_ITEM  workspace:"/home/zukkini/Downloads/examples"  item_count:1958}  total_item_count:1958  quantized:true}}
I0709 19:23:27.393700  1833 rpcs_miscellaneous.go:99] Memory stats: {"runtime":{"alloc":36874800,"heap_inuse":44605440,"heap_released":21454848,"heap_sys":74153984,"total_alloc":351128256,"stack_inuse":1343488,"sys":86368536,"num_goroutine":42},"proc":{"virt_size":2574180,"pss":357233}}
I0709 19:28:27.148389  1833 rpcs_miscellaneous.go:98] Local indexer stats: database:{local_sqlite_faiss:{faiss_state_stats:{embedding_source:EMBEDDING_SOURCE_CODE_CONTEXT_ITEM  workspace:"/home/zukkini/Downloads/examples"  item_count:1958}  total_item_count:1958  quantized:true}}
I0709 19:28:27.148538  1833 rpcs_miscellaneous.go:99] Memory stats: {"runtime":{"alloc":44757552,"heap_inuse":50798592,"heap_released":18833408,"heap_sys":74252288,"total_alloc":381234472,"stack_inuse":1245184,"sys":86368536,"num_goroutine":40},"proc":{"virt_size":2574180,"pss":359797}}
I0709 19:33:27.366061  1833 rpcs_miscellaneous.go:98] Local indexer stats: database:{local_sqlite_faiss:{faiss_state_stats:{embedding_source:EMBEDDING_SOURCE_CODE_CONTEXT_ITEM  workspace:"/home/zukkini/Downloads/examples"  item_count:1958}  total_item_count:1958  quantized:true}}
I0709 19:33:27.366216  1833 rpcs_miscellaneous.go:99] Memory stats: {"runtime":{"alloc":36465936,"heap_inuse":44097536,"heap_released":19292160,"heap_sys":74252288,"total_alloc":406505912,"stack_inuse":1245184,"sys":86368536,"num_goroutine":40},"proc":{"virt_size":2574180,"pss":359361}}
(VSCode) 2024-07-09 19:35:49.333 [INFO]: Completion request was cancelled by token (463.28ms)
(VSCode) 2024-07-09 19:35:49.577 [INFO]: Completion request was cancelled by token (194.4ms)
(VSCode) 2024-07-09 19:35:49.747 [INFO]: Completion request was cancelled by token (118.96ms)
(VSCode) 2024-07-09 19:35:49.908 [INFO]: Completion request was cancelled by token (109.86ms)
(VSCode) 2024-07-09 19:35:50.182 [INFO]: Completion request was cancelled by token (222.45ms)
(VSCode) 2024-07-09 19:35:50.336 [INFO]: Completion request was cancelled by token (99.86ms)
(VSCode) 2024-07-09 19:35:50.599 [INFO]: Completion request was cancelled by token (209.57ms)
(VSCode) 2024-07-09 19:35:53.303 [INFO]: Completion request succeeded (557.06ms)
(VSCode) 2024-07-09 19:35:53.311 [INFO]: Generated 1 completion
(VSCode) 2024-07-09 19:35:53.314 [INFO]: provideInlineCompletionItems request succeeded (568.56ms)
(VSCode) 2024-07-09 19:35:53.379 [INFO]: Completion request succeeded (16.38ms)
(VSCode) 2024-07-09 19:35:53.381 [INFO]: Generated 1 completion
(VSCode) 2024-07-09 19:35:53.382 [INFO]: provideInlineCompletionItems request succeeded (20.08ms)
(VSCode) 2024-07-09 19:35:53.588 [INFO]: Completion request succeeded (16.26ms)
(VSCode) 2024-07-09 19:35:53.591 [INFO]: Generated 1 completion
(VSCode) 2024-07-09 19:35:53.592 [INFO]: provideInlineCompletionItems request succeeded (21.15ms)
(VSCode) 2024-07-09 19:35:53.660 [INFO]: Completion request was cancelled by token (12.34ms)
(VSCode) 2024-07-09 19:35:53.731 [INFO]: Completion request succeeded (19.43ms)
(VSCode) 2024-07-09 19:35:53.733 [INFO]: Generated 1 completion
(VSCode) 2024-07-09 19:35:53.734 [INFO]: provideInlineCompletionItems request succeeded (23.52ms)
(VSCode) 2024-07-09 19:35:54.438 [INFO]: Completion request succeeded (18.12ms)
(VSCode) 2024-07-09 19:35:54.440 [INFO]: Generated 1 completion
(VSCode) 2024-07-09 19:35:54.440 [INFO]: provideInlineCompletionItems request succeeded (21.37ms)
(VSCode) 2024-07-09 19:35:56.647 [INFO]: Completion request succeeded (19.49ms)
(VSCode) 2024-07-09 19:35:56.649 [INFO]: Generated 1 completion
(VSCode) 2024-07-09 19:35:56.650 [INFO]: provideInlineCompletionItems request succeeded (23.31ms)
(VSCode) 2024-07-09 19:35:57.046 [INFO]: Completion request succeeded (18.02ms)
(VSCode) 2024-07-09 19:35:57.048 [INFO]: Generated 1 completion
(VSCode) 2024-07-09 19:35:57.049 [INFO]: provideInlineCompletionItems request succeeded (21.74ms)
(VSCode) 2024-07-09 19:35:57.600 [INFO]: Completion request was cancelled by token (344.27ms)
(VSCode) 2024-07-09 19:35:57.722 [INFO]: Completion request was cancelled by token (70.18ms)
(VSCode) 2024-07-09 19:35:58.192 [INFO]: Completion request was cancelled by token (419.88ms)
(VSCode) 2024-07-09 19:35:59.764 [INFO]: Completion request was cancelled by token (340.86ms)
(VSCode) 2024-07-09 19:36:00.003 [INFO]: Completion request was cancelled by token (187.09ms)
(VSCode) 2024-07-09 19:36:00.358 [INFO]: Completion request was cancelled by token (302.93ms)
(VSCode) 2024-07-09 19:36:02.015 [INFO]: Completion request was cancelled by token (389.07ms)
(VSCode) 2024-07-09 19:36:02.394 [INFO]: Completion request was cancelled by token (328.89ms)
(VSCode) 2024-07-09 19:36:02.590 [INFO]: Completion request was cancelled by token (143.68ms)
(VSCode) 2024-07-09 19:36:03.027 [INFO]: Completion request was cancelled by token (387.63ms)
(VSCode) 2024-07-09 19:36:03.217 [INFO]: Completion request was cancelled by token (139.32ms)
(VSCode) 2024-07-09 19:36:03.371 [INFO]: Completion request was cancelled by token (103.26ms)
(VSCode) 2024-07-09 19:36:03.736 [INFO]: Completion request was cancelled by token (315.35ms)
(VSCode) 2024-07-09 19:36:04.161 [INFO]: Completion request succeeded (375.48ms)
(VSCode) 2024-07-09 19:36:04.164 [INFO]: No completions were generated
(VSCode) 2024-07-09 19:36:04.164 [INFO]: provideInlineCompletionItems request succeeded (379.43ms)
(VSCode) 2024-07-09 19:36:10.504 [INFO]: Completion request was cancelled by token (266.27ms)
(VSCode) 2024-07-09 19:36:10.702 [INFO]: Completion request was cancelled by token (148.75ms)
(VSCode) 2024-07-09 19:36:11.142 [INFO]: Completion request was cancelled by token (391.84ms)
(VSCode) 2024-07-09 19:36:11.273 [INFO]: Completion request was cancelled by token (80.74ms)
(VSCode) 2024-07-09 19:36:11.509 [INFO]: Completion request was cancelled by token (184.3ms)
(VSCode) 2024-07-09 19:36:11.852 [INFO]: Completion request was cancelled by token (293.94ms)
(VSCode) 2024-07-09 19:36:12.018 [INFO]: Completion request was cancelled by token (115.74ms)
(VSCode) 2024-07-09 19:36:12.450 [INFO]: Completion request was cancelled by token (381.55ms)
(VSCode) 2024-07-09 19:36:12.585 [INFO]: Completion request was cancelled by token (85.69ms)
(VSCode) 2024-07-09 19:36:12.782 [INFO]: Completion request was cancelled by token (147.28ms)
(VSCode) 2024-07-09 19:36:12.981 [INFO]: Completion request was cancelled by token (149.59ms)
(VSCode) 2024-07-09 19:36:13.204 [INFO]: Completion request was cancelled by token (172.79ms)
(VSCode) 2024-07-09 19:36:13.528 [INFO]: Completion request was cancelled by token (274.13ms)
(VSCode) 2024-07-09 19:36:13.719 [INFO]: Completion request was cancelled by token (141.85ms)
(VSCode) 2024-07-09 19:36:13.805 [INFO]: Completion request was cancelled by token (35.37ms)
(VSCode) 2024-07-09 19:36:13.906 [INFO]: Completion request was cancelled by token (49.95ms)
(VSCode) 2024-07-09 19:36:14.023 [INFO]: Completion request was cancelled by token (65.84ms)
(VSCode) 2024-07-09 19:36:14.417 [INFO]: Completion request was cancelled by token (342.87ms)
(VSCode) 2024-07-09 19:36:14.797 [INFO]: Completion request was cancelled by token (328.82ms)
(VSCode) 2024-07-09 19:36:23.351 [INFO]: Completion request was cancelled by token (324.09ms)
(VSCode) 2024-07-09 19:36:23.592 [INFO]: Completion request was cancelled by token (189.61ms)
(VSCode) 2024-07-09 19:36:24.092 [INFO]: Completion request was cancelled by token (450.46ms)
(VSCode) 2024-07-09 19:36:24.546 [INFO]: Completion request was cancelled by token (403.26ms)
(VSCode) 2024-07-09 19:36:24.881 [INFO]: Completion request was cancelled by token (282.83ms)
(VSCode) 2024-07-09 19:36:25.157 [INFO]: Completion request was cancelled by token (224.51ms)
(VSCode) 2024-07-09 19:36:25.319 [INFO]: Completion request was cancelled by token (110.17ms)
(VSCode) 2024-07-09 19:36:25.431 [INFO]: Completion request was cancelled by token (60.54ms)
(VSCode) 2024-07-09 19:36:25.714 [INFO]: Completion request was cancelled by token (232.48ms)
(VSCode) 2024-07-09 19:36:27.303 [INFO]: Completion request was cancelled by token (100.59ms)
(VSCode) 2024-07-09 19:36:27.478 [INFO]: Completion request was cancelled by token (123.89ms)
(VSCode) 2024-07-09 19:36:27.634 [INFO]: Completion request was cancelled by token (105.92ms)
(VSCode) 2024-07-09 19:36:27.726 [INFO]: Completion request was cancelled by token (41.78ms)
(VSCode) 2024-07-09 19:36:28.011 [INFO]: Completion request was cancelled by token (234.55ms)
(VSCode) 2024-07-09 19:36:29.196 [INFO]: Completion request was cancelled by token (117.91ms)
(VSCode) 2024-07-09 19:36:29.571 [INFO]: Completion request was cancelled by token (323.28ms)
(VSCode) 2024-07-09 19:36:29.741 [INFO]: Completion request was cancelled by token (119.38ms)
(VSCode) 2024-07-09 19:36:30.062 [INFO]: Completion request was cancelled by token (270.78ms)
(VSCode) 2024-07-09 19:36:31.526 [INFO]: Completion request was cancelled by token (221.33ms)
(VSCode) 2024-07-09 19:36:31.723 [INFO]: Completion request was cancelled by token (144.25ms)
(VSCode) 2024-07-09 19:36:31.834 [INFO]: Completion request was cancelled by token (60.68ms)
(VSCode) 2024-07-09 19:36:32.107 [INFO]: Completion request was cancelled by token (222.89ms)
(VSCode) 2024-07-09 19:36:32.995 [INFO]: Completion request was cancelled by token (49.26ms)
(VSCode) 2024-07-09 19:36:33.263 [INFO]: Completion request was cancelled by token (220.53ms)
(VSCode) 2024-07-09 19:36:33.385 [INFO]: Completion request was cancelled by token (70.98ms)
(VSCode) 2024-07-09 19:36:33.608 [INFO]: Completion request was cancelled by token (171.17ms)
(VSCode) 2024-07-09 19:36:33.695 [INFO]: Completion request was cancelled by token (37.15ms)
(VSCode) 2024-07-09 19:36:33.831 [INFO]: Completion request was cancelled by token (84.95ms)
(VSCode) 2024-07-09 19:36:34.129 [INFO]: Completion request was cancelled by token (246.9ms)
(VSCode) 2024-07-09 19:36:34.992 [INFO]: Completion request was cancelled by token (140.41ms)
(VSCode) 2024-07-09 19:36:35.323 [INFO]: Completion request was cancelled by token (280.15ms)
(VSCode) 2024-07-09 19:36:35.778 [INFO]: Completion request was cancelled by token (406.89ms)
(VSCode) 2024-07-09 19:36:35.919 [INFO]: Completion request was cancelled by token (89.57ms)
(VSCode) 2024-07-09 19:36:35.998 [INFO]: Completion request was cancelled by token (28.13ms)
(VSCode) 2024-07-09 19:36:36.336 [INFO]: Completion request was cancelled by token (287.42ms)
(VSCode) 2024-07-09 19:36:37.398 [INFO]: Completion request was cancelled by token (231.36ms)
(VSCode) 2024-07-09 19:36:37.569 [INFO]: Completion request was cancelled by token (124.64ms)
(VSCode) 2024-07-09 19:36:37.802 [INFO]: Completion request was cancelled by token (180.88ms)
(VSCode) 2024-07-09 19:36:37.916 [INFO]: Completion request was cancelled by token (65.63ms)
(VSCode) 2024-07-09 19:36:38.252 [INFO]: Completion request was cancelled by token (284.01ms)
(VSCode) 2024-07-09 19:36:39.347 [INFO]: Completion request was cancelled by token (77.35ms)
(VSCode) 2024-07-09 19:36:39.539 [INFO]: Completion request was cancelled by token (138.01ms)
(VSCode) 2024-07-09 19:36:39.644 [INFO]: Completion request was cancelled by token (54.64ms)
(VSCode) 2024-07-09 19:36:40.613 [INFO]: Completion request succeeded (919.18ms)
(VSCode) 2024-07-09 19:36:40.616 [INFO]: Generated 3 completions
(VSCode) 2024-07-09 19:36:40.618 [INFO]: provideInlineCompletionItems request succeeded (924.72ms)
(VSCode) 2024-07-09 19:36:40.844 [INFO]: Completion request succeeded (9.49ms)
(VSCode) 2024-07-09 19:36:40.846 [INFO]: Generated 2 completions
(VSCode) 2024-07-09 19:36:40.848 [INFO]: provideInlineCompletionItems request succeeded (14.16ms)
(VSCode) 2024-07-09 19:36:41.066 [INFO]: Completion request succeeded (15.79ms)
(VSCode) 2024-07-09 19:36:41.068 [INFO]: Generated 2 completions
(VSCode) 2024-07-09 19:36:41.069 [INFO]: provideInlineCompletionItems request succeeded (19.11ms)
(VSCode) 2024-07-09 19:36:41.537 [INFO]: Completion request was cancelled by token (266.72ms)
(VSCode) 2024-07-09 19:36:42.108 [INFO]: Completion request was cancelled by token (520.36ms)
(VSCode) 2024-07-09 19:36:42.612 [INFO]: Completion request succeeded (452.38ms)
(VSCode) 2024-07-09 19:36:42.615 [INFO]: Generated 1 completion
(VSCode) 2024-07-09 19:36:42.616 [INFO]: provideInlineCompletionItems request succeeded (457.36ms)
(VSCode) 2024-07-09 19:36:45.268 [INFO]: Completion request succeeded (11.31ms)
(VSCode) 2024-07-09 19:36:45.269 [INFO]: Generated 1 completion
(VSCode) 2024-07-09 19:36:45.269 [INFO]: provideInlineCompletionItems request succeeded (13.42ms)
(VSCode) 2024-07-09 19:36:45.654 [INFO]: Completion request succeeded (10.16ms)
(VSCode) 2024-07-09 19:36:45.655 [INFO]: Generated 1 completion
(VSCode) 2024-07-09 19:36:45.655 [INFO]: provideInlineCompletionItems request succeeded (11.73ms)
(VSCode) 2024-07-09 19:36:45.787 [INFO]: Completion request succeeded (13.68ms)
(VSCode) 2024-07-09 19:36:45.788 [INFO]: Generated 1 completion
(VSCode) 2024-07-09 19:36:45.789 [INFO]: provideInlineCompletionItems request succeeded (15.73ms)
(VSCode) 2024-07-09 19:36:46.046 [INFO]: Completion request succeeded (9.96ms)
(VSCode) 2024-07-09 19:36:46.047 [INFO]: Generated 1 completion
(VSCode) 2024-07-09 19:36:46.047 [INFO]: provideInlineCompletionItems request succeeded (11.52ms)
(VSCode) 2024-07-09 19:36:46.241 [INFO]: Completion request succeeded (16.88ms)
(VSCode) 2024-07-09 19:36:46.241 [INFO]: Generated 1 completion
(VSCode) 2024-07-09 19:36:46.242 [INFO]: provideInlineCompletionItems request succeeded (18.69ms)
(VSCode) 2024-07-09 19:36:46.473 [INFO]: Completion request succeeded (10.86ms)
(VSCode) 2024-07-09 19:36:46.474 [INFO]: Generated 1 completion
(VSCode) 2024-07-09 19:36:46.474 [INFO]: provideInlineCompletionItems request succeeded (12.34ms)
(VSCode) 2024-07-09 19:36:46.572 [INFO]: Completion request succeeded (15.03ms)
(VSCode) 2024-07-09 19:36:46.574 [INFO]: Generated 1 completion
(VSCode) 2024-07-09 19:36:46.576 [INFO]: provideInlineCompletionItems request succeeded (19.01ms)
(VSCode) 2024-07-09 19:36:46.719 [INFO]: Completion request succeeded (15.86ms)
(VSCode) 2024-07-09 19:36:46.722 [INFO]: Generated 1 completion
(VSCode) 2024-07-09 19:36:46.723 [INFO]: provideInlineCompletionItems request succeeded (19.9ms)
(VSCode) 2024-07-09 19:36:46.919 [INFO]: Completion request succeeded (15.14ms)
(VSCode) 2024-07-09 19:36:46.920 [INFO]: Generated 1 completion
(VSCode) 2024-07-09 19:36:46.920 [INFO]: provideInlineCompletionItems request succeeded (17.41ms)
(VSCode) 2024-07-09 19:36:47.472 [INFO]: Completion request was cancelled by token (472.11ms)
(VSCode) 2024-07-09 19:36:49.112 [INFO]: Completion request was cancelled by token (252.61ms)
(VSCode) 2024-07-09 19:36:49.259 [INFO]: Completion request was cancelled by token (92.64ms)
(VSCode) 2024-07-09 19:36:49.348 [INFO]: Completion request was cancelled by token (37.29ms)
(VSCode) 2024-07-09 19:36:49.639 [INFO]: Completion request was cancelled by token (238.97ms)
(VSCode) 2024-07-09 19:36:49.948 [INFO]: Completion request was cancelled by token (260.08ms)
(VSCode) 2024-07-09 19:36:50.101 [INFO]: Completion request was cancelled by token (99.19ms)
(VSCode) 2024-07-09 19:36:50.362 [INFO]: Completion request was cancelled by token (209.51ms)
(VSCode) 2024-07-09 19:36:50.461 [INFO]: Completion request was cancelled by token (47.82ms)
(VSCode) 2024-07-09 19:36:50.773 [INFO]: Completion request was cancelled by token (259.84ms)
(VSCode) 2024-07-09 19:36:52.082 [INFO]: Completion request succeeded (364.86ms)
(VSCode) 2024-07-09 19:36:52.083 [INFO]: No completions were generated
(VSCode) 2024-07-09 19:36:52.083 [INFO]: provideInlineCompletionItems request succeeded (366.49ms)
(VSCode) 2024-07-09 19:36:55.762 [INFO]: Completion request was cancelled by token (197.58ms)
(VSCode) 2024-07-09 19:37:29.334 [INFO]: Completion request was cancelled by token (287.5ms)
(VSCode) 2024-07-09 19:37:30.998 [INFO]: Completion request was cancelled by token (187.85ms)
(VSCode) 2024-07-09 19:37:31.204 [INFO]: Completion request was cancelled by token (156.69ms)
(VSCode) 2024-07-09 19:37:31.367 [INFO]: Completion request was cancelled by token (111.85ms)
(VSCode) 2024-07-09 19:37:31.459 [INFO]: Completion request was cancelled by token (39.72ms)
(VSCode) 2024-07-09 19:37:31.787 [INFO]: Completion request was cancelled by token (276.41ms)
(VSCode) 2024-07-09 19:37:34.919 [INFO]: Completion request was cancelled by token (246.67ms)
(VSCode) 2024-07-09 19:37:35.070 [INFO]: Completion request was cancelled by token (99.76ms)
(VSCode) 2024-07-09 19:37:35.402 [INFO]: Completion request was cancelled by token (280.33ms)
(VSCode) 2024-07-09 19:37:35.685 [INFO]: Completion request was cancelled by token (232ms)
(VSCode) 2024-07-09 19:37:36.822 [INFO]: Completion request was cancelled by token (165.46ms)
(VSCode) 2024-07-09 19:37:37.194 [INFO]: Completion request was cancelled by token (321.71ms)
(VSCode) 2024-07-09 19:37:37.329 [INFO]: Completion request was cancelled by token (83.44ms)
(VSCode) 2024-07-09 19:37:37.535 [INFO]: Completion request was cancelled by token (155.13ms)
(VSCode) 2024-07-09 19:37:37.789 [INFO]: Completion request was cancelled by token (203.98ms)
(VSCode) 2024-07-09 19:37:38.153 [INFO]: Completion request was cancelled by token (312.75ms)
(VSCode) 2024-07-09 19:37:38.770 [INFO]: Completion request succeeded (565.46ms)
(VSCode) 2024-07-09 19:37:38.773 [INFO]: Generated 1 completion
(VSCode) 2024-07-09 19:37:38.775 [INFO]: provideInlineCompletionItems request succeeded (571.23ms)
(VSCode) 2024-07-09 19:37:40.895 [INFO]: Completion request succeeded (13.38ms)
(VSCode) 2024-07-09 19:37:40.896 [INFO]: Generated 1 completion
(VSCode) 2024-07-09 19:37:40.896 [INFO]: provideInlineCompletionItems request succeeded (15.15ms)
(VSCode) 2024-07-09 19:37:41.093 [INFO]: Completion request succeeded (12.33ms)
(VSCode) 2024-07-09 19:37:41.094 [INFO]: Generated 1 completion
(VSCode) 2024-07-09 19:37:41.094 [INFO]: provideInlineCompletionItems request succeeded (14.36ms)
(VSCode) 2024-07-09 19:37:41.210 [INFO]: Completion request succeeded (16.2ms)
(VSCode) 2024-07-09 19:37:41.212 [INFO]: Generated 1 completion
(VSCode) 2024-07-09 19:37:41.213 [INFO]: provideInlineCompletionItems request succeeded (20.18ms)
(VSCode) 2024-07-09 19:37:41.281 [INFO]: Completion request succeeded (10.96ms)
(VSCode) 2024-07-09 19:37:41.282 [INFO]: Generated 1 completion
(VSCode) 2024-07-09 19:37:41.283 [INFO]: provideInlineCompletionItems request succeeded (13.53ms)
(VSCode) 2024-07-09 19:37:41.387 [INFO]: Completion request succeeded (14.17ms)
(VSCode) 2024-07-09 19:37:41.388 [INFO]: Generated 1 completion
(VSCode) 2024-07-09 19:37:41.389 [INFO]: provideInlineCompletionItems request succeeded (16.25ms)
(VSCode) 2024-07-09 19:37:42.780 [INFO]: Completion request succeeded (16.73ms)
(VSCode) 2024-07-09 19:37:42.782 [INFO]: Generated 1 completion
(VSCode) 2024-07-09 19:37:42.783 [INFO]: provideInlineCompletionItems request succeeded (19.68ms)
(VSCode) 2024-07-09 19:37:42.903 [INFO]: Completion request succeeded (12.91ms)
(VSCode) 2024-07-09 19:37:42.903 [INFO]: Generated 1 completion
(VSCode) 2024-07-09 19:37:42.904 [INFO]: provideInlineCompletionItems request succeeded (14.44ms)
(VSCode) 2024-07-09 19:37:43.076 [INFO]: Completion request succeeded (9.96ms)
(VSCode) 2024-07-09 19:37:43.077 [INFO]: Generated 1 completion
(VSCode) 2024-07-09 19:37:43.077 [INFO]: provideInlineCompletionItems request succeeded (11.85ms)
(VSCode) 2024-07-09 19:37:47.465 [INFO]: Completion request succeeded (17.09ms)
(VSCode) 2024-07-09 19:37:47.467 [INFO]: Generated 1 completion
(VSCode) 2024-07-09 19:37:47.468 [INFO]: provideInlineCompletionItems request succeeded (20.67ms)
(VSCode) 2024-07-09 19:37:47.629 [INFO]: Completion request succeeded (11.95ms)
(VSCode) 2024-07-09 19:37:47.630 [INFO]: Generated 1 completion
(VSCode) 2024-07-09 19:37:47.630 [INFO]: provideInlineCompletionItems request succeeded (13.49ms)
(VSCode) 2024-07-09 19:37:55.535 [INFO]: Completion request succeeded (6.68ms)
(VSCode) 2024-07-09 19:37:55.536 [INFO]: Generated 1 completion
(VSCode) 2024-07-09 19:37:55.536 [INFO]: provideInlineCompletionItems request succeeded (8.03ms)
(VSCode) 2024-07-09 19:37:55.869 [INFO]: Completion request succeeded (12.34ms)
(VSCode) 2024-07-09 19:37:55.870 [INFO]: Generated 1 completion
(VSCode) 2024-07-09 19:37:55.871 [INFO]: provideInlineCompletionItems request succeeded (15.63ms)
(VSCode) 2024-07-09 19:37:56.441 [INFO]: Completion request succeeded (14.75ms)
(VSCode) 2024-07-09 19:37:56.443 [INFO]: Generated 1 completion
(VSCode) 2024-07-09 19:37:56.444 [INFO]: provideInlineCompletionItems request succeeded (17.59ms)
(VSCode) 2024-07-09 19:37:56.709 [INFO]: Completion request succeeded (10.58ms)
(VSCode) 2024-07-09 19:37:56.709 [INFO]: Generated 1 completion
(VSCode) 2024-07-09 19:37:56.710 [INFO]: provideInlineCompletionItems request succeeded (12.81ms)
(VSCode) 2024-07-09 19:37:56.950 [INFO]: Completion request succeeded (10.86ms)
(VSCode) 2024-07-09 19:37:56.950 [INFO]: Generated 1 completion
(VSCode) 2024-07-09 19:37:56.951 [INFO]: provideInlineCompletionItems request succeeded (12.49ms)
(VSCode) 2024-07-09 19:37:57.945 [INFO]: Completion request was cancelled by token (380.49ms)
(VSCode) 2024-07-09 19:37:58.084 [INFO]: Completion request was cancelled by token (88.39ms)
(VSCode) 2024-07-09 19:37:58.475 [INFO]: Completion request was cancelled by token (341.39ms)
(VSCode) 2024-07-09 19:37:58.772 [INFO]: Completion request was cancelled by token (246.16ms)
(VSCode) 2024-07-09 19:38:00.219 [INFO]: Completion request was cancelled by token (86.15ms)
(VSCode) 2024-07-09 19:38:00.601 [INFO]: Completion request was cancelled by token (330.76ms)
(VSCode) 2024-07-09 19:38:02.215 [INFO]: Completion request was cancelled by token (372.06ms)
(VSCode) 2024-07-09 19:38:02.474 [INFO]: Completion request was cancelled by token (207.27ms)
(VSCode) 2024-07-09 19:38:02.688 [INFO]: Completion request was cancelled by token (163.28ms)
(VSCode) 2024-07-09 19:38:02.983 [INFO]: Completion request was cancelled by token (243.59ms)
(VSCode) 2024-07-09 19:38:03.251 [INFO]: Completion request was cancelled by token (218.27ms)
(VSCode) 2024-07-09 19:38:03.438 [INFO]: Completion request was cancelled by token (149.73ms)
(VSCode) 2024-07-09 19:38:03.690 [INFO]: Completion request was cancelled by token (201.82ms)
(VSCode) 2024-07-09 19:38:04.036 [INFO]: Completion request was cancelled by token (295.87ms)
(VSCode) 2024-07-09 19:38:04.140 [INFO]: Completion request was cancelled by token (50.88ms)
(VSCode) 2024-07-09 19:38:04.304 [INFO]: Completion request was cancelled by token (112.36ms)
(VSCode) 2024-07-09 19:38:04.388 [INFO]: Completion request was cancelled by token (33.24ms)
(VSCode) 2024-07-09 19:38:04.476 [INFO]: Completion request was cancelled by token (37.26ms)
(VSCode) 2024-07-09 19:38:04.591 [INFO]: Completion request was cancelled by token (64.59ms)
(VSCode) 2024-07-09 19:38:04.851 [INFO]: Completion request was cancelled by token (208.16ms)
(VSCode) 2024-07-09 19:38:05.850 [INFO]: Completion request was cancelled by token (145.62ms)
(VSCode) 2024-07-09 19:38:05.954 [INFO]: Completion request was cancelled by token (54.03ms)
(VSCode) 2024-07-09 19:38:06.257 [INFO]: Completion request was cancelled by token (251.85ms)
(VSCode) 2024-07-09 19:38:06.335 [INFO]: Completion request was cancelled by token (27.49ms)
(VSCode) 2024-07-09 19:38:06.771 [INFO]: Completion request was cancelled by token (384.36ms)
(VSCode) 2024-07-09 19:38:08.144 [INFO]: Completion request was cancelled by token (179.56ms)
(VSCode) 2024-07-09 19:38:08.620 [INFO]: Completion request was cancelled by token (425.27ms)
(VSCode) 2024-07-09 19:38:08.907 [INFO]: Completion request was cancelled by token (232.48ms)
(VSCode) 2024-07-09 19:38:09.443 [INFO]: Completion request was cancelled by token (484.79ms)
(VSCode) 2024-07-09 19:38:09.940 [INFO]: Completion request succeeded (447.29ms)
(VSCode) 2024-07-09 19:38:09.942 [INFO]: Generated 1 completion
(VSCode) 2024-07-09 19:38:09.943 [INFO]: provideInlineCompletionItems request succeeded (451.38ms)
(VSCode) 2024-07-09 19:38:10.260 [INFO]: Completion request succeeded (15.92ms)
(VSCode) 2024-07-09 19:38:10.262 [INFO]: Generated 1 completion
(VSCode) 2024-07-09 19:38:10.263 [INFO]: provideInlineCompletionItems request succeeded (19.07ms)
(VSCode) 2024-07-09 19:38:12.134 [INFO]: Completion request was cancelled by token (726.88ms)
(VSCode) 2024-07-09 19:38:25.664 [INFO]: Completion request was cancelled by token (117.64ms)
(VSCode) 2024-07-09 19:38:25.817 [INFO]: Completion request was cancelled by token (102.23ms)
(VSCode) 2024-07-09 19:38:26.060 [INFO]: Completion request was cancelled by token (193.66ms)
(VSCode) 2024-07-09 19:38:26.277 [INFO]: Completion request was cancelled by token (166.79ms)
(VSCode) 2024-07-09 19:38:26.532 [INFO]: Completion request was cancelled by token (205.24ms)
I0709 19:38:27.122139  1833 rpcs_miscellaneous.go:98] Local indexer stats: database:{local_sqlite_faiss:{faiss_state_stats:{embedding_source:EMBEDDING_SOURCE_CODE_CONTEXT_ITEM  workspace:"/home/zukkini/Downloads/examples"  item_count:1958}  total_item_count:1958  quantized:true}}
I0709 19:38:27.122297  1833 rpcs_miscellaneous.go:99] Memory stats: {"runtime":{"alloc":93559624,"heap_inuse":113467392,"heap_released":31219712,"heap_sys":200081408,"total_alloc":1465814632,"stack_inuse":1245184,"sys":216821032,"num_goroutine":95},"proc":{"virt_size":2645988,"pss":495045}}
(VSCode) 2024-07-09 19:38:27.129 [INFO]: Completion request succeeded (547.49ms)
(VSCode) 2024-07-09 19:38:27.131 [INFO]: No completions were generated
(VSCode) 2024-07-09 19:38:27.132 [INFO]: provideInlineCompletionItems request succeeded (550.93ms)
(VSCode) 2024-07-09 19:38:47.195 [INFO]: Completion request was cancelled by token (86.07ms)
(VSCode) 2024-07-09 19:38:47.331 [INFO]: Completion request was cancelled by token (86.71ms)
(VSCode) 2024-07-09 19:38:47.529 [INFO]: Completion request was cancelled by token (149.74ms)
(VSCode) 2024-07-09 19:38:47.636 [INFO]: Completion request was cancelled by token (59.84ms)
(VSCode) 2024-07-09 19:38:48.065 [INFO]: Completion request succeeded (377.76ms)
(VSCode) 2024-07-09 19:38:48.069 [INFO]: No completions were generated
(VSCode) 2024-07-09 19:38:48.069 [INFO]: provideInlineCompletionItems request succeeded (383.06ms)
(VSCode) 2024-07-09 19:38:48.405 [INFO]: Completion request was cancelled by token (271.56ms)
(VSCode) 2024-07-09 19:38:53.165 [INFO]: Completion request was cancelled by token (112.26ms)
(VSCode) 2024-07-09 19:38:53.497 [INFO]: Completion request was cancelled by token (281.94ms)
(VSCode) 2024-07-09 19:38:53.810 [INFO]: Completion request was cancelled by token (261.77ms)
(VSCode) 2024-07-09 19:38:54.297 [INFO]: Completion request succeeded (436.48ms)
(VSCode) 2024-07-09 19:38:54.301 [INFO]: No completions were generated
(VSCode) 2024-07-09 19:38:54.302 [INFO]: provideInlineCompletionItems request succeeded (441.61ms)
(VSCode) 2024-07-09 19:38:54.566 [INFO]: Completion request was cancelled by token (94.31ms)
(VSCode) 2024-07-09 19:38:54.685 [INFO]: Completion request was cancelled by token (68.34ms)
(VSCode) 2024-07-09 19:38:54.824 [INFO]: Completion request was cancelled by token (89.06ms)
(VSCode) 2024-07-09 19:38:54.920 [INFO]: Completion request was cancelled by token (45.84ms)
(VSCode) 2024-07-09 19:38:55.021 [INFO]: Completion request was cancelled by token (53.2ms)
(VSCode) 2024-07-09 19:38:55.237 [INFO]: Completion request was cancelled by token (164.12ms)
(VSCode) 2024-07-09 19:38:55.832 [INFO]: Completion request succeeded (545.07ms)
(VSCode) 2024-07-09 19:38:55.836 [INFO]: No completions were generated
(VSCode) 2024-07-09 19:38:55.837 [INFO]: provideInlineCompletionItems request succeeded (550.29ms)
(VSCode) 2024-07-09 19:38:56.239 [INFO]: Completion request was cancelled by token (125.95ms)
(VSCode) 2024-07-09 19:38:56.384 [INFO]: Completion request was cancelled by token (96.79ms)
(VSCode) 2024-07-09 19:38:56.517 [INFO]: Completion request was cancelled by token (81ms)
(VSCode) 2024-07-09 19:38:56.583 [INFO]: Completion request was cancelled by token (14.84ms)
(VSCode) 2024-07-09 19:38:56.875 [INFO]: Completion request was cancelled by token (242.91ms)
(VSCode) 2024-07-09 19:39:03.337 [INFO]: Completion request was cancelled by token (232.58ms)
(VSCode) 2024-07-09 19:39:03.600 [INFO]: Completion request was cancelled by token (212.85ms)
(VSCode) 2024-07-09 19:39:03.896 [INFO]: Completion request was cancelled by token (245.82ms)
(VSCode) 2024-07-09 19:39:04.287 [INFO]: Completion request was cancelled by token (340.01ms)
(VSCode) 2024-07-09 19:39:04.393 [INFO]: Completion request was cancelled by token (55.22ms)
(VSCode) 2024-07-09 19:39:04.593 [INFO]: Completion request was cancelled by token (149.25ms)
(VSCode) 2024-07-09 19:39:04.689 [INFO]: Completion request was cancelled by token (45.64ms)
(VSCode) 2024-07-09 19:39:04.809 [INFO]: Completion request was cancelled by token (55.25ms)
(VSCode) 2024-07-09 19:39:05.117 [INFO]: Completion request was cancelled by token (258.4ms)
(VSCode) 2024-07-09 19:39:06.289 [INFO]: Completion request was cancelled by token (110.22ms)
(VSCode) 2024-07-09 19:39:06.542 [INFO]: Completion request was cancelled by token (203.89ms)
(VSCode) 2024-07-09 19:39:07.089 [INFO]: Completion request was cancelled by token (496.26ms)
(VSCode) 2024-07-09 19:39:08.848 [INFO]: Completion request was cancelled by token (161.01ms)
(VSCode) 2024-07-09 19:39:09.013 [INFO]: Completion request was cancelled by token (112.21ms)
(VSCode) 2024-07-09 19:39:09.216 [INFO]: Completion request was cancelled by token (153.94ms)
(VSCode) 2024-07-09 19:39:09.537 [INFO]: Completion request was cancelled by token (271.06ms)
(VSCode) 2024-07-09 19:39:09.796 [INFO]: Completion request was cancelled by token (208.53ms)
(VSCode) 2024-07-09 19:39:10.030 [INFO]: Completion request was cancelled by token (183.5ms)
(VSCode) 2024-07-09 19:39:10.297 [INFO]: Completion request was cancelled by token (217.35ms)
(VSCode) 2024-07-09 19:39:10.440 [INFO]: Completion request was cancelled by token (91.34ms)
(VSCode) 2024-07-09 19:39:10.552 [INFO]: Completion request was cancelled by token (60.68ms)
(VSCode) 2024-07-09 19:39:10.730 [INFO]: Completion request was cancelled by token (84.45ms)
(VSCode) 2024-07-09 19:39:11.083 [INFO]: Completion request was cancelled by token (302.03ms)
(VSCode) 2024-07-09 19:39:12.142 [INFO]: Completion request was cancelled by token (135.59ms)
(VSCode) 2024-07-09 19:39:12.303 [INFO]: Completion request was cancelled by token (110.96ms)
(VSCode) 2024-07-09 19:39:12.412 [INFO]: Completion request was cancelled by token (58.94ms)
(VSCode) 2024-07-09 19:39:12.517 [INFO]: Completion request was cancelled by token (54.7ms)
(VSCode) 2024-07-09 19:39:12.776 [INFO]: Completion request was cancelled by token (211.43ms)
(VSCode) 2024-07-09 19:39:13.628 [INFO]: Completion request was cancelled by token (98.38ms)
(VSCode) 2024-07-09 19:39:13.853 [INFO]: Completion request was cancelled by token (173.63ms)
(VSCode) 2024-07-09 19:39:14.243 [INFO]: Completion request was cancelled by token (339.32ms)
(VSCode) 2024-07-09 19:39:14.749 [INFO]: Completion request was cancelled by token (454.31ms)
(VSCode) 2024-07-09 19:40:42.428 [INFO]: Completion request was cancelled by token (282.47ms)
(VSCode) 2024-07-09 19:40:42.809 [INFO]: Completion request was cancelled by token (330.83ms)
(VSCode) 2024-07-09 19:40:43.104 [INFO]: Completion request was cancelled by token (243.86ms)
(VSCode) 2024-07-09 19:40:43.178 [INFO]: Completion request was cancelled by token (23.86ms)
(VSCode) 2024-07-09 19:40:43.265 [INFO]: Completion request was cancelled by token (37.24ms)
(VSCode) 2024-07-09 19:40:43.433 [INFO]: Completion request was cancelled by token (115.87ms)
(VSCode) 2024-07-09 19:40:43.665 [INFO]: Completion request was cancelled by token (181.56ms)
(VSCode) 2024-07-09 19:40:43.778 [INFO]: Completion request was cancelled by token (61.69ms)
(VSCode) 2024-07-09 19:40:44.454 [INFO]: Completion request succeeded (626.28ms)
(VSCode) 2024-07-09 19:40:44.457 [INFO]: Generated 6 completions
(VSCode) 2024-07-09 19:40:44.458 [INFO]: provideInlineCompletionItems request succeeded (631.19ms)
(VSCode) 2024-07-09 19:40:45.851 [INFO]: Completion request succeeded (13.92ms)
(VSCode) 2024-07-09 19:40:45.854 [INFO]: Generated 6 completions
(VSCode) 2024-07-09 19:40:45.855 [INFO]: provideInlineCompletionItems request succeeded (18.37ms)
(VSCode) 2024-07-09 19:40:46.900 [INFO]: Completion request succeeded (809.6ms)
(VSCode) 2024-07-09 19:40:46.903 [INFO]: Generated 4 completions
(VSCode) 2024-07-09 19:40:46.904 [INFO]: provideInlineCompletionItems request succeeded (813.84ms)
(VSCode) 2024-07-09 19:40:47.672 [INFO]: Completion request was cancelled by token (196.52ms)
(VSCode) 2024-07-09 19:40:47.800 [INFO]: Completion request was cancelled by token (76.74ms)
(VSCode) 2024-07-09 19:40:47.904 [INFO]: Completion request was cancelled by token (53.09ms)
(VSCode) 2024-07-09 19:40:48.008 [INFO]: Completion request was cancelled by token (52.02ms)
(VSCode) 2024-07-09 19:40:48.801 [INFO]: Completion request succeeded (741.24ms)
(VSCode) 2024-07-09 19:40:48.803 [INFO]: Generated 2 completions
(VSCode) 2024-07-09 19:40:48.804 [INFO]: provideInlineCompletionItems request succeeded (745.6ms)
(VSCode) 2024-07-09 19:40:49.938 [INFO]: Completion request succeeded (18.92ms)
(VSCode) 2024-07-09 19:40:49.940 [INFO]: Generated 1 completion
(VSCode) 2024-07-09 19:40:49.940 [INFO]: provideInlineCompletionItems request succeeded (21.76ms)
(VSCode) 2024-07-09 19:40:50.471 [INFO]: Completion request was cancelled by token (233.14ms)
(VSCode) 2024-07-09 19:40:50.720 [INFO]: Completion request was cancelled by token (197.99ms)
(VSCode) 2024-07-09 19:40:50.963 [INFO]: Completion request was cancelled by token (193.34ms)
(VSCode) 2024-07-09 19:40:51.184 [INFO]: Completion request was cancelled by token (169.78ms)
(VSCode) 2024-07-09 19:40:51.362 [INFO]: Completion request was cancelled by token (125.72ms)
(VSCode) 2024-07-09 19:40:51.519 [INFO]: Completion request was cancelled by token (106.76ms)
(VSCode) 2024-07-09 19:40:51.672 [INFO]: Completion request was cancelled by token (101.13ms)
(VSCode) 2024-07-09 19:40:51.953 [INFO]: Completion request was cancelled by token (231.03ms)
(VSCode) 2024-07-09 19:40:52.159 [INFO]: Completion request was cancelled by token (154.62ms)
(VSCode) 2024-07-09 19:40:52.298 [INFO]: Completion request was cancelled by token (87.53ms)
(VSCode) 2024-07-09 19:40:52.418 [INFO]: Completion request was cancelled by token (68.15ms)
(VSCode) 2024-07-09 19:40:52.994 [INFO]: Completion request succeeded (524.24ms)
(VSCode) 2024-07-09 19:40:52.997 [INFO]: Generated 2 completions
(VSCode) 2024-07-09 19:40:52.998 [INFO]: provideInlineCompletionItems request succeeded (529.27ms)
(VSCode) 2024-07-09 19:40:54.278 [INFO]: Completion request was cancelled by token (65.05ms)
(VSCode) 2024-07-09 19:40:54.735 [INFO]: Completion request succeeded (404.43ms)
(VSCode) 2024-07-09 19:40:54.739 [INFO]: Generated 2 completions
(VSCode) 2024-07-09 19:40:54.740 [INFO]: provideInlineCompletionItems request succeeded (410.46ms)
(VSCode) 2024-07-09 19:40:57.215 [INFO]: Completion request succeeded (13.32ms)
(VSCode) 2024-07-09 19:40:57.216 [INFO]: Generated 1 completion
(VSCode) 2024-07-09 19:40:57.216 [INFO]: provideInlineCompletionItems request succeeded (14.94ms)
(VSCode) 2024-07-09 19:40:58.559 [INFO]: Completion request succeeded (17.5ms)
(VSCode) 2024-07-09 19:40:58.562 [INFO]: Generated 1 completion
(VSCode) 2024-07-09 19:40:58.563 [INFO]: provideInlineCompletionItems request succeeded (22.52ms)
(VSCode) 2024-07-09 19:41:08.443 [INFO]: Completion request succeeded (16.48ms)
(VSCode) 2024-07-09 19:41:08.445 [INFO]: Generated 1 completion
(VSCode) 2024-07-09 19:41:08.446 [INFO]: provideInlineCompletionItems request succeeded (20.41ms)
(VSCode) 2024-07-09 19:41:08.697 [INFO]: Completion request succeeded (15.3ms)
(VSCode) 2024-07-09 19:41:08.699 [INFO]: Generated 1 completion
(VSCode) 2024-07-09 19:41:08.700 [INFO]: provideInlineCompletionItems request succeeded (18.62ms)
(VSCode) 2024-07-09 19:41:08.793 [INFO]: Completion request succeeded (16.48ms)
(VSCode) 2024-07-09 19:41:08.795 [INFO]: Generated 1 completion
(VSCode) 2024-07-09 19:41:08.796 [INFO]: provideInlineCompletionItems request succeeded (19.74ms)
(VSCode) 2024-07-09 19:41:09.487 [INFO]: Completion request succeeded (373.11ms)
(VSCode) 2024-07-09 19:41:09.489 [INFO]: No completions were generated
(VSCode) 2024-07-09 19:41:09.490 [INFO]: provideInlineCompletionItems request succeeded (376.78ms)
(VSCode) 2024-07-09 19:41:30.714 [INFO]: Completion request was cancelled by token (148.03ms)
(VSCode) 2024-07-09 19:41:30.784 [INFO]: Completion request was cancelled by token (19.08ms)
(VSCode) 2024-07-09 19:41:30.979 [INFO]: Completion request was cancelled by token (143.91ms)
(VSCode) 2024-07-09 19:41:31.429 [INFO]: Completion request was cancelled by token (399.11ms)
(VSCode) 2024-07-09 19:43:16.843 [INFO]: Disposing language server process
(VSCode) 2024-07-09 19:43:16.844 [INFO]: Deleting manager directory: /tmp/b89ec3d9-3873-4a92-a243-5cef173097b6/codeium/manager
(VSCode) 2024-07-09 19:43:16.845 [INFO]: Successfully disposed language server
W0709 19:43:16.844098  1818 main.go:121] Language server manager got signal terminated, shutting down
