2024-07-09 19:43:21.466 [info] Extension host with pid 3977 started
2024-07-09 19:43:21.466 [info] Skipping acquiring lock for /home/zukkini/.config/Code - OSS/User/workspaceStorage/7abd69e5419f1f5d00e0deeff3865a7b.
2024-07-09 19:43:21.726 [info] ExtensionService#_doActivateExtension vscode.emmet, startup: false, activationEvent: 'onLanguage'
2024-07-09 19:43:21.734 [info] ExtensionService#_doActivateExtension vscode.typescript-language-features, startup: false, activationEvent: 'onLanguage:javascript'
2024-07-09 19:43:21.772 [info] ExtensionService#_doActivateExtension biomejs.biome, startup: false, activationEvent: 'onLanguage:javascript'
2024-07-09 19:43:22.641 [info] ExtensionService#_doActivateExtension vscode.git-base, startup: true, activationEvent: '*', root cause: vscode.git
2024-07-09 19:43:22.645 [info] ExtensionService#_doActivateExtension slevesque.shader, startup: true, activationEvent: '*', root cause: dtoplak.vscode-glsllint
2024-07-09 19:43:23.268 [info] ExtensionService#_doActivateExtension serafeim.goto-previous-buffer, startup: true, activationEvent: '*'
2024-07-09 19:43:23.271 [info] ExtensionService#_doActivateExtension silverquark.dancehelix, startup: true, activationEvent: '*'
2024-07-09 19:43:23.403 [info] ExtensionService#_doActivateExtension vscode.git, startup: true, activationEvent: '*'
2024-07-09 19:43:23.430 [info] ExtensionService#_doActivateExtension vscode.github, startup: true, activationEvent: '*'
2024-07-09 19:43:23.439 [info] ExtensionService#_doActivateExtension dtoplak.vscode-glsllint, startup: true, activationEvent: '*'
2024-07-09 19:43:23.590 [info] Eager extensions activated
2024-07-09 19:43:23.669 [info] ExtensionService#_doActivateExtension vscode.debug-auto-launch, startup: false, activationEvent: 'onStartupFinished'
2024-07-09 19:43:23.670 [info] ExtensionService#_doActivateExtension vscode.merge-conflict, startup: false, activationEvent: 'onStartupFinished'
2024-07-09 19:43:23.676 [info] ExtensionService#_doActivateExtension Codeium.codeium, startup: false, activationEvent: 'onStartupFinished'
2024-07-09 19:51:44.484 [info] ExtensionService#_doActivateExtension vscode.configuration-editing, startup: false, activationEvent: 'onLanguage:jsonc'
2024-07-09 19:51:44.493 [info] ExtensionService#_doActivateExtension vscode.json-language-features, startup: false, activationEvent: 'onLanguage:jsonc'
2024-07-09 20:02:20.315 [info] Extension host terminating: renderer closed the MessagePort
2024-07-09 20:02:20.365 [error] An error occurred when deactivating the subscriptions for extension 'dtoplak.vscode-glsllint':
2024-07-09 20:02:20.371 [error] TypeError: Cannot read properties of undefined (reading 'dispose')
	at t.GLSLLintingProvider.dispose (/home/zukkini/.vscode-oss/extensions/dtoplak.vscode-glsllint-1.9.0/dist/extension.js:2:222658)
	at d (/usr/lib/code/out/vs/workbench/api/node/extensionHostProcess.js:30:744)
	at m.eb (/usr/lib/code/out/vs/workbench/api/node/extensionHostProcess.js:160:10039)
	at /usr/lib/code/out/vs/workbench/api/node/extensionHostProcess.js:160:7915
	at Array.map (<anonymous>)
	at m.$ (/usr/lib/code/out/vs/workbench/api/node/extensionHostProcess.js:160:7902)
	at m.terminate (/usr/lib/code/out/vs/workbench/api/node/extensionHostProcess.js:160:8175)
	at d.terminate (/usr/lib/code/out/vs/workbench/api/node/extensionHostProcess.js:164:1513)
	at i (/usr/lib/code/out/vs/workbench/api/node/extensionHostProcess.js:177:10617)
	at MessagePortMain.<anonymous> (/usr/lib/code/out/vs/workbench/api/node/extensionHostProcess.js:177:6809)
	at MessagePortMain.emit (node:events:514:28)
	at MessagePortMain.emit (node:domain:488:12)
	at MessagePortMain._internalPort.emit (node:electron/js2c/utility_init:2:2285)
2024-07-09 20:02:20.384 [info] Extension host with pid 3977 exiting with code 0
2024-07-09 20:02:20.926 [info] Extension host with pid 5550 started
2024-07-09 20:02:20.926 [info] Skipping acquiring lock for /home/zukkini/.config/Code - OSS/User/workspaceStorage/7abd69e5419f1f5d00e0deeff3865a7b.
2024-07-09 20:02:20.933 [info] ExtensionService#_doActivateExtension vscode.emmet, startup: false, activationEvent: 'onLanguage'
2024-07-09 20:02:20.940 [info] ExtensionService#_doActivateExtension vscode.typescript-language-features, startup: false, activationEvent: 'onLanguage:javascript'
2024-07-09 20:02:20.977 [info] ExtensionService#_doActivateExtension biomejs.biome, startup: false, activationEvent: 'onLanguage:javascript'
2024-07-09 20:02:21.028 [info] ExtensionService#_doActivateExtension silverquark.dancehelix, startup: false, activationEvent: 'onCommand:dance.select.down.jump'
2024-07-09 20:02:21.062 [info] ExtensionService#_doActivateExtension vscode.configuration-editing, startup: false, activationEvent: 'onLanguage:jsonc'
2024-07-09 20:02:21.066 [info] ExtensionService#_doActivateExtension vscode.json-language-features, startup: false, activationEvent: 'onLanguage:jsonc'
2024-07-09 20:02:21.935 [info] ExtensionService#_doActivateExtension vscode.git-base, startup: true, activationEvent: '*', root cause: vscode.git
2024-07-09 20:02:21.937 [info] ExtensionService#_doActivateExtension serafeim.goto-previous-buffer, startup: true, activationEvent: '*'
2024-07-09 20:02:21.941 [info] ExtensionService#_doActivateExtension vscode.git, startup: true, activationEvent: '*'
2024-07-09 20:02:21.977 [info] ExtensionService#_doActivateExtension vscode.github, startup: true, activationEvent: '*'
2024-07-09 20:02:22.042 [info] Eager extensions activated
2024-07-09 20:02:22.083 [info] ExtensionService#_doActivateExtension vscode.debug-auto-launch, startup: false, activationEvent: 'onStartupFinished'
2024-07-09 20:02:22.087 [info] ExtensionService#_doActivateExtension vscode.merge-conflict, startup: false, activationEvent: 'onStartupFinished'
2024-07-09 20:02:22.100 [info] ExtensionService#_doActivateExtension Codeium.codeium, startup: false, activationEvent: 'onStartupFinished'
2024-07-09 20:02:41.480 [info] Extension host terminating: renderer closed the MessagePort
2024-07-09 20:02:41.514 [info] Extension host with pid 5550 exiting with code 0
