2024-07-12 19:16:04.840 [info] Log level: Info
2024-07-12 19:16:04.840 [info] Validating found git in: "git"
2024-07-12 19:16:04.877 [info] Using git "2.45.2" from "git"
2024-07-12 19:16:04.893 [info] > git rev-parse --show-toplevel [7ms]
2024-07-12 19:16:04.893 [info] fatal: not a git repository (or any of the parent directories): .git
2024-07-12 19:16:04.906 [info] > git rev-parse --show-toplevel [4ms]
2024-07-12 19:16:04.906 [info] fatal: not a git repository (or any of the parent directories): .git
2024-07-12 19:16:05.204 [info] > git rev-parse --show-toplevel [1ms]
2024-07-12 19:16:05.204 [info] fatal: not a git repository (or any of the parent directories): .git
2024-07-12 19:16:05.210 [info] > git rev-parse --show-toplevel [1ms]
2024-07-12 19:16:05.210 [info] fatal: not a git repository (or any of the parent directories): .git
2024-07-12 19:16:05.216 [info] > git rev-parse --show-toplevel [1ms]
2024-07-12 19:16:05.216 [info] fatal: not a git repository (or any of the parent directories): .git
2024-07-12 19:16:05.223 [info] > git rev-parse --show-toplevel [2ms]
2024-07-12 19:16:05.223 [info] fatal: not a git repository (or any of the parent directories): .git
2024-07-12 19:16:05.228 [info] > git rev-parse --show-toplevel [2ms]
2024-07-12 19:16:05.228 [info] fatal: not a git repository (or any of the parent directories): .git
2024-07-12 19:16:05.235 [info] > git rev-parse --show-toplevel [2ms]
2024-07-12 19:16:05.235 [info] fatal: not a git repository (or any of the parent directories): .git
2024-07-12 19:16:05.240 [info] > git rev-parse --show-toplevel [1ms]
2024-07-12 19:16:05.240 [info] fatal: not a git repository (or any of the parent directories): .git
2024-07-12 19:16:05.245 [info] > git rev-parse --show-toplevel [2ms]
2024-07-12 19:16:05.245 [info] fatal: not a git repository (or any of the parent directories): .git
2024-07-12 19:16:05.252 [info] > git rev-parse --show-toplevel [1ms]
2024-07-12 19:16:05.252 [info] fatal: not a git repository (or any of the parent directories): .git
2024-07-12 19:16:05.258 [info] > git rev-parse --show-toplevel [1ms]
2024-07-12 19:16:05.258 [info] fatal: not a git repository (or any of the parent directories): .git
2024-07-12 19:16:05.268 [info] > git rev-parse --show-toplevel [2ms]
2024-07-12 19:16:05.268 [info] fatal: not a git repository (or any of the parent directories): .git
2024-07-12 19:16:05.275 [info] > git rev-parse --show-toplevel [2ms]
2024-07-12 19:16:05.275 [info] fatal: not a git repository (or any of the parent directories): .git
2024-07-12 19:16:05.373 [info] > git rev-parse --show-toplevel [7ms]
2024-07-12 19:16:05.374 [info] fatal: not a git repository (or any of the parent directories): .git
2024-07-12 19:38:18.457 [info] > git rev-parse --show-toplevel [10ms]
2024-07-12 19:38:18.457 [info] fatal: not a git repository (or any of the parent directories): .git
2024-07-12 19:38:42.393 [info] > git rev-parse --show-toplevel [17ms]
2024-07-12 19:38:42.393 [info] fatal: not a git repository (or any of the parent directories): .git
2024-07-12 19:38:58.022 [info] > git rev-parse --show-toplevel [13ms]
2024-07-12 19:38:58.022 [info] fatal: not a git repository (or any of the parent directories): .git
2024-07-12 19:39:03.913 [info] > git rev-parse --show-toplevel [2ms]
2024-07-12 19:39:03.913 [info] fatal: not a git repository (or any of the parent directories): .git
2024-07-12 19:41:39.245 [info] > git rev-parse --show-toplevel [11ms]
2024-07-12 19:41:39.245 [info] fatal: not a git repository (or any of the parent directories): .git
2024-07-12 19:41:41.942 [info] > git rev-parse --show-toplevel [1ms]
2024-07-12 19:41:41.942 [info] fatal: not a git repository (or any of the parent directories): .git
2024-07-12 19:41:45.002 [info] > git rev-parse --show-toplevel [18ms]
2024-07-12 19:41:45.002 [info] fatal: not a git repository (or any of the parent directories): .git
2024-07-12 19:42:00.858 [info] > git rev-parse --show-toplevel [2ms]
2024-07-12 19:42:00.858 [info] fatal: not a git repository (or any of the parent directories): .git
2024-07-12 19:42:01.833 [info] > git rev-parse --show-toplevel [14ms]
2024-07-12 19:42:01.833 [info] fatal: not a git repository (or any of the parent directories): .git
2024-07-12 19:42:52.111 [info] > git rev-parse --show-toplevel [11ms]
2024-07-12 19:42:52.111 [info] fatal: not a git repository (or any of the parent directories): .git
2024-07-12 19:43:00.207 [info] > git rev-parse --show-toplevel [3ms]
2024-07-12 19:43:00.207 [info] fatal: not a git repository (or any of the parent directories): .git
2024-07-12 19:43:01.683 [info] > git rev-parse --show-toplevel [13ms]
2024-07-12 19:43:01.683 [info] fatal: not a git repository (or any of the parent directories): .git
2024-07-12 19:43:15.036 [info] > git rev-parse --show-toplevel [1ms]
2024-07-12 19:43:15.036 [info] fatal: not a git repository (or any of the parent directories): .git
2024-07-12 19:43:16.336 [info] > git rev-parse --show-toplevel [12ms]
2024-07-12 19:43:16.337 [info] fatal: not a git repository (or any of the parent directories): .git
2024-07-12 19:43:41.003 [info] > git rev-parse --show-toplevel [2ms]
2024-07-12 19:43:41.003 [info] fatal: not a git repository (or any of the parent directories): .git
2024-07-12 19:43:42.392 [info] > git rev-parse --show-toplevel [11ms]
2024-07-12 19:43:42.392 [info] fatal: not a git repository (or any of the parent directories): .git
