(VSCode) 2024-07-04 17:04:42.945 [INFO]: No proxy settings found
(VSCode) 2024-07-04 17:04:44.728 [INFO]: Creating manager directory: /tmp/750a6f4d-81f3-49e5-83f5-dc5665304031/codeium/manager
(VSCode) 2024-07-04 17:04:45.308 [INFO]: Using cached LS with valid crc32: /home/zukkini/.vscode-oss/extensions/codeium.codeium-1.8.73-universal/dist/6cdf138621c60b5ad2a4202883779040e4f63a40/language_server_linux_x64
(VSCode) 2024-07-04 17:04:45.314 [INFO]: Language server started
I0704 17:04:45.483591 35115 main.go:605] Starting language server manager with pid 35115
I0704 17:04:45.483740 35115 main.go:112] Manager acquired its lock file /tmp/750a6f4d-81f3-49e5-83f5-dc5665304031/codeium/manager/locks/manager.lock
I0704 17:04:45.484294 35115 main.go:250] Waiting for random port file in /tmp/750a6f4d-81f3-49e5-83f5-dc5665304031/codeium/manager/child_random_port_1720101885483849910_3528421100922937959 to be created
I0704 17:04:45.667207 35130 main.go:599] Starting language server process with pid 35130
I0704 17:04:45.667333 35130 server.go:156] Language server will attempt to listen on host 127.0.0.1
I0704 17:04:45.667658 35130 server.go:163] Language server listening on random port at 43479
I0704 17:04:45.667798 35130 proxy.go:113] proxyplease.proxy> No proxy provided. Attempting to infer from system.
I0704 17:04:45.667834 35130 proxy.go:113] proxyplease.proxy> No proxy could be determined. Assuming a direct connection.
I0704 17:04:45.667876 35130 client.go:589] [DEBUG] GET https://server.codeium.com/exa.api_server_pb.ApiServerService/GetCompletions
I0704 17:04:46.143820 35130 unleash.go:90] Initializing Unleash
I0704 17:04:46.587272 35130 unleash.go:110] Successfully initialized Unleash
E0704 17:04:46.607220 35130 client_manager.go:270] Metadata is nil when trying to refresh user JWT
I0704 17:04:47.041426 35130 server.go:355] Successfully created API server client
I0704 17:04:47.090797 35130 server.go:364] Successfully initialized tokenizer
I0704 17:04:47.202219 35130 server.go:473] Local search is enabled, will index local files.
I0704 17:04:47.202269 35130 server.go:477] Using 3 indexer workers
I0704 17:04:47.202325 35130 search_provider.go:201] Using database at /home/zukkini/.codeium/database/9c0694567290725d9dcba14ade58e297/2/MODEL_EMBED_6591
I0704 17:04:47.210086 35130 search_provider.go:215] Successfully created embedding search database in 7ms
I0704 17:04:47.210427 35130 indexer.go:225] Using 12 embed workers
I0704 17:04:47.210470 35130 search_provider.go:240] Successfully created and started indexer
I0704 17:04:47.210499 35130 search_provider.go:266] Successfully created embedding search provider
I0704 17:04:47.210520 35130 server.go:516] Successfully created exact search provider
I0704 17:04:47.237077 35130 server.go:546] Successfully created completion provider
I0704 17:04:47.237316 35130 server.go:595] Child process attempting to acquire lock file /tmp/750a6f4d-81f3-49e5-83f5-dc5665304031/codeium/manager/locks/child_lock_1720101885483889027_163279294025585548
I0704 17:04:47.237404 35130 server.go:603] Child process acquired lock file /tmp/750a6f4d-81f3-49e5-83f5-dc5665304031/codeium/manager/locks/child_lock_1720101885483889027_163279294025585548
I0704 17:04:47.252443 35130 server.go:183] LSP listening on random port at 46585
I0704 17:04:47.252915 35130 web_server.go:239] Chat Web Server listening at ws://127.0.0.1:44353
46585
I0704 17:04:47.292302 35115 main.go:286] Language server manager found random server port 43479
I0704 17:04:47.292339 35115 main.go:287] Language server manager found random lsp port 46585
I0704 17:04:47.292358 35115 main.go:294] Language server manager attempting to connect to language server at 127.0.0.1:43479
I0704 17:04:47.318557 35115 main.go:165] Fixing language server port at 43479
I0704 17:04:47.318615 35115 main.go:345] Language server manager successfully connected to new language server at 127.0.0.1:43479
(VSCode) 2024-07-04 17:04:47.328 [INFO]: Found language server running on port 43479
(VSCode) 2024-07-04 17:04:47.334 [INFO]: Downloaded binary: /home/zukkini/.codeium/bin/af6b6c543b224d348a8876f0c06245d9ea7929c5/ripgrep_linux_x64
I0704 17:04:47.343824 35130 utils.go:182] Analyzing workspace files for /home/zukkini/test/
I0704 17:04:47.344021 35130 utils.go:242] Done analyzing workspace files for /home/zukkini/test/
I0704 17:04:47.344043 35130 lsp.go:208] Found 3 files in workspace /home/zukkini/test/
I0704 17:04:47.344102 35130 lsp.go:232] Adding workspace listener for [0xc0002eca80]
I0704 17:04:47.344135 35130 indexing_listener.go:195] Add workspace event with uid 1 for workspace /home/zukkini/test/
I0704 17:04:47.344187 35130 indexing_listener.go:235] Done enqueue workspace with uid 1
I0704 17:04:47.345806 35130 rpcs_miscellaneous.go:118] Ripgrep available at /home/zukkini/.codeium/bin/af6b6c543b224d348a8876f0c06245d9ea7929c5/ripgrep_linux_x64
I0704 17:04:47.348279 35130 lazy_model.go:29] Successfully created faiss index
I0704 17:04:47.472651 35130 rpcs_miscellaneous.go:312] University version is up to date.
(VSCode) 2024-07-04 17:04:52.585 [INFO]: Completion request succeeded (769.08ms)
(VSCode) 2024-07-04 17:04:52.587 [INFO]: No completions were generated
(VSCode) 2024-07-04 17:04:52.588 [INFO]: provideInlineCompletionItems request succeeded (774.34ms)
(VSCode) 2024-07-04 17:08:27.735 [INFO]: Completion request was cancelled by token (387.56ms)
(VSCode) 2024-07-04 17:10:01.978 [INFO]: Completion request was cancelled by token (117.17ms)
(VSCode) 2024-07-04 17:10:02.079 [INFO]: Skipping completions because autocomplete is open
(VSCode) 2024-07-04 17:10:02.298 [INFO]: Skipping completions because autocomplete is open
(VSCode) 2024-07-04 17:10:02.466 [INFO]: Skipping completions because autocomplete is open
(VSCode) 2024-07-04 17:10:02.893 [INFO]: Completion request was cancelled by token (184.83ms)
(VSCode) 2024-07-04 17:11:06.055 [INFO]: Completion request was cancelled by token (107.85ms)
(VSCode) 2024-07-04 17:11:06.206 [INFO]: Completion request was cancelled by token (101.25ms)
(VSCode) 2024-07-04 17:11:06.340 [INFO]: Completion request was cancelled by token (84.86ms)
(VSCode) 2024-07-04 17:11:06.692 [INFO]: Completion request was cancelled by token (301.76ms)
(VSCode) 2024-07-04 17:11:06.819 [INFO]: Completion request was cancelled by token (76.14ms)
(VSCode) 2024-07-04 17:11:06.944 [INFO]: Completion request was cancelled by token (75.37ms)
(VSCode) 2024-07-04 17:11:06.997 [INFO]: Skipping completions because autocomplete is open
(VSCode) 2024-07-04 17:11:07.179 [INFO]: Skipping completions because autocomplete is open
(VSCode) 2024-07-04 17:11:07.329 [INFO]: Skipping completions because autocomplete is open
(VSCode) 2024-07-04 17:11:07.463 [INFO]: Skipping completions because autocomplete is open
(VSCode) 2024-07-04 17:11:07.925 [INFO]: Completion request was cancelled by token (316.54ms)
(VSCode) 2024-07-04 17:11:16.858 [INFO]: Completion request was cancelled by token (322.81ms)
(VSCode) 2024-07-04 17:11:34.895 [INFO]: Completion request was cancelled by token (144.7ms)
(VSCode) 2024-07-04 17:11:35.649 [INFO]: Completion request was cancelled by token (472.35ms)
(VSCode) 2024-07-04 17:11:38.539 [INFO]: Completion request was cancelled by token (231.77ms)
(VSCode) 2024-07-04 17:11:38.713 [INFO]: Completion request was cancelled by token (124.52ms)
(VSCode) 2024-07-04 17:11:38.919 [INFO]: Completion request was cancelled by token (155.94ms)
(VSCode) 2024-07-04 17:11:39.144 [INFO]: Completion request was cancelled by token (175.49ms)
(VSCode) 2024-07-04 17:11:39.525 [INFO]: Completion request was cancelled by token (330.54ms)
(VSCode) 2024-07-04 17:11:39.743 [INFO]: Completion request was cancelled by token (168.01ms)
(VSCode) 2024-07-04 17:11:39.886 [INFO]: Completion request was cancelled by token (92.47ms)
(VSCode) 2024-07-04 17:11:40.063 [INFO]: Completion request was cancelled by token (127ms)
(VSCode) 2024-07-04 17:11:40.150 [INFO]: Completion request was cancelled by token (37.37ms)
(VSCode) 2024-07-04 17:11:40.323 [INFO]: Completion request was cancelled by token (123.53ms)
(VSCode) 2024-07-04 17:11:40.498 [INFO]: Completion request was cancelled by token (126.8ms)
(VSCode) 2024-07-04 17:11:40.648 [INFO]: Completion request was cancelled by token (99.62ms)
(VSCode) 2024-07-04 17:11:40.785 [INFO]: Completion request was cancelled by token (87.1ms)
(VSCode) 2024-07-04 17:11:40.977 [INFO]: Completion request was cancelled by token (142.15ms)
(VSCode) 2024-07-04 17:11:41.069 [INFO]: Completion request was cancelled by token (41.91ms)
(VSCode) 2024-07-04 17:11:41.335 [INFO]: Completion request was cancelled by token (216.5ms)
(VSCode) 2024-07-04 17:11:41.527 [INFO]: Completion request was cancelled by token (141.99ms)
(VSCode) 2024-07-04 17:11:41.829 [INFO]: Completion request was cancelled by token (251.65ms)
(VSCode) 2024-07-04 17:11:41.909 [INFO]: Completion request was cancelled by token (30.06ms)
(VSCode) 2024-07-04 17:11:42.093 [INFO]: Completion request was cancelled by token (134.28ms)
(VSCode) 2024-07-04 17:11:42.777 [INFO]: Completion request succeeded (633.75ms)
(VSCode) 2024-07-04 17:11:42.779 [INFO]: Generated 2 completions
(VSCode) 2024-07-04 17:11:42.782 [INFO]: provideInlineCompletionItems request succeeded (638.55ms)
(VSCode) 2024-07-04 17:11:42.848 [INFO]: Completion request succeeded (8.37ms)
(VSCode) 2024-07-04 17:11:42.849 [INFO]: Generated 2 completions
(VSCode) 2024-07-04 17:11:42.850 [INFO]: provideInlineCompletionItems request succeeded (11.51ms)
(VSCode) 2024-07-04 17:11:43.037 [INFO]: Completion request succeeded (8.35ms)
(VSCode) 2024-07-04 17:11:43.038 [INFO]: Generated 2 completions
(VSCode) 2024-07-04 17:11:43.039 [INFO]: provideInlineCompletionItems request succeeded (11.23ms)
(VSCode) 2024-07-04 17:11:43.129 [INFO]: Completion request succeeded (9ms)
(VSCode) 2024-07-04 17:11:43.130 [INFO]: Generated 2 completions
(VSCode) 2024-07-04 17:11:43.131 [INFO]: provideInlineCompletionItems request succeeded (11.56ms)
(VSCode) 2024-07-04 17:11:43.347 [INFO]: Completion request succeeded (8.8ms)
(VSCode) 2024-07-04 17:11:43.348 [INFO]: Generated 2 completions
(VSCode) 2024-07-04 17:11:43.349 [INFO]: provideInlineCompletionItems request succeeded (11.45ms)
(VSCode) 2024-07-04 17:11:43.499 [INFO]: Completion request succeeded (7.98ms)
(VSCode) 2024-07-04 17:11:43.501 [INFO]: Generated 2 completions
(VSCode) 2024-07-04 17:11:43.501 [INFO]: provideInlineCompletionItems request succeeded (10.55ms)
(VSCode) 2024-07-04 17:11:46.094 [INFO]: Completion request was cancelled by token (707.08ms)
(VSCode) 2024-07-04 17:11:59.938 [INFO]: Completion request was cancelled by token (221ms)
(VSCode) 2024-07-04 17:12:00.359 [INFO]: Completion request was cancelled by token (354.74ms)
(VSCode) 2024-07-04 17:12:00.485 [INFO]: Completion request was cancelled by token (75.85ms)
(VSCode) 2024-07-04 17:12:01.085 [INFO]: Completion request was cancelled by token (549.55ms)
(VSCode) 2024-07-04 17:12:01.330 [INFO]: Completion request was cancelled by token (194.55ms)
(VSCode) 2024-07-04 17:12:01.470 [INFO]: Completion request was cancelled by token (90.62ms)
(VSCode) 2024-07-04 17:12:01.914 [INFO]: Completion request was cancelled by token (394.16ms)
(VSCode) 2024-07-04 17:12:30.159 [INFO]: Completion request was cancelled by token (113.12ms)
(VSCode) 2024-07-04 17:12:30.256 [INFO]: Completion request was cancelled by token (30.02ms)
(VSCode) 2024-07-04 17:12:30.305 [INFO]: Skipping completions because autocomplete is open
(VSCode) 2024-07-04 17:12:30.400 [INFO]: Skipping completions because autocomplete is open
(VSCode) 2024-07-04 17:12:30.710 [INFO]: Completion request was cancelled by token (144.15ms)
(VSCode) 2024-07-04 17:12:30.811 [INFO]: Completion request was cancelled by token (52.41ms)
(VSCode) 2024-07-04 17:12:30.889 [INFO]: Skipping completions because autocomplete is open
(VSCode) 2024-07-04 17:12:31.681 [INFO]: Skipping completions because autocomplete is open
(VSCode) 2024-07-04 17:12:32.017 [INFO]: Skipping completions because autocomplete is open
(VSCode) 2024-07-04 17:12:32.545 [INFO]: Skipping completions because autocomplete is open
(VSCode) 2024-07-04 17:12:32.744 [INFO]: Skipping completions because autocomplete is open
(VSCode) 2024-07-04 17:12:32.920 [INFO]: Skipping completions because autocomplete is open
(VSCode) 2024-07-04 17:12:33.209 [INFO]: Skipping completions because autocomplete is open
(VSCode) 2024-07-04 17:12:33.463 [INFO]: Skipping completions because autocomplete is open
(VSCode) 2024-07-04 17:12:33.687 [INFO]: Skipping completions because autocomplete is open
(VSCode) 2024-07-04 17:12:34.748 [INFO]: Skipping completions because autocomplete is open
(VSCode) 2024-07-04 17:12:35.593 [INFO]: Skipping completions because autocomplete is open
(VSCode) 2024-07-04 17:12:35.925 [INFO]: Skipping completions because autocomplete is open
(VSCode) 2024-07-04 17:12:38.930 [INFO]: Skipping completions because autocomplete is open
(VSCode) 2024-07-04 17:12:39.688 [INFO]: Skipping completions because autocomplete is open
(VSCode) 2024-07-04 17:12:39.922 [INFO]: Skipping completions because autocomplete is open
(VSCode) 2024-07-04 17:12:40.361 [INFO]: Skipping completions because autocomplete is open
(VSCode) 2024-07-04 17:12:40.629 [INFO]: Skipping completions because autocomplete is open
(VSCode) 2024-07-04 17:12:40.902 [INFO]: Skipping completions because autocomplete is open
(VSCode) 2024-07-04 17:12:44.299 [INFO]: Skipping completions because autocomplete is open
(VSCode) 2024-07-04 17:12:44.426 [INFO]: Skipping completions because autocomplete is open
I0704 17:17:46.608226 35130 client_manager.go:248] Pruning inactive client for {9c55f776-276f-4d12-a5f4-563459f1a824 89483ae4-3ef2-4df1-967a-77721a7bc5ad}
(VSCode) 2024-07-04 17:17:58.547 [INFO]: Disposing language server process
(VSCode) 2024-07-04 17:17:58.548 [INFO]: Deleting manager directory: /tmp/750a6f4d-81f3-49e5-83f5-dc5665304031/codeium/manager
(VSCode) 2024-07-04 17:17:58.549 [INFO]: Successfully disposed language server
W0704 17:17:58.548056 35115 main.go:116] Language server manager got signal terminated, shutting down
