2024-07-09 10:05:28.138 [info] Log level: Info
2024-07-09 10:05:28.138 [info] Validating found git in: "git"
2024-07-09 10:05:28.182 [info] Using git "2.45.2" from "git"
2024-07-09 10:05:28.205 [info] > git rev-parse --show-toplevel [11ms]
2024-07-09 10:05:28.205 [info] fatal: not a git repository (or any of the parent directories): .git
2024-07-09 10:05:28.216 [info] > git rev-parse --show-toplevel [2ms]
2024-07-09 10:05:28.216 [info] fatal: not a git repository (or any of the parent directories): .git
2024-07-09 10:05:28.225 [info] > git rev-parse --show-toplevel [2ms]
2024-07-09 10:05:28.225 [info] fatal: not a git repository (or any of the parent directories): .git
2024-07-09 10:05:28.231 [info] > git rev-parse --show-toplevel [2ms]
2024-07-09 10:05:28.231 [info] fatal: not a git repository (or any of the parent directories): .git
2024-07-09 10:05:28.237 [info] > git rev-parse --show-toplevel [2ms]
2024-07-09 10:05:28.237 [info] fatal: not a git repository (or any of the parent directories): .git
2024-07-09 10:05:28.244 [info] > git rev-parse --show-toplevel [1ms]
2024-07-09 10:05:28.244 [info] fatal: not a git repository (or any of the parent directories): .git
2024-07-09 10:05:28.252 [info] > git rev-parse --show-toplevel [2ms]
2024-07-09 10:05:28.252 [info] fatal: not a git repository (or any of the parent directories): .git
2024-07-09 10:05:28.530 [info] > git rev-parse --show-toplevel [271ms]
2024-07-09 10:05:28.530 [info] fatal: not a git repository (or any of the parent directories): .git
2024-07-09 10:05:28.586 [info] > git rev-parse --show-toplevel [8ms]
2024-07-09 10:05:28.586 [info] fatal: not a git repository (or any of the parent directories): .git
2024-07-09 10:05:28.594 [info] > git rev-parse --show-toplevel [1ms]
2024-07-09 10:05:28.594 [info] fatal: not a git repository (or any of the parent directories): .git
2024-07-09 10:05:28.600 [info] > git rev-parse --show-toplevel [2ms]
2024-07-09 10:05:28.600 [info] fatal: not a git repository (or any of the parent directories): .git
2024-07-09 10:05:28.607 [info] > git rev-parse --show-toplevel [2ms]
2024-07-09 10:05:28.607 [info] fatal: not a git repository (or any of the parent directories): .git
2024-07-09 10:05:28.614 [info] > git rev-parse --show-toplevel [1ms]
2024-07-09 10:05:28.614 [info] fatal: not a git repository (or any of the parent directories): .git
2024-07-09 10:05:28.621 [info] > git rev-parse --show-toplevel [2ms]
2024-07-09 10:05:28.621 [info] fatal: not a git repository (or any of the parent directories): .git
2024-07-09 10:05:28.868 [info] > git rev-parse --show-toplevel [1ms]
2024-07-09 10:05:28.869 [info] fatal: not a git repository (or any of the parent directories): .git
2024-07-09 10:18:25.220 [info] > git rev-parse --show-toplevel [12ms]
2024-07-09 10:18:25.220 [info] fatal: not a git repository (or any of the parent directories): .git
2024-07-09 10:18:25.404 [info] > git rev-parse --show-toplevel [10ms]
2024-07-09 10:18:25.404 [info] fatal: not a git repository (or any of the parent directories): .git
2024-07-09 10:18:27.565 [info] > git rev-parse --show-toplevel [14ms]
2024-07-09 10:18:27.565 [info] fatal: not a git repository (or any of the parent directories): .git
2024-07-09 10:21:28.624 [info] > git rev-parse --show-toplevel [2ms]
2024-07-09 10:21:28.624 [info] fatal: not a git repository (or any of the parent directories): .git
2024-07-09 10:21:43.102 [info] > git rev-parse --show-toplevel [5ms]
2024-07-09 10:21:43.102 [info] fatal: not a git repository (or any of the parent directories): .git
2024-07-09 10:34:47.534 [info] > git rev-parse --show-toplevel [4ms]
2024-07-09 10:34:47.534 [info] fatal: not a git repository (or any of the parent directories): .git
2024-07-09 10:50:01.869 [info] > git rev-parse --show-toplevel [4ms]
2024-07-09 10:50:01.869 [info] fatal: not a git repository (or any of the parent directories): .git
2024-07-09 10:50:07.752 [info] > git rev-parse --show-toplevel [11ms]
2024-07-09 10:50:07.752 [info] fatal: not a git repository (or any of the parent directories): .git
2024-07-09 10:50:10.972 [info] > git rev-parse --show-toplevel [13ms]
2024-07-09 10:50:10.972 [info] fatal: not a git repository (or any of the parent directories): .git
2024-07-09 10:50:54.102 [info] > git rev-parse --show-toplevel [16ms]
2024-07-09 10:50:54.102 [info] fatal: not a git repository (or any of the parent directories): .git
2024-07-09 11:06:19.759 [info] > git rev-parse --show-toplevel [9ms]
2024-07-09 11:06:19.759 [info] fatal: not a git repository (or any of the parent directories): .git
2024-07-09 11:07:04.202 [info] > git rev-parse --show-toplevel [13ms]
2024-07-09 11:07:04.202 [info] fatal: not a git repository (or any of the parent directories): .git
2024-07-09 11:08:45.043 [info] > git rev-parse --show-toplevel [12ms]
2024-07-09 11:08:45.043 [info] fatal: not a git repository (or any of the parent directories): .git
2024-07-09 11:08:52.508 [info] > git rev-parse --show-toplevel [14ms]
2024-07-09 11:08:52.509 [info] fatal: not a git repository (or any of the parent directories): .git
2024-07-09 11:14:41.600 [info] > git rev-parse --show-toplevel [4ms]
2024-07-09 11:14:41.600 [info] fatal: not a git repository (or any of the parent directories): .git
2024-07-09 11:14:44.017 [info] > git rev-parse --show-toplevel [13ms]
2024-07-09 11:14:44.017 [info] fatal: not a git repository (or any of the parent directories): .git
2024-07-09 11:14:45.187 [info] > git rev-parse --show-toplevel [11ms]
2024-07-09 11:14:45.187 [info] fatal: not a git repository (or any of the parent directories): .git
2024-07-09 11:15:01.280 [info] > git rev-parse --show-toplevel [11ms]
2024-07-09 11:15:01.280 [info] fatal: not a git repository (or any of the parent directories): .git
2024-07-09 11:15:02.304 [info] > git rev-parse --show-toplevel [12ms]
2024-07-09 11:15:02.304 [info] fatal: not a git repository (or any of the parent directories): .git
2024-07-09 11:15:03.802 [info] > git rev-parse --show-toplevel [11ms]
2024-07-09 11:15:03.802 [info] fatal: not a git repository (or any of the parent directories): .git
2024-07-09 11:15:05.587 [info] > git rev-parse --show-toplevel [12ms]
2024-07-09 11:15:05.587 [info] fatal: not a git repository (or any of the parent directories): .git
2024-07-09 11:15:07.082 [info] > git rev-parse --show-toplevel [10ms]
2024-07-09 11:15:07.082 [info] fatal: not a git repository (or any of the parent directories): .git
2024-07-09 11:15:07.961 [info] > git rev-parse --show-toplevel [11ms]
2024-07-09 11:15:07.961 [info] fatal: not a git repository (or any of the parent directories): .git
2024-07-09 11:15:13.234 [info] > git rev-parse --show-toplevel [13ms]
2024-07-09 11:15:13.234 [info] fatal: not a git repository (or any of the parent directories): .git
2024-07-09 11:15:14.767 [info] > git rev-parse --show-toplevel [15ms]
2024-07-09 11:15:14.767 [info] fatal: not a git repository (or any of the parent directories): .git
2024-07-09 11:15:25.815 [info] > git rev-parse --show-toplevel [11ms]
2024-07-09 11:15:25.815 [info] fatal: not a git repository (or any of the parent directories): .git
2024-07-09 12:05:27.414 [info] > git rev-parse --show-toplevel [13ms]
2024-07-09 12:05:27.414 [info] fatal: not a git repository (or any of the parent directories): .git
2024-07-09 12:05:28.476 [info] > git rev-parse --show-toplevel [9ms]
2024-07-09 12:05:28.476 [info] fatal: not a git repository (or any of the parent directories): .git
2024-07-09 12:06:22.446 [info] > git rev-parse --show-toplevel [9ms]
2024-07-09 12:06:22.447 [info] fatal: not a git repository (or any of the parent directories): .git
2024-07-09 12:06:38.912 [info] > git rev-parse --show-toplevel [8ms]
2024-07-09 12:06:38.912 [info] fatal: not a git repository (or any of the parent directories): .git
2024-07-09 12:07:42.502 [info] > git rev-parse --show-toplevel [15ms]
2024-07-09 12:07:42.502 [info] fatal: not a git repository (or any of the parent directories): .git
2024-07-09 12:07:48.821 [info] > git rev-parse --show-toplevel [8ms]
2024-07-09 12:07:48.821 [info] fatal: not a git repository (or any of the parent directories): .git
2024-07-09 12:29:13.641 [info] > git rev-parse --show-toplevel [4ms]
2024-07-09 12:29:13.641 [info] fatal: not a git repository (or any of the parent directories): .git
2024-07-09 12:29:25.100 [info] > git rev-parse --show-toplevel [8ms]
2024-07-09 12:29:25.101 [info] fatal: not a git repository (or any of the parent directories): .git
2024-07-09 12:29:28.154 [info] > git rev-parse --show-toplevel [3ms]
2024-07-09 12:29:28.154 [info] fatal: not a git repository (or any of the parent directories): .git
2024-07-09 12:29:43.419 [info] > git rev-parse --show-toplevel [2ms]
2024-07-09 12:29:43.419 [info] fatal: not a git repository (or any of the parent directories): .git
2024-07-09 12:30:12.940 [info] > git rev-parse --show-toplevel [5ms]
2024-07-09 12:30:12.940 [info] fatal: not a git repository (or any of the parent directories): .git
2024-07-09 12:30:17.993 [info] > git rev-parse --show-toplevel [12ms]
2024-07-09 12:30:17.993 [info] fatal: not a git repository (or any of the parent directories): .git
2024-07-09 12:30:22.459 [info] > git rev-parse --show-toplevel [3ms]
2024-07-09 12:30:22.459 [info] fatal: not a git repository (or any of the parent directories): .git
2024-07-09 12:30:25.919 [info] > git rev-parse --show-toplevel [3ms]
2024-07-09 12:30:25.919 [info] fatal: not a git repository (or any of the parent directories): .git
2024-07-09 12:30:27.126 [info] > git rev-parse --show-toplevel [3ms]
2024-07-09 12:30:27.126 [info] fatal: not a git repository (or any of the parent directories): .git
2024-07-09 12:30:41.345 [info] > git rev-parse --show-toplevel [13ms]
2024-07-09 12:30:41.345 [info] fatal: not a git repository (or any of the parent directories): .git
2024-07-09 12:30:48.260 [info] > git rev-parse --show-toplevel [15ms]
2024-07-09 12:30:48.260 [info] fatal: not a git repository (or any of the parent directories): .git
2024-07-09 12:30:48.323 [info] > git rev-parse --show-toplevel [3ms]
2024-07-09 12:30:48.323 [info] fatal: not a git repository (or any of the parent directories): .git
2024-07-09 12:30:55.512 [info] > git rev-parse --show-toplevel [7ms]
2024-07-09 12:30:55.512 [info] fatal: not a git repository (or any of the parent directories): .git
2024-07-09 12:31:46.907 [info] > git rev-parse --show-toplevel [2ms]
2024-07-09 12:31:46.907 [info] fatal: not a git repository (or any of the parent directories): .git
2024-07-09 12:32:03.148 [info] > git rev-parse --show-toplevel [4ms]
2024-07-09 12:32:03.148 [info] fatal: not a git repository (or any of the parent directories): .git
2024-07-09 12:32:33.283 [info] > git rev-parse --show-toplevel [14ms]
2024-07-09 12:32:33.283 [info] fatal: not a git repository (or any of the parent directories): .git
2024-07-09 12:32:33.413 [info] > git rev-parse --show-toplevel [10ms]
2024-07-09 12:32:33.413 [info] fatal: not a git repository (or any of the parent directories): .git
2024-07-09 12:32:34.049 [info] > git rev-parse --show-toplevel [13ms]
2024-07-09 12:32:34.049 [info] fatal: not a git repository (or any of the parent directories): .git
2024-07-09 12:32:35.063 [info] > git rev-parse --show-toplevel [10ms]
2024-07-09 12:32:35.063 [info] fatal: not a git repository (or any of the parent directories): .git
2024-07-09 12:32:36.852 [info] > git rev-parse --show-toplevel [9ms]
2024-07-09 12:32:36.852 [info] fatal: not a git repository (or any of the parent directories): .git
2024-07-09 12:32:37.338 [info] > git rev-parse --show-toplevel [15ms]
2024-07-09 12:32:37.338 [info] fatal: not a git repository (or any of the parent directories): .git
2024-07-09 12:32:43.335 [info] > git rev-parse --show-toplevel [13ms]
2024-07-09 12:32:43.335 [info] fatal: not a git repository (or any of the parent directories): .git
2024-07-09 12:32:43.442 [info] > git rev-parse --show-toplevel [4ms]
2024-07-09 12:32:43.442 [info] fatal: not a git repository (or any of the parent directories): .git
2024-07-09 12:32:43.606 [info] > git rev-parse --show-toplevel [13ms]
2024-07-09 12:32:43.606 [info] fatal: not a git repository (or any of the parent directories): .git
2024-07-09 12:32:54.209 [info] > git rev-parse --show-toplevel [16ms]
2024-07-09 12:32:54.209 [info] fatal: not a git repository (or any of the parent directories): .git
2024-07-09 12:33:15.521 [info] > git rev-parse --show-toplevel [10ms]
2024-07-09 12:33:15.521 [info] fatal: not a git repository (or any of the parent directories): .git
2024-07-09 12:33:15.725 [info] > git rev-parse --show-toplevel [14ms]
2024-07-09 12:33:15.725 [info] fatal: not a git repository (or any of the parent directories): .git
2024-07-09 12:33:16.427 [info] > git rev-parse --show-toplevel [9ms]
2024-07-09 12:33:16.427 [info] fatal: not a git repository (or any of the parent directories): .git
2024-07-09 12:33:16.602 [info] > git rev-parse --show-toplevel [11ms]
2024-07-09 12:33:16.602 [info] fatal: not a git repository (or any of the parent directories): .git
2024-07-09 12:33:20.129 [info] > git rev-parse --show-toplevel [11ms]
2024-07-09 12:33:20.129 [info] fatal: not a git repository (or any of the parent directories): .git
2024-07-09 12:33:21.962 [info] > git rev-parse --show-toplevel [12ms]
2024-07-09 12:33:21.962 [info] fatal: not a git repository (or any of the parent directories): .git
2024-07-09 12:33:40.863 [info] > git rev-parse --show-toplevel [10ms]
2024-07-09 12:33:40.863 [info] fatal: not a git repository (or any of the parent directories): .git
