(VSCode) 2024-07-04 14:59:33.522 [INFO]: No proxy settings found
(VSCode) 2024-07-04 14:59:34.958 [INFO]: Creating manager directory: /tmp/c9c233ba-14e0-4470-a4bb-25b3e589186c/codeium/manager
(VSCode) 2024-07-04 14:59:35.450 [INFO]: Using cached LS with valid crc32: /home/zukkini/.vscode-oss/extensions/codeium.codeium-1.8.73-universal/dist/6cdf138621c60b5ad2a4202883779040e4f63a40/language_server_linux_x64
(VSCode) 2024-07-04 14:59:35.458 [INFO]: Language server started
I0704 14:59:35.617121 27857 main.go:605] Starting language server manager with pid 27857
I0704 14:59:35.617257 27857 main.go:112] Manager acquired its lock file /tmp/c9c233ba-14e0-4470-a4bb-25b3e589186c/codeium/manager/locks/manager.lock
I0704 14:59:35.617952 27857 main.go:250] Waiting for random port file in /tmp/c9c233ba-14e0-4470-a4bb-25b3e589186c/codeium/manager/child_random_port_1720094375617404470_3990099576040496291 to be created
I0704 14:59:35.772689 27873 main.go:599] Starting language server process with pid 27873
I0704 14:59:35.772766 27873 server.go:156] Language server will attempt to listen on host 127.0.0.1
I0704 14:59:35.772909 27873 server.go:163] Language server listening on random port at 45543
I0704 14:59:35.772995 27873 proxy.go:113] proxyplease.proxy> No proxy provided. Attempting to infer from system.
I0704 14:59:35.773020 27873 proxy.go:113] proxyplease.proxy> No proxy could be determined. Assuming a direct connection.
I0704 14:59:35.773047 27873 client.go:589] [DEBUG] GET https://server.codeium.com/exa.api_server_pb.ApiServerService/GetCompletions
I0704 14:59:36.278761 27873 unleash.go:90] Initializing Unleash
I0704 14:59:36.714664 27873 unleash.go:110] Successfully initialized Unleash
E0704 14:59:36.738147 27873 client_manager.go:270] Metadata is nil when trying to refresh user JWT
I0704 14:59:37.178984 27873 server.go:355] Successfully created API server client
I0704 14:59:37.228030 27873 server.go:364] Successfully initialized tokenizer
I0704 14:59:37.339203 27873 server.go:473] Local search is enabled, will index local files.
I0704 14:59:37.339260 27873 server.go:477] Using 3 indexer workers
I0704 14:59:37.339316 27873 search_provider.go:201] Using database at /home/zukkini/.codeium/database/9c0694567290725d9dcba14ade58e297/2/MODEL_EMBED_6591
I0704 14:59:37.357039 27873 search_provider.go:215] Successfully created embedding search database in 17ms
I0704 14:59:37.357349 27873 indexer.go:225] Using 12 embed workers
I0704 14:59:37.357412 27873 search_provider.go:240] Successfully created and started indexer
I0704 14:59:37.357447 27873 search_provider.go:266] Successfully created embedding search provider
I0704 14:59:37.357470 27873 server.go:516] Successfully created exact search provider
I0704 14:59:37.367737 27873 server.go:546] Successfully created completion provider
I0704 14:59:37.367857 27873 server.go:595] Child process attempting to acquire lock file /tmp/c9c233ba-14e0-4470-a4bb-25b3e589186c/codeium/manager/locks/child_lock_1720094375617445189_4123519482201005408
I0704 14:59:37.367914 27873 server.go:603] Child process acquired lock file /tmp/c9c233ba-14e0-4470-a4bb-25b3e589186c/codeium/manager/locks/child_lock_1720094375617445189_4123519482201005408
I0704 14:59:37.379245 27873 server.go:183] LSP listening on random port at 34041
I0704 14:59:37.379908 27873 web_server.go:239] Chat Web Server listening at ws://127.0.0.1:39661
34041
I0704 14:59:37.428243 27857 main.go:286] Language server manager found random server port 45543
I0704 14:59:37.428279 27857 main.go:287] Language server manager found random lsp port 34041
I0704 14:59:37.428297 27857 main.go:294] Language server manager attempting to connect to language server at 127.0.0.1:45543
I0704 14:59:37.459383 27857 main.go:165] Fixing language server port at 45543
I0704 14:59:37.459438 27857 main.go:345] Language server manager successfully connected to new language server at 127.0.0.1:45543
(VSCode) 2024-07-04 14:59:37.472 [INFO]: Found language server running on port 45543
(VSCode) 2024-07-04 14:59:37.487 [INFO]: Downloaded binary: /home/zukkini/.codeium/bin/af6b6c543b224d348a8876f0c06245d9ea7929c5/ripgrep_linux_x64
I0704 14:59:37.503246 27873 utils.go:182] Analyzing workspace files for /home/zukkini/test/
I0704 14:59:37.503507 27873 utils.go:242] Done analyzing workspace files for /home/zukkini/test/
I0704 14:59:37.503543 27873 lsp.go:208] Found 3 files in workspace /home/zukkini/test/
I0704 14:59:37.503635 27873 lsp.go:232] Adding workspace listener for [0xc0003ffd50]
I0704 14:59:37.503682 27873 indexing_listener.go:195] Add workspace event with uid 1 for workspace /home/zukkini/test/
I0704 14:59:37.503804 27873 indexing_listener.go:235] Done enqueue workspace with uid 1
I0704 14:59:37.505290 27873 rpcs_miscellaneous.go:118] Ripgrep available at /home/zukkini/.codeium/bin/af6b6c543b224d348a8876f0c06245d9ea7929c5/ripgrep_linux_x64
I0704 14:59:37.515259 27873 lazy_model.go:29] Successfully created faiss index
I0704 14:59:37.628946 27873 rpcs_miscellaneous.go:312] University version is up to date.
(VSCode) 2024-07-04 15:00:06.591 [INFO]: Completion request was cancelled by token (178.98ms)
(VSCode) 2024-07-04 15:02:59.417 [INFO]: Completion request was cancelled by token (237.61ms)
(VSCode) 2024-07-04 15:05:31.104 [INFO]: Completion request was cancelled by token (150.4ms)
(VSCode) 2024-07-04 15:05:31.289 [INFO]: Completion request was cancelled by token (134.23ms)
(VSCode) 2024-07-04 15:05:31.363 [INFO]: Skipping completions because autocomplete is open
(VSCode) 2024-07-04 15:05:31.917 [INFO]: Completion request was cancelled by token (217.24ms)
(VSCode) 2024-07-04 15:05:34.842 [INFO]: Completion request was cancelled by token (364.84ms)
(VSCode) 2024-07-04 15:05:35.018 [INFO]: Completion request was cancelled by token (124.56ms)
(VSCode) 2024-07-04 15:05:35.426 [INFO]: Completion request was cancelled by token (356.21ms)
(VSCode) 2024-07-04 15:05:39.258 [INFO]: Completion request was cancelled by token (146.14ms)
(VSCode) 2024-07-04 15:05:40.027 [INFO]: Completion request was cancelled by token (277.63ms)
(VSCode) 2024-07-04 15:05:40.225 [INFO]: Completion request was cancelled by token (141.82ms)
(VSCode) 2024-07-04 15:05:41.290 [INFO]: Completion request was cancelled by token (250.35ms)
(VSCode) 2024-07-04 15:05:41.490 [INFO]: Completion request was cancelled by token (150.27ms)
(VSCode) 2024-07-04 15:05:42.367 [INFO]: Completion request was cancelled by token (650.94ms)
(VSCode) 2024-07-04 15:05:42.615 [INFO]: Completion request was cancelled by token (197.63ms)
(VSCode) 2024-07-04 15:05:43.089 [INFO]: Completion request succeeded (421.17ms)
(VSCode) 2024-07-04 15:05:43.092 [INFO]: Generated 3 completions
(VSCode) 2024-07-04 15:05:43.098 [INFO]: provideInlineCompletionItems request succeeded (432.11ms)
(VSCode) 2024-07-04 15:05:45.968 [INFO]: Completion request succeeded (372.7ms)
(VSCode) 2024-07-04 15:05:45.972 [INFO]: No completions were generated
(VSCode) 2024-07-04 15:05:45.972 [INFO]: provideInlineCompletionItems request succeeded (379.75ms)
(VSCode) 2024-07-04 15:05:53.913 [INFO]: Completion request was cancelled by token (571.56ms)
(VSCode) 2024-07-04 15:05:54.869 [INFO]: Completion request was cancelled by token (95.86ms)
(VSCode) 2024-07-04 15:05:55.246 [INFO]: Completion request was cancelled by token (325.67ms)
(VSCode) 2024-07-04 15:05:56.111 [INFO]: Completion request succeeded (411.88ms)
(VSCode) 2024-07-04 15:05:56.112 [INFO]: Generated 3 completions
(VSCode) 2024-07-04 15:05:56.114 [INFO]: provideInlineCompletionItems request succeeded (415.6ms)
I0704 15:11:36.739438 27873 client_manager.go:248] Pruning inactive client for {9c55f776-276f-4d12-a5f4-563459f1a824 3abe9480-6d42-40be-8337-2b87d9a5004b}
(VSCode) 2024-07-04 15:12:51.751 [INFO]: Disposing language server process
(VSCode) 2024-07-04 15:12:51.751 [INFO]: Deleting manager directory: /tmp/c9c233ba-14e0-4470-a4bb-25b3e589186c/codeium/manager
(VSCode) 2024-07-04 15:12:51.753 [INFO]: Successfully disposed language server
W0704 15:12:51.751930 27857 main.go:116] Language server manager got signal terminated, shutting down
