2024-07-09 20:02:45.690 [info] Added views:workbench.panel.markers.view in workbench.panel.markers
2024-07-09 20:02:45.690 [info] Added views:workbench.panel.output in workbench.panel.output
2024-07-09 20:02:45.690 [info] Added views:terminal in terminal
2024-07-09 20:02:45.690 [info] Added views:outline in workbench.view.explorer
2024-07-09 20:02:45.690 [info] Added views:workbench.scm in workbench.view.scm
2024-07-09 20:02:45.690 [info] Added views:workbench.view.search in workbench.view.search
2024-07-09 20:02:45.690 [info] Added views:timeline in workbench.view.explorer
2024-07-09 20:02:45.690 [info] Added views:workbench.explorer.fileView in workbench.view.explorer
2024-07-09 20:02:45.996 [info] Added views:workbench.debug.welcome in workbench.view.debug
2024-07-09 20:02:46.770 [info] Added views:codeium.chatPanelView in workbench.view.extension.codeium
2024-07-09 20:02:46.771 [info] Added views:registers in workbench.view.extension.dance
2024-07-09 20:02:47.022 [info] Added views:workbench.panel.repl.view in workbench.panel.repl
2024-07-09 20:02:48.499 [info] Added views:~remote.forwardedPorts in ~remote.forwardedPortsContainer
2024-07-09 20:02:49.927 [info] Added views:workbench.panel.comments in workbench.panel.comments
2024-07-09 20:03:59.790 [info] Added views:workbench.views.extensions.installed,workbench.views.extensions.popular,extensions.recommendedList in workbench.view.extensions
2024-07-09 20:03:59.801 [info] Removed views:workbench.views.extensions.popular from workbench.view.extensions
2024-07-09 20:04:01.024 [info] Removed views:extensions.recommendedList,workbench.views.extensions.installed from workbench.view.extensions
2024-07-09 20:04:01.040 [info] Added views:workbench.views.extensions.marketplace in workbench.view.extensions
2024-07-09 20:04:57.141 [info] Removed views:workbench.views.extensions.marketplace from workbench.view.extensions
2024-07-09 20:04:57.164 [info] Added views:workbench.views.extensions.installed,extensions.recommendedList in workbench.view.extensions
