2024-07-09 19:40:07.989 [info] Getting Manifest... dtoplak.vscode-glsllint
2024-07-09 19:40:08.019 [info] Installing extension: dtoplak.vscode-glsllint {"isMachineScoped":false,"installPreReleaseVersion":false,"pinned":false,"profileLocation":{"$mid":1,"external":"vscode-userdata:/home/zukkini/.vscode-oss/extensions/extensions.json","path":"/home/zukkini/.vscode-oss/extensions/extensions.json","scheme":"vscode-userdata"},"installOnlyNewlyAddedFromExtensionPack":true,"isApplicationScoped":false,"productVersion":{"version":"1.91.0","date":"2024-07-03T20:40:42.797Z"}}
2024-07-09 19:40:08.351 [info] Getting Manifest... slevesque.shader
2024-07-09 19:40:08.499 [info] Installing extension: slevesque.shader {"isMachineScoped":false,"installPreReleaseVersion":false,"pinned":false,"profileLocation":{"$mid":1,"external":"vscode-userdata:/home/zukkini/.vscode-oss/extensions/extensions.json","path":"/home/zukkini/.vscode-oss/extensions/extensions.json","scheme":"vscode-userdata"},"installOnlyNewlyAddedFromExtensionPack":true,"isApplicationScoped":false,"productVersion":{"version":"1.91.0","date":"2024-07-03T20:40:42.797Z"},"context":{"dependecyOrPackExtensionInstall":true}}
2024-07-09 19:40:10.059 [error] Could not load vsce-sign module Cannot find module '@vscode/vsce-sign'
Require stack:
- /usr/lib/code/out/bootstrap-amd.js
- /usr/lib/code/out/bootstrap-fork.js
2024-07-09 19:40:10.059 [info] Extension signature verification is not done: dtoplak.vscode-glsllint
2024-07-09 19:40:10.138 [info] Extracted extension to file:///home/zukkini/.vscode-oss/extensions/dtoplak.vscode-glsllint-1.9.0: dtoplak.vscode-glsllint
2024-07-09 19:40:10.143 [info] Renamed to /home/zukkini/.vscode-oss/extensions/dtoplak.vscode-glsllint-1.9.0
2024-07-09 19:40:10.233 [error] [uncaught exception in sharedProcess]: Error: ENOENT: no such file or directory, stat '/home/zukkini/.vscode-oss/extensions/extensions.json.vsctmp': EntryNotFound (FileSystemError): Error: ENOENT: no such file or directory, stat '/home/zukkini/.vscode-oss/extensions/extensions.json.vsctmp'
    at h.create (/usr/lib/code/out/vs/code/node/sharedProcess/sharedProcessMain.js:54:19262)
    at f (/usr/lib/code/out/vs/code/node/sharedProcess/sharedProcessMain.js:54:19372)
    at P.hb (/usr/lib/code/out/vs/code/node/sharedProcess/sharedProcessMain.js:59:36571)
    at P.stat (/usr/lib/code/out/vs/code/node/sharedProcess/sharedProcessMain.js:59:28919)
    at async s.stat (/usr/lib/code/out/vs/code/node/sharedProcess/sharedProcessMain.js:59:14907)
    at async V.vb (/usr/lib/code/out/vs/code/node/sharedProcess/sharedProcessMain.js:105:119283)
2024-07-09 19:40:10.633 [error] Could not load vsce-sign module Cannot find module '@vscode/vsce-sign'
Require stack:
- /usr/lib/code/out/bootstrap-amd.js
- /usr/lib/code/out/bootstrap-fork.js
2024-07-09 19:40:10.634 [info] Extension signature verification is not done: slevesque.shader
2024-07-09 19:40:12.948 [info] Extracted extension to file:///home/zukkini/.vscode-oss/extensions/slevesque.shader-1.1.5: slevesque.shader
2024-07-09 19:40:12.965 [info] Renamed to /home/zukkini/.vscode-oss/extensions/slevesque.shader-1.1.5
2024-07-09 19:40:12.992 [info] Extension installed successfully: dtoplak.vscode-glsllint vscode-userdata:/home/zukkini/.vscode-oss/extensions/extensions.json
2024-07-09 19:40:12.993 [info] Extension installed successfully: slevesque.shader vscode-userdata:/home/zukkini/.vscode-oss/extensions/extensions.json
2024-07-09 19:40:13.056 [error] [uncaught exception in sharedProcess]: Error: ENOENT: no such file or directory, stat '/home/zukkini/.vscode-oss/extensions/extensions.json.vsctmp': EntryNotFound (FileSystemError): Error: ENOENT: no such file or directory, stat '/home/zukkini/.vscode-oss/extensions/extensions.json.vsctmp'
    at h.create (/usr/lib/code/out/vs/code/node/sharedProcess/sharedProcessMain.js:54:19262)
    at f (/usr/lib/code/out/vs/code/node/sharedProcess/sharedProcessMain.js:54:19372)
    at P.hb (/usr/lib/code/out/vs/code/node/sharedProcess/sharedProcessMain.js:59:36571)
    at P.stat (/usr/lib/code/out/vs/code/node/sharedProcess/sharedProcessMain.js:59:28919)
    at async s.stat (/usr/lib/code/out/vs/code/node/sharedProcess/sharedProcessMain.js:59:14907)
    at async V.vb (/usr/lib/code/out/vs/code/node/sharedProcess/sharedProcessMain.js:105:119283)
