2024-07-12 19:44:10.614 [info] Added views:workbench.panel.markers.view in workbench.panel.markers
2024-07-12 19:44:10.614 [info] Added views:workbench.panel.output in workbench.panel.output
2024-07-12 19:44:10.614 [info] Added views:terminal in terminal
2024-07-12 19:44:10.614 [info] Added views:outline in workbench.view.explorer
2024-07-12 19:44:10.614 [info] Added views:workbench.scm in workbench.view.scm
2024-07-12 19:44:10.614 [info] Added views:workbench.view.search in workbench.view.search
2024-07-12 19:44:10.615 [info] Added views:timeline in workbench.view.explorer
2024-07-12 19:44:10.615 [info] Added views:workbench.explorer.fileView in workbench.view.explorer
2024-07-12 19:44:10.915 [info] Added views:workbench.debug.welcome in workbench.view.debug
2024-07-12 19:44:11.609 [info] Added views:codeium.chatPanelView in workbench.view.extension.codeium
2024-07-12 19:44:11.609 [info] Added views:registers in workbench.view.extension.dance
2024-07-12 19:44:11.839 [info] Added views:workbench.panel.repl.view in workbench.panel.repl
2024-07-12 19:44:13.330 [info] Added views:~remote.forwardedPorts in ~remote.forwardedPortsContainer
2024-07-12 19:44:14.779 [info] Added views:workbench.panel.comments in workbench.panel.comments
2024-07-12 19:50:22.791 [info] Added views:workbench.views.extensions.installed,workbench.views.extensions.popular,extensions.recommendedList in workbench.view.extensions
2024-07-12 19:50:22.796 [info] Removed views:workbench.views.extensions.popular from workbench.view.extensions
2024-07-12 19:50:25.255 [info] Removed views:extensions.recommendedList,workbench.views.extensions.installed from workbench.view.extensions
2024-07-12 19:50:25.278 [info] Added views:workbench.views.extensions.marketplace in workbench.view.extensions
2024-07-12 19:58:57.635 [info] Removed views:workbench.views.extensions.marketplace from workbench.view.extensions
2024-07-12 19:58:57.671 [info] Added views:workbench.views.extensions.installed,extensions.recommendedList in workbench.view.extensions
