2024-07-04 15:13:54.602 [info] Extension host with pid 29188 started
2024-07-04 15:13:54.602 [info] Skipping acquiring lock for /home/zukkini/.config/Code - OSS/User/workspaceStorage/be652389774f61ca956f853fd6853924.
2024-07-04 15:13:54.798 [info] ExtensionService#_doActivateExtension vscode.json-language-features, startup: false, activationEvent: 'onLanguage:jsonc'
2024-07-04 15:13:54.831 [info] ExtensionService#_doActivateExtension vscode.typescript-language-features, startup: false, activationEvent: 'onLanguage:jsonc'
2024-07-04 15:13:54.866 [info] ExtensionService#_doActivateExtension vscode.emmet, startup: false, activationEvent: 'onLanguage'
2024-07-04 15:13:55.331 [info] ExtensionService#_doActivateExtension vscode.git-base, startup: true, activationEvent: '*', root cause: vscode.git
2024-07-04 15:13:55.335 [info] ExtensionService#_doActivateExtension silverquark.dancehelix, startup: true, activationEvent: '*'
2024-07-04 15:13:55.434 [info] ExtensionService#_doActivateExtension vscode.git, startup: true, activationEvent: '*'
2024-07-04 15:13:55.462 [info] ExtensionService#_doActivateExtension vscode.github, startup: true, activationEvent: '*'
2024-07-04 15:13:55.530 [info] Eager extensions activated
2024-07-04 15:13:55.602 [info] ExtensionService#_doActivateExtension vscode.debug-auto-launch, startup: false, activationEvent: 'onStartupFinished'
2024-07-04 15:13:55.605 [info] ExtensionService#_doActivateExtension vscode.merge-conflict, startup: false, activationEvent: 'onStartupFinished'
2024-07-04 15:13:55.616 [info] ExtensionService#_doActivateExtension Codeium.codeium, startup: false, activationEvent: 'onStartupFinished'
2024-07-04 15:23:45.416 [warning] vscode.json-language-features - Code actions of kind 'quickfix 'requested but returned code action is of kind 'source.sort.json'. Code action will be dropped. Please check 'CodeActionContext.only' to only return requested code actions.
2024-07-04 15:25:27.190 [warning] vscode.json-language-features - Code actions of kind 'quickfix 'requested but returned code action is of kind 'source.sort.json'. Code action will be dropped. Please check 'CodeActionContext.only' to only return requested code actions.
2024-07-04 15:31:19.077 [warning] vscode.json-language-features - Code actions of kind 'quickfix 'requested but returned code action is of kind 'source.sort.json'. Code action will be dropped. Please check 'CodeActionContext.only' to only return requested code actions.
2024-07-04 15:36:21.749 [warning] vscode.json-language-features - Code actions of kind 'quickfix 'requested but returned code action is of kind 'source.sort.json'. Code action will be dropped. Please check 'CodeActionContext.only' to only return requested code actions.
2024-07-04 15:36:23.941 [warning] vscode.json-language-features - Code actions of kind 'quickfix 'requested but returned code action is of kind 'source.sort.json'. Code action will be dropped. Please check 'CodeActionContext.only' to only return requested code actions.
2024-07-04 15:39:37.688 [warning] vscode.json-language-features - Code actions of kind 'quickfix 'requested but returned code action is of kind 'source.sort.json'. Code action will be dropped. Please check 'CodeActionContext.only' to only return requested code actions.
2024-07-04 15:39:44.451 [warning] vscode.json-language-features - Code actions of kind 'quickfix 'requested but returned code action is of kind 'source.sort.json'. Code action will be dropped. Please check 'CodeActionContext.only' to only return requested code actions.
2024-07-04 15:40:25.971 [info] ExtensionService#_doActivateExtension geddski.macros, startup: false, activationEvent: '*'
2024-07-04 15:40:59.869 [error] Error: command 'editor.action.acceptSelectedSuggestion' not found
    at v.n (vscode-file://vscode-app/usr/lib/code/out/vs/workbench/workbench.desktop.main.js:1637:23867)
    at v.executeCommand (vscode-file://vscode-app/usr/lib/code/out/vs/workbench/workbench.desktop.main.js:1637:23796)
2024-07-04 15:41:04.617 [error] Error: command 'editor.action.acceptSelectedSuggestion' not found
    at v.n (vscode-file://vscode-app/usr/lib/code/out/vs/workbench/workbench.desktop.main.js:1637:23867)
    at v.executeCommand (vscode-file://vscode-app/usr/lib/code/out/vs/workbench/workbench.desktop.main.js:1637:23796)
2024-07-04 15:41:05.858 [error] Error: command 'editor.action.acceptSelectedSuggestion' not found
    at v.n (vscode-file://vscode-app/usr/lib/code/out/vs/workbench/workbench.desktop.main.js:1637:23867)
    at v.executeCommand (vscode-file://vscode-app/usr/lib/code/out/vs/workbench/workbench.desktop.main.js:1637:23796)
2024-07-04 15:41:06.553 [error] Error: command 'editor.action.acceptSelectedSuggestion' not found
    at v.n (vscode-file://vscode-app/usr/lib/code/out/vs/workbench/workbench.desktop.main.js:1637:23867)
    at v.executeCommand (vscode-file://vscode-app/usr/lib/code/out/vs/workbench/workbench.desktop.main.js:1637:23796)
2024-07-04 15:44:48.999 [error] Error: command 'editor.action.acceptSelectedSuggestion' not found
    at v.n (vscode-file://vscode-app/usr/lib/code/out/vs/workbench/workbench.desktop.main.js:1637:23867)
    at v.executeCommand (vscode-file://vscode-app/usr/lib/code/out/vs/workbench/workbench.desktop.main.js:1637:23796)
2024-07-04 16:07:24.149 [info] ExtensionService#_doActivateExtension serafeim.goto-previous-buffer, startup: false, activationEvent: '*'
2024-07-04 16:10:19.730 [warning] TextEditor is closed/disposed
2024-07-04 16:10:19.781 [warning] ExtHostTextEditorOptions 'setCursorStyle' failed:'
2024-07-04 16:10:19.781 [warning] Illegal argument: TextEditor(vs.editor.ICodeEditor:1,$model132)
2024-07-04 16:10:23.446 [warning] ExtHostTextEditorOptions 'setCursorStyle' failed:'
2024-07-04 16:10:23.446 [warning] Illegal argument: TextEditor(vs.editor.ICodeEditor:1,$model1)
2024-07-04 16:10:23.450 [warning] Illegal argument: TextEditor(vs.editor.ICodeEditor:1,$model1)
2024-07-04 16:10:23.450 [warning] Illegal argument: TextEditor(vs.editor.ICodeEditor:1,$model1)
2024-07-04 16:10:23.770 [warning] ExtHostTextEditorOptions 'setCursorStyle' failed:'
2024-07-04 16:10:23.770 [warning] Illegal argument: TextEditor(vs.editor.ICodeEditor:1,$model1)
2024-07-04 16:10:23.784 [warning] Illegal argument: TextEditor(vs.editor.ICodeEditor:1,$model1)
2024-07-04 16:10:23.785 [warning] Illegal argument: TextEditor(vs.editor.ICodeEditor:1,$model1)
2024-07-04 16:10:48.316 [warning] ExtHostTextEditorOptions 'setCursorStyle' failed:'
2024-07-04 16:10:48.316 [warning] Illegal argument: TextEditor(vs.editor.ICodeEditor:1,$model46)
2024-07-04 16:52:49.030 [warning] ExtHostTextEditorOptions 'setCursorStyle' failed:'
2024-07-04 16:52:49.030 [warning] Illegal argument: TextEditor(vs.editor.ICodeEditor:1,$model1)
2024-07-04 16:52:49.486 [warning] ExtHostTextEditorOptions 'setCursorStyle' failed:'
2024-07-04 16:52:49.486 [warning] Illegal argument: TextEditor(vs.editor.ICodeEditor:1,$model219)
2024-07-04 16:53:04.886 [warning] ExtHostTextEditorOptions 'setCursorStyle' failed:'
2024-07-04 16:53:04.886 [warning] Illegal argument: TextEditor(vs.editor.ICodeEditor:1,$model2)
2024-07-04 16:53:36.994 [error] Error: [ExtensionListenerError] Extension 'silverquark.dancehelix' FAILED to handle event: Error: internal assertion failed; please report this error on https://github.com/71/dance/issues. its stacktrace is available in the developer console (Command Palette > Open Developer Tools).
	at n.value (/usr/lib/code/out/vs/workbench/api/node/extensionHostProcess.js:163:20749)
	at l.y (/usr/lib/code/out/vs/workbench/api/node/extensionHostProcess.js:82:664)
	at l.z (/usr/lib/code/out/vs/workbench/api/node/extensionHostProcess.js:82:734)
	at l.fire (/usr/lib/code/out/vs/workbench/api/node/extensionHostProcess.js:82:950)
	at p.$acceptEditorPropertiesChanged (/usr/lib/code/out/vs/workbench/api/node/extensionHostProcess.js:155:33337)
	at E.S (/usr/lib/code/out/vs/workbench/api/node/extensionHostProcess.js:150:5970)
	at E.Q (/usr/lib/code/out/vs/workbench/api/node/extensionHostProcess.js:150:5736)
	at E.M (/usr/lib/code/out/vs/workbench/api/node/extensionHostProcess.js:150:4762)
	at E.L (/usr/lib/code/out/vs/workbench/api/node/extensionHostProcess.js:150:3589)
	at n.value (/usr/lib/code/out/vs/workbench/api/node/extensionHostProcess.js:150:2282)
	at l.y (/usr/lib/code/out/vs/workbench/api/node/extensionHostProcess.js:82:664)
	at l.fire (/usr/lib/code/out/vs/workbench/api/node/extensionHostProcess.js:82:881)
	at s.fire (/usr/lib/code/out/vs/workbench/api/node/extensionHostProcess.js:107:14502)
	at n.value (/usr/lib/code/out/vs/workbench/api/node/extensionHostProcess.js:176:8481)
	at l.y (/usr/lib/code/out/vs/workbench/api/node/extensionHostProcess.js:82:664)
	at l.fire (/usr/lib/code/out/vs/workbench/api/node/extensionHostProcess.js:82:881)
	at s.fire (/usr/lib/code/out/vs/workbench/api/node/extensionHostProcess.js:107:14502)
	at MessagePortMain.<anonymous> (/usr/lib/code/out/vs/workbench/api/node/extensionHostProcess.js:176:6631)
	at MessagePortMain.emit (node:events:514:28)
	at MessagePortMain.emit (node:domain:488:12)
	at MessagePortMain._internalPort.emit (node:electron/js2c/utility_init:2:2285)
2024-07-04 16:54:08.352 [error] Error: active editor required
	at EditorRequiredError.throwUnlessAvailable (/home/zukkini/.vscode-oss/extensions/silverquark.dancehelix-0.5.16/out/src/utils/errors.js:117:19)
	at activeEditor (/home/zukkini/.vscode-oss/extensions/silverquark.dancehelix-0.5.16/out/src/state/registers.js:241:34)
	at SpecialRegister.getter (/home/zukkini/.vscode-oss/extensions/silverquark.dancehelix-0.5.16/out/src/state/registers.js:280:80)
	at SpecialRegister.get (/home/zukkini/.vscode-oss/extensions/silverquark.dancehelix-0.5.16/out/src/state/registers.js:203:21)
	at RegisterTreeItem.values (/home/zukkini/.vscode-oss/extensions/silverquark.dancehelix-0.5.16/out/src/state/registers-view.js:151:42)
	at RegisterTreeItem.shouldShow (/home/zukkini/.vscode-oss/extensions/silverquark.dancehelix-0.5.16/out/src/state/registers-view.js:145:37)
	at /home/zukkini/.vscode-oss/extensions/silverquark.dancehelix-0.5.16/out/src/state/registers-view.js:66:28
	at /home/zukkini/.vscode-oss/extensions/silverquark.dancehelix-0.5.16/out/src/state/registers-view.js:134:13
2024-07-04 16:54:08.394 [error] Error: active editor required
	at EditorRequiredError.throwUnlessAvailable (/home/zukkini/.vscode-oss/extensions/silverquark.dancehelix-0.5.16/out/src/utils/errors.js:117:19)
	at activeEditor (/home/zukkini/.vscode-oss/extensions/silverquark.dancehelix-0.5.16/out/src/state/registers.js:241:34)
	at SpecialRegister.getter (/home/zukkini/.vscode-oss/extensions/silverquark.dancehelix-0.5.16/out/src/state/registers.js:280:80)
	at SpecialRegister.get (/home/zukkini/.vscode-oss/extensions/silverquark.dancehelix-0.5.16/out/src/state/registers.js:203:21)
	at RegisterTreeItem.values (/home/zukkini/.vscode-oss/extensions/silverquark.dancehelix-0.5.16/out/src/state/registers-view.js:151:42)
	at RegisterTreeItem.shouldShow (/home/zukkini/.vscode-oss/extensions/silverquark.dancehelix-0.5.16/out/src/state/registers-view.js:145:37)
	at /home/zukkini/.vscode-oss/extensions/silverquark.dancehelix-0.5.16/out/src/state/registers-view.js:66:28
	at /home/zukkini/.vscode-oss/extensions/silverquark.dancehelix-0.5.16/out/src/state/registers-view.js:134:13
2024-07-04 16:54:13.223 [error] Error: active editor required
	at EditorRequiredError.throwUnlessAvailable (/home/zukkini/.vscode-oss/extensions/silverquark.dancehelix-0.5.16/out/src/utils/errors.js:117:19)
	at activeEditor (/home/zukkini/.vscode-oss/extensions/silverquark.dancehelix-0.5.16/out/src/state/registers.js:241:34)
	at SpecialRegister.getter (/home/zukkini/.vscode-oss/extensions/silverquark.dancehelix-0.5.16/out/src/state/registers.js:280:80)
	at SpecialRegister.get (/home/zukkini/.vscode-oss/extensions/silverquark.dancehelix-0.5.16/out/src/state/registers.js:203:21)
	at RegisterTreeItem.values (/home/zukkini/.vscode-oss/extensions/silverquark.dancehelix-0.5.16/out/src/state/registers-view.js:151:42)
	at RegisterTreeItem.shouldShow (/home/zukkini/.vscode-oss/extensions/silverquark.dancehelix-0.5.16/out/src/state/registers-view.js:145:37)
	at /home/zukkini/.vscode-oss/extensions/silverquark.dancehelix-0.5.16/out/src/state/registers-view.js:66:28
	at /home/zukkini/.vscode-oss/extensions/silverquark.dancehelix-0.5.16/out/src/state/registers-view.js:134:13
2024-07-04 16:54:16.040 [info] Extension host terminating: renderer closed the MessagePort
2024-07-04 16:54:16.094 [info] Extension host with pid 29188 exiting with code 0
2024-07-04 16:54:16.614 [info] Extension host with pid 33803 started
2024-07-04 16:54:16.614 [info] Skipping acquiring lock for /home/zukkini/.config/Code - OSS/User/workspaceStorage/be652389774f61ca956f853fd6853924.
2024-07-04 16:54:16.622 [info] ExtensionService#_doActivateExtension vscode.json-language-features, startup: false, activationEvent: 'onLanguage:jsonc'
2024-07-04 16:54:16.650 [info] ExtensionService#_doActivateExtension vscode.typescript-language-features, startup: false, activationEvent: 'onLanguage:jsonc'
2024-07-04 16:54:16.678 [info] ExtensionService#_doActivateExtension vscode.emmet, startup: false, activationEvent: 'onLanguage'
2024-07-04 16:54:16.684 [info] ExtensionService#_doActivateExtension silverquark.dancehelix, startup: false, activationEvent: 'onCommand:dance.openMenu'
2024-07-04 16:54:16.714 [info] ExtensionService#_doActivateExtension vscode.git-base, startup: false, activationEvent: '*', root cause: vscode.git
2024-07-04 16:54:16.716 [info] ExtensionService#_doActivateExtension serafeim.goto-previous-buffer, startup: false, activationEvent: '*'
2024-07-04 16:54:16.718 [info] ExtensionService#_doActivateExtension Codeium.codeium, startup: false, activationEvent: 'onView:codeium.chatPanelView'
2024-07-04 16:54:17.137 [info] ExtensionService#_doActivateExtension vscode.git, startup: false, activationEvent: '*'
2024-07-04 16:54:17.164 [info] ExtensionService#_doActivateExtension vscode.github, startup: false, activationEvent: '*'
2024-07-04 16:54:17.624 [info] Eager extensions activated
2024-07-04 16:54:17.763 [info] ExtensionService#_doActivateExtension vscode.debug-auto-launch, startup: false, activationEvent: 'onStartupFinished'
2024-07-04 16:54:17.767 [info] ExtensionService#_doActivateExtension vscode.merge-conflict, startup: false, activationEvent: 'onStartupFinished'
2024-07-04 16:55:03.486 [warning] ExtHostTextEditorOptions 'setCursorStyle' failed:'
2024-07-04 16:55:03.487 [warning] Illegal argument: TextEditor(vs.editor.ICodeEditor:1,$model231)
2024-07-04 16:55:16.662 [warning] ExtHostTextEditorOptions 'setCursorStyle' failed:'
2024-07-04 16:55:16.662 [warning] Illegal argument: TextEditor(vs.editor.ICodeEditor:1,$model221)
2024-07-04 17:04:37.453 [info] Extension host terminating: renderer closed the MessagePort
2024-07-04 17:04:37.482 [info] Extension host with pid 33803 exiting with code 0
