2024-07-09 20:02:46.307 [info] Deleted uninstalled extension from disk dtoplak.vscode-glsllint /home/zukkini/.vscode-oss/extensions/dtoplak.vscode-glsllint-1.9.0
2024-07-09 20:04:50.317 [info] Getting Manifest... raczzalan.webgl-glsl-editor
2024-07-09 20:04:50.336 [info] Installing extension: raczzalan.webgl-glsl-editor {"isMachineScoped":false,"installPreReleaseVersion":false,"pinned":false,"profileLocation":{"$mid":1,"external":"vscode-userdata:/home/zukkini/.vscode-oss/extensions/extensions.json","path":"/home/zukkini/.vscode-oss/extensions/extensions.json","scheme":"vscode-userdata"},"installOnlyNewlyAddedFromExtensionPack":true,"isApplicationScoped":false,"productVersion":{"version":"1.91.0","date":"2024-07-03T20:40:42.797Z"}}
2024-07-09 20:04:51.385 [error] Could not load vsce-sign module Cannot find module '@vscode/vsce-sign'
Require stack:
- /usr/lib/code/out/bootstrap-amd.js
- /usr/lib/code/out/bootstrap-fork.js
2024-07-09 20:04:51.385 [info] Extension signature verification is not done: raczzalan.webgl-glsl-editor
2024-07-09 20:04:51.637 [info] Extracted extension to file:///home/zukkini/.vscode-oss/extensions/raczzalan.webgl-glsl-editor-1.3.8-linux-x64: raczzalan.webgl-glsl-editor
2024-07-09 20:04:51.643 [info] Renamed to /home/zukkini/.vscode-oss/extensions/raczzalan.webgl-glsl-editor-1.3.8-linux-x64
2024-07-09 20:04:51.670 [info] Extension installed successfully: raczzalan.webgl-glsl-editor vscode-userdata:/home/zukkini/.vscode-oss/extensions/extensions.json
2024-07-09 20:04:51.733 [error] [uncaught exception in sharedProcess]: Error: ENOENT: no such file or directory, stat '/home/zukkini/.vscode-oss/extensions/extensions.json.vsctmp': EntryNotFound (FileSystemError): Error: ENOENT: no such file or directory, stat '/home/zukkini/.vscode-oss/extensions/extensions.json.vsctmp'
    at h.create (/usr/lib/code/out/vs/code/node/sharedProcess/sharedProcessMain.js:54:19262)
    at f (/usr/lib/code/out/vs/code/node/sharedProcess/sharedProcessMain.js:54:19372)
    at P.hb (/usr/lib/code/out/vs/code/node/sharedProcess/sharedProcessMain.js:59:36571)
    at P.stat (/usr/lib/code/out/vs/code/node/sharedProcess/sharedProcessMain.js:59:28919)
    at async s.stat (/usr/lib/code/out/vs/code/node/sharedProcess/sharedProcessMain.js:59:14907)
    at async V.vb (/usr/lib/code/out/vs/code/node/sharedProcess/sharedProcessMain.js:105:119283)
2024-07-09 20:05:00.874 [info] Uninstalling extension from the profile: boyswan.glsl-literal@1.0.6 vscode-userdata:/home/zukkini/.vscode-oss/extensions/extensions.json
2024-07-09 20:05:00.931 [info] Marked extension as uninstalled boyswan.glsl-literal-1.0.6
2024-07-09 20:05:00.991 [error] [uncaught exception in sharedProcess]: Error: ENOENT: no such file or directory, stat '/home/zukkini/.vscode-oss/extensions/extensions.json.vsctmp': EntryNotFound (FileSystemError): Error: ENOENT: no such file or directory, stat '/home/zukkini/.vscode-oss/extensions/extensions.json.vsctmp'
    at h.create (/usr/lib/code/out/vs/code/node/sharedProcess/sharedProcessMain.js:54:19262)
    at f (/usr/lib/code/out/vs/code/node/sharedProcess/sharedProcessMain.js:54:19372)
    at P.hb (/usr/lib/code/out/vs/code/node/sharedProcess/sharedProcessMain.js:59:36571)
    at P.stat (/usr/lib/code/out/vs/code/node/sharedProcess/sharedProcessMain.js:59:28919)
    at async s.stat (/usr/lib/code/out/vs/code/node/sharedProcess/sharedProcessMain.js:59:14907)
    at async V.vb (/usr/lib/code/out/vs/code/node/sharedProcess/sharedProcessMain.js:105:119283)
2024-07-09 20:05:01.233 [info] Successfully uninstalled extension from the profile boyswan.glsl-literal@1.0.6 vscode-userdata:/home/zukkini/.vscode-oss/extensions/extensions.json
2024-07-09 20:05:05.583 [info] Uninstalling extension from the profile: slevesque.shader@1.1.5 vscode-userdata:/home/zukkini/.vscode-oss/extensions/extensions.json
2024-07-09 20:05:05.619 [info] Marked extension as uninstalled slevesque.shader-1.1.5
2024-07-09 20:05:05.683 [error] [uncaught exception in sharedProcess]: Error: ENOENT: no such file or directory, stat '/home/zukkini/.vscode-oss/extensions/extensions.json.vsctmp': EntryNotFound (FileSystemError): Error: ENOENT: no such file or directory, stat '/home/zukkini/.vscode-oss/extensions/extensions.json.vsctmp'
    at h.create (/usr/lib/code/out/vs/code/node/sharedProcess/sharedProcessMain.js:54:19262)
    at f (/usr/lib/code/out/vs/code/node/sharedProcess/sharedProcessMain.js:54:19372)
    at P.hb (/usr/lib/code/out/vs/code/node/sharedProcess/sharedProcessMain.js:59:36571)
    at P.stat (/usr/lib/code/out/vs/code/node/sharedProcess/sharedProcessMain.js:59:28919)
    at async s.stat (/usr/lib/code/out/vs/code/node/sharedProcess/sharedProcessMain.js:59:14907)
    at async V.vb (/usr/lib/code/out/vs/code/node/sharedProcess/sharedProcessMain.js:105:119283)
2024-07-09 20:05:05.795 [info] Successfully uninstalled extension from the profile slevesque.shader@1.1.5 vscode-userdata:/home/zukkini/.vscode-oss/extensions/extensions.json
