2024-07-13 09:05:33.241 [info] Log level: Info
2024-07-13 09:05:33.242 [info] Validating found git in: "git"
2024-07-13 09:05:33.281 [info] Using git "2.45.2" from "git"
2024-07-13 09:05:33.298 [info] > git rev-parse --show-toplevel [5ms]
2024-07-13 09:05:33.298 [info] fatal: not a git repository (or any of the parent directories): .git
2024-07-13 09:05:33.312 [info] > git rev-parse --show-toplevel [3ms]
2024-07-13 09:05:33.312 [info] fatal: not a git repository (or any of the parent directories): .git
2024-07-13 09:05:33.602 [info] > git rev-parse --show-toplevel [273ms]
2024-07-13 09:05:33.602 [info] fatal: not a git repository (or any of the parent directories): .git
2024-07-13 09:05:33.657 [info] > git rev-parse --show-toplevel [21ms]
2024-07-13 09:05:33.657 [info] fatal: not a git repository (or any of the parent directories): .git
2024-07-13 09:05:33.665 [info] > git rev-parse --show-toplevel [3ms]
2024-07-13 09:05:33.666 [info] fatal: not a git repository (or any of the parent directories): .git
2024-07-13 09:05:33.673 [info] > git rev-parse --show-toplevel [1ms]
2024-07-13 09:05:33.673 [info] fatal: not a git repository (or any of the parent directories): .git
2024-07-13 09:05:33.681 [info] > git rev-parse --show-toplevel [3ms]
2024-07-13 09:05:33.681 [info] fatal: not a git repository (or any of the parent directories): .git
2024-07-13 09:05:33.688 [info] > git rev-parse --show-toplevel [2ms]
2024-07-13 09:05:33.688 [info] fatal: not a git repository (or any of the parent directories): .git
2024-07-13 09:05:33.696 [info] > git rev-parse --show-toplevel [2ms]
2024-07-13 09:05:33.696 [info] fatal: not a git repository (or any of the parent directories): .git
2024-07-13 09:05:33.702 [info] > git rev-parse --show-toplevel [2ms]
2024-07-13 09:05:33.702 [info] fatal: not a git repository (or any of the parent directories): .git
2024-07-13 09:05:33.708 [info] > git rev-parse --show-toplevel [2ms]
2024-07-13 09:05:33.708 [info] fatal: not a git repository (or any of the parent directories): .git
2024-07-13 09:05:33.718 [info] > git rev-parse --show-toplevel [6ms]
2024-07-13 09:05:33.718 [info] fatal: not a git repository (or any of the parent directories): .git
2024-07-13 09:05:33.728 [info] > git rev-parse --show-toplevel [6ms]
2024-07-13 09:05:33.728 [info] fatal: not a git repository (or any of the parent directories): .git
2024-07-13 09:05:33.734 [info] > git rev-parse --show-toplevel [2ms]
2024-07-13 09:05:33.734 [info] fatal: not a git repository (or any of the parent directories): .git
2024-07-13 09:05:33.739 [info] > git rev-parse --show-toplevel [1ms]
2024-07-13 09:05:33.739 [info] fatal: not a git repository (or any of the parent directories): .git
2024-07-13 09:05:33.796 [info] > git rev-parse --show-toplevel [18ms]
2024-07-13 09:05:33.796 [info] fatal: not a git repository (or any of the parent directories): .git
2024-07-13 09:06:01.030 [info] > git rev-parse --show-toplevel [12ms]
2024-07-13 09:06:01.030 [info] fatal: not a git repository (or any of the parent directories): .git
2024-07-13 09:40:49.470 [info] > git rev-parse --show-toplevel [4ms]
2024-07-13 09:40:49.470 [info] fatal: not a git repository (or any of the parent directories): .git
2024-07-13 09:41:22.655 [info] > git rev-parse --show-toplevel [12ms]
2024-07-13 09:41:22.655 [info] fatal: not a git repository (or any of the parent directories): .git
2024-07-13 09:41:50.925 [info] > git rev-parse --show-toplevel [10ms]
2024-07-13 09:41:50.925 [info] fatal: not a git repository (or any of the parent directories): .git
2024-07-13 09:41:54.038 [info] > git rev-parse --show-toplevel [8ms]
2024-07-13 09:41:54.038 [info] fatal: not a git repository (or any of the parent directories): .git
2024-07-13 09:41:55.050 [info] > git rev-parse --show-toplevel [12ms]
2024-07-13 09:41:55.050 [info] fatal: not a git repository (or any of the parent directories): .git
2024-07-13 09:41:57.677 [info] > git rev-parse --show-toplevel [15ms]
2024-07-13 09:41:57.677 [info] fatal: not a git repository (or any of the parent directories): .git
2024-07-13 09:41:59.075 [info] > git rev-parse --show-toplevel [9ms]
2024-07-13 09:41:59.075 [info] fatal: not a git repository (or any of the parent directories): .git
2024-07-13 09:42:10.176 [info] > git rev-parse --show-toplevel [10ms]
2024-07-13 09:42:10.176 [info] fatal: not a git repository (or any of the parent directories): .git
2024-07-13 09:42:11.518 [info] > git rev-parse --show-toplevel [8ms]
2024-07-13 09:42:11.518 [info] fatal: not a git repository (or any of the parent directories): .git
2024-07-13 09:42:26.337 [info] > git rev-parse --show-toplevel [11ms]
2024-07-13 09:42:26.337 [info] fatal: not a git repository (or any of the parent directories): .git
2024-07-13 09:47:50.270 [info] > git rev-parse --show-toplevel [10ms]
2024-07-13 09:47:50.270 [info] fatal: not a git repository (or any of the parent directories): .git
2024-07-13 09:49:26.621 [info] > git rev-parse --show-toplevel [8ms]
2024-07-13 09:49:26.622 [info] fatal: not a git repository (or any of the parent directories): .git
2024-07-13 09:54:32.179 [info] > git rev-parse --show-toplevel [2ms]
2024-07-13 09:54:32.179 [info] fatal: not a git repository (or any of the parent directories): .git
2024-07-13 09:54:36.968 [info] > git rev-parse --show-toplevel [7ms]
2024-07-13 09:54:36.968 [info] fatal: not a git repository (or any of the parent directories): .git
2024-07-13 09:54:41.153 [info] > git rev-parse --show-toplevel [8ms]
2024-07-13 09:54:41.154 [info] fatal: not a git repository (or any of the parent directories): .git
2024-07-13 09:54:42.382 [info] > git rev-parse --show-toplevel [12ms]
2024-07-13 09:54:42.382 [info] fatal: not a git repository (or any of the parent directories): .git
2024-07-13 09:54:43.401 [info] > git rev-parse --show-toplevel [7ms]
2024-07-13 09:54:43.401 [info] fatal: not a git repository (or any of the parent directories): .git
2024-07-13 09:54:46.326 [info] > git rev-parse --show-toplevel [10ms]
2024-07-13 09:54:46.326 [info] fatal: not a git repository (or any of the parent directories): .git
2024-07-13 09:54:47.521 [info] > git rev-parse --show-toplevel [7ms]
2024-07-13 09:54:47.521 [info] fatal: not a git repository (or any of the parent directories): .git
2024-07-13 09:54:48.684 [info] > git rev-parse --show-toplevel [14ms]
2024-07-13 09:54:48.684 [info] fatal: not a git repository (or any of the parent directories): .git
2024-07-13 09:54:49.654 [info] > git rev-parse --show-toplevel [8ms]
2024-07-13 09:54:49.654 [info] fatal: not a git repository (or any of the parent directories): .git
2024-07-13 09:59:43.365 [info] > git rev-parse --show-toplevel [10ms]
2024-07-13 09:59:43.365 [info] fatal: not a git repository (or any of the parent directories): .git
2024-07-13 09:59:50.959 [info] > git rev-parse --show-toplevel [8ms]
2024-07-13 09:59:50.959 [info] fatal: not a git repository (or any of the parent directories): .git
2024-07-13 09:59:54.565 [info] > git rev-parse --show-toplevel [10ms]
2024-07-13 09:59:54.565 [info] fatal: not a git repository (or any of the parent directories): .git
2024-07-13 09:59:59.658 [info] > git rev-parse --show-toplevel [10ms]
2024-07-13 09:59:59.658 [info] fatal: not a git repository (or any of the parent directories): .git
2024-07-13 10:03:37.138 [info] > git rev-parse --show-toplevel [9ms]
2024-07-13 10:03:37.138 [info] fatal: not a git repository (or any of the parent directories): .git
2024-07-13 10:03:38.117 [info] > git rev-parse --show-toplevel [8ms]
2024-07-13 10:03:38.117 [info] fatal: not a git repository (or any of the parent directories): .git
