2024-07-09 20:07:01.552 [info] Extension host with pid 6570 started
2024-07-09 20:07:01.552 [info] Skipping acquiring lock for /home/zukkini/.config/Code - OSS/User/workspaceStorage/7abd69e5419f1f5d00e0deeff3865a7b.
2024-07-09 20:07:01.761 [info] ExtensionService#_doActivateExtension vscode.emmet, startup: false, activationEvent: 'onLanguage'
2024-07-09 20:07:01.829 [info] ExtensionService#_doActivateExtension vscode.typescript-language-features, startup: false, activationEvent: 'onLanguage:javascript'
2024-07-09 20:07:01.868 [info] ExtensionService#_doActivateExtension biomejs.biome, startup: false, activationEvent: 'onLanguage:javascript'
2024-07-09 20:07:02.736 [info] ExtensionService#_doActivateExtension vscode.git-base, startup: true, activationEvent: '*', root cause: vscode.git
2024-07-09 20:07:02.739 [info] ExtensionService#_doActivateExtension serafeim.goto-previous-buffer, startup: true, activationEvent: '*'
2024-07-09 20:07:02.741 [info] ExtensionService#_doActivateExtension silverquark.dancehelix, startup: true, activationEvent: '*'
2024-07-09 20:07:02.831 [info] ExtensionService#_doActivateExtension vscode.git, startup: true, activationEvent: '*'
2024-07-09 20:07:02.877 [info] ExtensionService#_doActivateExtension vscode.github, startup: true, activationEvent: '*'
2024-07-09 20:07:02.958 [info] Eager extensions activated
2024-07-09 20:07:03.009 [info] ExtensionService#_doActivateExtension vscode.debug-auto-launch, startup: false, activationEvent: 'onStartupFinished'
2024-07-09 20:07:03.011 [info] ExtensionService#_doActivateExtension vscode.merge-conflict, startup: false, activationEvent: 'onStartupFinished'
2024-07-09 20:07:03.018 [info] ExtensionService#_doActivateExtension Codeium.codeium, startup: false, activationEvent: 'onStartupFinished'
2024-07-09 20:12:47.829 [info] ExtensionService#_doActivateExtension raczzalan.webgl-glsl-editor, startup: false, activationEvent: 'onLanguage:glsl'
2024-07-09 20:15:14.541 [warning] ExtHostTextEditorOptions 'setCursorStyle' failed:'
2024-07-09 20:15:14.542 [warning] Illegal argument: TextEditor(vs.editor.ICodeEditor:1,$model5)
2024-07-09 22:49:53.385 [info] ExtensionService#_doActivateExtension vscode.configuration-editing, startup: false, activationEvent: 'onLanguage:jsonc'
2024-07-09 22:49:53.389 [info] ExtensionService#_doActivateExtension vscode.json-language-features, startup: false, activationEvent: 'onLanguage:jsonc'
2024-07-09 22:50:10.589 [error] Error: [ExtensionListenerError] Extension 'silverquark.dancehelix' FAILED to handle event: Error: internal assertion failed; please report this error on https://github.com/71/dance/issues. its stacktrace is available in the developer console (Command Palette > Open Developer Tools).
	at n.value (/usr/lib/code/out/vs/workbench/api/node/extensionHostProcess.js:164:21021)
	at r.B (/usr/lib/code/out/vs/workbench/api/node/extensionHostProcess.js:83:737)
	at r.C (/usr/lib/code/out/vs/workbench/api/node/extensionHostProcess.js:83:807)
	at r.fire (/usr/lib/code/out/vs/workbench/api/node/extensionHostProcess.js:83:1023)
	at a.$acceptEditorPropertiesChanged (/usr/lib/code/out/vs/workbench/api/node/extensionHostProcess.js:156:33300)
	at S (/usr/lib/code/out/vs/workbench/api/node/extensionHostProcess.js:151:5986)
	at S.Q (/usr/lib/code/out/vs/workbench/api/node/extensionHostProcess.js:151:5752)
	at S.M (/usr/lib/code/out/vs/workbench/api/node/extensionHostProcess.js:151:4778)
	at S.L (/usr/lib/code/out/vs/workbench/api/node/extensionHostProcess.js:151:3605)
	at n.value (/usr/lib/code/out/vs/workbench/api/node/extensionHostProcess.js:151:2297)
	at r.B (/usr/lib/code/out/vs/workbench/api/node/extensionHostProcess.js:83:737)
	at r.fire (/usr/lib/code/out/vs/workbench/api/node/extensionHostProcess.js:83:954)
	at o.fire (/usr/lib/code/out/vs/workbench/api/node/extensionHostProcess.js:108:14502)
	at n.value (/usr/lib/code/out/vs/workbench/api/node/extensionHostProcess.js:177:8639)
	at r.B (/usr/lib/code/out/vs/workbench/api/node/extensionHostProcess.js:83:737)
	at r.fire (/usr/lib/code/out/vs/workbench/api/node/extensionHostProcess.js:83:954)
	at o.fire (/usr/lib/code/out/vs/workbench/api/node/extensionHostProcess.js:108:14502)
	at MessagePortMain.<anonymous> (/usr/lib/code/out/vs/workbench/api/node/extensionHostProcess.js:177:6765)
	at MessagePortMain.emit (node:events:514:28)
	at MessagePortMain.emit (node:domain:488:12)
	at MessagePortMain._internalPort.emit (node:electron/js2c/utility_init:2:2285)
2024-07-09 22:50:59.261 [warning] ExtHostTextEditorOptions 'setCursorStyle' failed:'
2024-07-09 22:50:59.261 [warning] Illegal argument: TextEditor(vs.editor.ICodeEditor:1,$model6)
2024-07-09 22:51:24.337 [warning] ExtHostTextEditorOptions 'setCursorStyle' failed:'
2024-07-09 22:51:24.337 [warning] Illegal argument: TextEditor(vs.editor.ICodeEditor:1,$model13)
2024-07-09 22:51:25.385 [info] Extension host terminating: renderer closed the MessagePort
2024-07-09 22:51:25.428 [info] Extension host with pid 6570 exiting with code 0
