2024-07-12 19:16:03.464 [info] Extension host with pid 1965 started
2024-07-12 19:16:03.464 [info] Skipping acquiring lock for /home/zukkini/.config/Code - OSS/User/workspaceStorage/7abd69e5419f1f5d00e0deeff3865a7b.
2024-07-12 19:16:03.702 [info] ExtensionService#_doActivateExtension vscode.emmet, startup: false, activationEvent: 'onLanguage'
2024-07-12 19:16:03.711 [info] ExtensionService#_doActivateExtension vscode.typescript-language-features, startup: false, activationEvent: 'onLanguage:javascript'
2024-07-12 19:16:03.750 [info] ExtensionService#_doActivateExtension biomejs.biome, startup: false, activationEvent: 'onLanguage:javascript'
2024-07-12 19:16:04.608 [info] ExtensionService#_doActivateExtension vscode.git-base, startup: true, activationEvent: '*', root cause: vscode.git
2024-07-12 19:16:04.614 [info] ExtensionService#_doActivateExtension serafeim.goto-previous-buffer, startup: true, activationEvent: '*'
2024-07-12 19:16:04.617 [info] ExtensionService#_doActivateExtension silverquark.dancehelix, startup: true, activationEvent: '*'
2024-07-12 19:16:04.751 [info] ExtensionService#_doActivateExtension vscode.git, startup: true, activationEvent: '*'
2024-07-12 19:16:04.798 [info] ExtensionService#_doActivateExtension vscode.github, startup: true, activationEvent: '*'
2024-07-12 19:16:04.879 [info] Eager extensions activated
2024-07-12 19:16:04.912 [info] ExtensionService#_doActivateExtension vscode.debug-auto-launch, startup: false, activationEvent: 'onStartupFinished'
2024-07-12 19:16:04.915 [info] ExtensionService#_doActivateExtension vscode.merge-conflict, startup: false, activationEvent: 'onStartupFinished'
2024-07-12 19:16:04.927 [info] ExtensionService#_doActivateExtension Codeium.codeium, startup: false, activationEvent: 'onStartupFinished'
2024-07-12 19:38:21.669 [info] ExtensionService#_doActivateExtension vscode.configuration-editing, startup: false, activationEvent: 'onLanguage:jsonc'
2024-07-12 19:38:21.676 [info] ExtensionService#_doActivateExtension vscode.json-language-features, startup: false, activationEvent: 'onLanguage:jsonc'
2024-07-12 19:39:05.082 [warning] vscode.json-language-features - Code actions of kind 'quickfix' requested but returned code action is of kind 'source.sort.json'. Code action will be dropped. Please check 'CodeActionContext.only' to only return requested code actions.
2024-07-12 19:41:45.103 [warning] ExtHostTextEditorOptions 'setCursorStyle' failed:'
2024-07-12 19:41:45.103 [warning] Illegal argument: TextEditor(vs.editor.ICodeEditor:1,$model3)
2024-07-12 19:44:06.985 [info] Extension host terminating: renderer closed the MessagePort
2024-07-12 19:44:07.018 [info] Extension host with pid 1965 exiting with code 0
