(VSCode) 2024-07-04 15:12:59.534 [INFO]: No proxy settings found
(VSCode) 2024-07-04 15:13:00.776 [INFO]: Creating manager directory: /tmp/0c4e030e-aa92-47be-a67c-9f2e5f7e2ef0/codeium/manager
(VSCode) 2024-07-04 15:13:01.356 [INFO]: Using cached LS with valid crc32: /home/zukkini/.vscode-oss/extensions/codeium.codeium-1.8.73-universal/dist/6cdf138621c60b5ad2a4202883779040e4f63a40/language_server_linux_x64
(VSCode) 2024-07-04 15:13:01.364 [INFO]: Language server started
I0704 15:13:01.524985 28680 main.go:605] Starting language server manager with pid 28680
I0704 15:13:01.525167 28680 main.go:112] Manager acquired its lock file /tmp/0c4e030e-aa92-47be-a67c-9f2e5f7e2ef0/codeium/manager/locks/manager.lock
I0704 15:13:01.525730 28680 main.go:250] Waiting for random port file in /tmp/0c4e030e-aa92-47be-a67c-9f2e5f7e2ef0/codeium/manager/child_random_port_1720095181525292509_2390362479933478480 to be created
I0704 15:13:01.675631 28694 main.go:599] Starting language server process with pid 28694
I0704 15:13:01.675718 28694 server.go:156] Language server will attempt to listen on host 127.0.0.1
I0704 15:13:01.675866 28694 server.go:163] Language server listening on random port at 43527
I0704 15:13:01.675961 28694 proxy.go:113] proxyplease.proxy> No proxy provided. Attempting to infer from system.
I0704 15:13:01.675999 28694 proxy.go:113] proxyplease.proxy> No proxy could be determined. Assuming a direct connection.
I0704 15:13:01.676045 28694 client.go:589] [DEBUG] GET https://server.codeium.com/exa.api_server_pb.ApiServerService/GetCompletions
I0704 15:13:02.198005 28694 unleash.go:90] Initializing Unleash
I0704 15:13:02.629265 28694 unleash.go:110] Successfully initialized Unleash
E0704 15:13:02.658451 28694 client_manager.go:270] Metadata is nil when trying to refresh user JWT
I0704 15:13:03.091733 28694 server.go:355] Successfully created API server client
I0704 15:13:03.172735 28694 server.go:364] Successfully initialized tokenizer
I0704 15:13:03.285090 28694 server.go:473] Local search is enabled, will index local files.
I0704 15:13:03.285143 28694 server.go:477] Using 3 indexer workers
I0704 15:13:03.285208 28694 search_provider.go:201] Using database at /home/zukkini/.codeium/database/9c0694567290725d9dcba14ade58e297/2/MODEL_EMBED_6591
I0704 15:13:03.292636 28694 search_provider.go:215] Successfully created embedding search database in 7ms
I0704 15:13:03.292961 28694 indexer.go:225] Using 12 embed workers
I0704 15:13:03.293035 28694 search_provider.go:240] Successfully created and started indexer
I0704 15:13:03.293080 28694 search_provider.go:266] Successfully created embedding search provider
I0704 15:13:03.293094 28694 server.go:516] Successfully created exact search provider
I0704 15:13:03.319091 28694 server.go:546] Successfully created completion provider
I0704 15:13:03.319367 28694 server.go:595] Child process attempting to acquire lock file /tmp/0c4e030e-aa92-47be-a67c-9f2e5f7e2ef0/codeium/manager/locks/child_lock_1720095181525344547_8041095711994349490
I0704 15:13:03.319502 28694 server.go:603] Child process acquired lock file /tmp/0c4e030e-aa92-47be-a67c-9f2e5f7e2ef0/codeium/manager/locks/child_lock_1720095181525344547_8041095711994349490
I0704 15:13:03.329493 28694 server.go:183] LSP listening on random port at 36373
I0704 15:13:03.330268 28694 web_server.go:239] Chat Web Server listening at ws://127.0.0.1:35359
36373
I0704 15:13:03.334659 28680 main.go:286] Language server manager found random server port 43527
I0704 15:13:03.334757 28680 main.go:287] Language server manager found random lsp port 36373
I0704 15:13:03.334839 28680 main.go:294] Language server manager attempting to connect to language server at 127.0.0.1:43527
I0704 15:13:03.360905 28680 main.go:165] Fixing language server port at 43527
I0704 15:13:03.360934 28680 main.go:345] Language server manager successfully connected to new language server at 127.0.0.1:43527
(VSCode) 2024-07-04 15:13:03.382 [INFO]: Found language server running on port 43527
(VSCode) 2024-07-04 15:13:03.396 [INFO]: Downloaded binary: /home/zukkini/.codeium/bin/af6b6c543b224d348a8876f0c06245d9ea7929c5/ripgrep_linux_x64
I0704 15:13:03.412760 28694 utils.go:182] Analyzing workspace files for /home/zukkini/test/
I0704 15:13:03.413016 28694 utils.go:242] Done analyzing workspace files for /home/zukkini/test/
I0704 15:13:03.413030 28694 lsp.go:208] Found 3 files in workspace /home/zukkini/test/
I0704 15:13:03.413097 28694 lsp.go:232] Adding workspace listener for [0xc0002dd420]
I0704 15:13:03.413145 28694 indexing_listener.go:195] Add workspace event with uid 1 for workspace /home/zukkini/test/
I0704 15:13:03.413249 28694 indexing_listener.go:235] Done enqueue workspace with uid 1
I0704 15:13:03.418502 28694 rpcs_miscellaneous.go:118] Ripgrep available at /home/zukkini/.codeium/bin/af6b6c543b224d348a8876f0c06245d9ea7929c5/ripgrep_linux_x64
I0704 15:13:03.420183 28694 lazy_model.go:29] Successfully created faiss index
I0704 15:13:03.524044 28694 rpcs_miscellaneous.go:312] University version is up to date.
(VSCode) 2024-07-04 15:13:18.204 [INFO]: Disposing language server process
(VSCode) 2024-07-04 15:13:18.204 [INFO]: Deleting manager directory: /tmp/0c4e030e-aa92-47be-a67c-9f2e5f7e2ef0/codeium/manager
(VSCode) 2024-07-04 15:13:18.206 [INFO]: Successfully disposed language server
W0704 15:13:18.204367 28680 main.go:116] Language server manager got signal terminated, shutting down
